[2026-04-09T21:02:12.712Z] [scheduler] Loaded 12 posts from posts.json
[2026-04-09T21:02:12.713Z] 🔄 [scheduler] RESET_POSTS is enabled - starting from post 1
[2026-04-09T21:02:12.714Z] [scheduler] Found next post to post: Post #1
[2026-04-09T21:02:27.851Z] [captcha] Checking for CAPTCHA…
[2026-04-09T21:02:28.405Z] [session] Attempting auto-login...
[2026-04-09T21:02:30.416Z] [login] ====== AUTO-LOGIN ATTEMPT ======
[2026-04-09T21:02:30.416Z] [login] Looking for Continue button...
[2026-04-09T21:02:30.422Z] [login] Trying alternative selectors...
[2026-04-09T21:02:30.423Z] [login] XPath method failed: page.$x is not a function
[2026-04-09T21:02:30.423Z] [login] Trying Tab + Enter method...
[2026-04-09T21:02:30.426Z] [login] ====== Looking for Login Form ======
[2026-04-09T21:02:31.471Z] [login] No password field found - already logged in
[2026-04-09T21:02:31.472Z] [login] ====== AUTO-LOGIN COMPLETE ======
[2026-04-09T21:02:41.598Z] [session] Cookies saved to session.json
[2026-04-09T21:02:41.599Z] [multi-group] Posting to 19 group(s).
[2026-04-09T21:02:41.835Z] 
======================================================================
[2026-04-09T21:02:41.851Z] 📝 POST #1 START TIME: 2:02:41 AM
[2026-04-09T21:02:41.871Z] ======================================================================
[2026-04-09T21:02:41.873Z] 
[group 1/19] https://www.facebook.com/groups/225542072815842
[2026-04-09T21:02:41.883Z] ⏱️  [timer] Group 1 total time started
[2026-04-09T21:02:42.251Z] [group 1] Opening in new tab...
[2026-04-09T21:02:42.251Z] ⏱️  [timer] Group 1 navigation started
[2026-04-09T21:02:48.140Z] ✓ [timer] Group 1 navigation - took 5.89s
[2026-04-09T21:02:50.144Z] [login] ====== AUTO-LOGIN ATTEMPT ======
[2026-04-09T21:02:50.144Z] [login] Looking for Continue button...
[2026-04-09T21:02:50.148Z] [login] Trying alternative selectors...
[2026-04-09T21:02:50.149Z] [login] XPath method failed: page.$x is not a function
[2026-04-09T21:02:50.149Z] [login] Trying Tab + Enter method...
[2026-04-09T21:02:50.151Z] [login] ====== Looking for Login Form ======
[2026-04-09T21:02:51.180Z] [login] ✅ Password field found with selector: input[name="pass"]
[2026-04-09T21:02:51.181Z] [login] Filling password: DSWMike2026***
[2026-04-09T21:02:51.193Z] [login] ✅ Password filled successfully
[2026-04-09T21:02:51.705Z] [login] Looking for Log in button...
[2026-04-09T21:02:51.736Z] [login] ✅ Log in clicked
[2026-04-09T21:02:56.747Z] [login] ====== AUTO-LOGIN COMPLETE ======
[2026-04-09T21:02:56.749Z] ⏱️  [timer] Group 1 captcha started
[2026-04-09T21:02:56.749Z] [captcha] Checking for CAPTCHA…
[2026-04-09T21:02:57.259Z] ✓ [timer] Group 1 captcha - took 0.51s
[2026-04-09T21:02:57.261Z] WARNING: 
>>> Session expired, or Facebook asked you to log in again.
>>> Please log in again in the browser.
