[2026-04-10T17:56:06.013Z] [scheduler] Loaded 12 posts from posts.json
[2026-04-10T17:56:06.013Z] 🔄 [scheduler] RESET_POSTS is enabled - starting from post 1
[2026-04-10T17:56:06.014Z] [scheduler] Found next post to post: Post #1
[2026-04-10T17:56:18.455Z] [captcha] Checking for CAPTCHA…
[2026-04-10T17:56:19.027Z] [session] Attempting auto-login...
[2026-04-10T17:56:21.038Z] [login] ====== AUTO-LOGIN ATTEMPT ======
[2026-04-10T17:56:21.039Z] [login] ====== STEP 1: Looking for Email Field ======
[2026-04-10T17:56:21.093Z] [login] Email field not immediately visible
[2026-04-10T17:56:21.094Z] [login] ====== STEP 2: Looking for Continue Button ======
[2026-04-10T17:56:21.718Z] [login] ====== STEP 3: Looking for Password Field ======
[2026-04-10T17:56:23.729Z] [login] No password field found - already logged in or unexpected state
[2026-04-10T17:56:23.729Z] [login] ====== AUTO-LOGIN COMPLETE ======
[2026-04-10T17:56:32.120Z] [session] Cookies saved to session.json
[2026-04-10T17:56:32.122Z] [multi-group] Posting to 19 group(s).
[2026-04-10T17:56:32.329Z] 
======================================================================
[2026-04-10T17:56:32.411Z] 📝 POST #1 START TIME: 10:56:32 PM
[2026-04-10T17:56:32.497Z] ======================================================================
[2026-04-10T17:56:32.542Z] 
[group 1/19] https://www.facebook.com/groups/225542072815842
[2026-04-10T17:56:32.605Z] ⏱️  [timer] Group 1 total time started
[2026-04-10T17:56:33.162Z] [group 1] Opening in new tab...
[2026-04-10T17:56:33.163Z] ⏱️  [timer] Group 1 navigation started
[2026-04-10T17:56:38.347Z] ✓ [timer] Group 1 navigation - took 5.18s
[2026-04-10T17:56:40.362Z] [login] ====== AUTO-LOGIN ATTEMPT ======
[2026-04-10T17:56:40.363Z] [login] ====== STEP 1: Looking for Email Field ======
[2026-04-10T17:56:40.385Z] [login] ✅ Email field found, filling with: ManagedMindset21@gmail.com
[2026-04-10T17:56:42.513Z] [login] ✅ Email filled successfully
[2026-04-10T17:56:43.028Z] [login] ====== STEP 2: Looking for Continue Button ======
[2026-04-10T17:56:43.119Z] [login] ====== STEP 3: Looking for Password Field ======
[2026-04-10T17:56:45.126Z] [login] ✅ Password field found: input[name="pass"]
[2026-04-10T17:56:45.563Z] [login] Filling password...
[2026-04-10T17:56:46.343Z] [login] ✅ Password typed successfully
[2026-04-10T17:56:47.350Z] [login] ====== STEP 4: Looking for Log In Button ======
[2026-04-10T17:56:47.359Z] [login] ✅ Log in button clicked
[2026-04-10T17:56:52.374Z] [login] ====== AUTO-LOGIN COMPLETE ======
[2026-04-10T17:56:52.376Z] ⏱️  [timer] Group 1 captcha started
[2026-04-10T17:56:52.376Z] [captcha] Checking for CAPTCHA…
[2026-04-10T17:56:52.889Z] ✓ [timer] Group 1 captcha - took 0.51s
[2026-04-10T17:56:52.897Z] [group 1] Opening composer...
[2026-04-10T17:56:52.897Z] ⏱️  [timer] Group 1 composer open started
[2026-04-10T17:57:01.509Z] ✓ [timer] Group 1 composer open - took 8.61s
[2026-04-10T17:57:05.572Z] [group 1] 🖼️  Selecting image from dir: C:\Users\hp\Downloads\Micheal FB bot\Micheal FB bot\images
[2026-04-10T17:57:05.575Z] [group 1] 📤 Selected image file: C:\Users\hp\Downloads\Micheal FB bot\Micheal FB bot\images\BPC_01_Red_Bold.png
[2026-04-10T17:57:05.576Z] [group 1] 📄 File exists: true
[2026-04-10T17:57:05.576Z] ⏱️  [timer] Group 1 image upload started
[2026-04-10T17:57:05.588Z] [group 1] File input found, uploading: C:\Users\hp\Downloads\Micheal FB bot\Micheal FB bot\images\BPC_01_Red_Bold.png
[2026-04-10T17:57:05.621Z] [group 1] ✅ uploadFile() succeeded
[2026-04-10T17:57:05.621Z] [group 1] ⏳ Waiting 15s for image processing...
[2026-04-10T17:57:20.639Z] [group 1] ✅ Image preview detected
[2026-04-10T17:57:20.639Z] ✓ [timer] Group 1 image upload - took 15.06s
[2026-04-10T17:57:20.639Z] [group 1] Checking page stability before typing...
[2026-04-10T17:57:20.655Z] [group 1] ✅ Composer is ready, proceeding with message
[2026-04-10T17:57:23.665Z] [group 1] Typing message...
[2026-04-10T17:57:23.665Z] ⏱️  [timer] Group 1 typing started
[2026-04-10T17:57:23.671Z] [compose] Strategy 1 — keyboard typing…
[2026-04-10T17:57:47.217Z] ERROR: [group 1] Error during typing: Protocol error (Input.dispatchKeyEvent): Target closed
[2026-04-10T17:57:47.217Z] ERROR: ❌ [group 1] Error posting: Protocol error (Input.dispatchKeyEvent): Target closed
[2026-04-10T17:57:47.217Z] [group 1] Skipping this group and continuing...
