[2026-04-10T14:57:17.833Z] [scheduler] Loaded 12 posts from posts.json
[2026-04-10T14:57:17.834Z] 🔄 [scheduler] RESET_POSTS is enabled - starting from post 1
[2026-04-10T14:57:17.835Z] [scheduler] Found next post to post: Post #1
[2026-04-10T14:57:28.892Z] [captcha] Checking for CAPTCHA…
[2026-04-10T14:57:29.428Z] [session] Attempting auto-login...
[2026-04-10T14:57:31.436Z] [login] ====== AUTO-LOGIN ATTEMPT ======
[2026-04-10T14:57:31.436Z] [login] Looking for Continue button...
[2026-04-10T14:57:31.456Z] [login] Trying alternative selectors...
[2026-04-10T14:57:31.465Z] [login] XPath method failed: page.$x is not a function
[2026-04-10T14:57:31.465Z] [login] Trying Tab + Enter method...
[2026-04-10T14:57:31.477Z] [login] ====== Looking for Login Form ======
[2026-04-10T14:57:32.602Z] [login] No password field found - already logged in
[2026-04-10T14:57:32.602Z] [login] ====== AUTO-LOGIN COMPLETE ======
[2026-04-10T14:57:40.933Z] [session] Cookies saved to session.json
[2026-04-10T14:57:40.933Z] [multi-group] Posting to 19 group(s).
[2026-04-10T14:57:41.092Z] 
======================================================================
[2026-04-10T14:57:41.093Z] 📝 POST #1 START TIME: 7:57:40 PM
[2026-04-10T14:57:41.093Z] ======================================================================
[2026-04-10T14:57:41.093Z] 
[group 1/19] https://www.facebook.com/groups/225542072815842
[2026-04-10T14:57:41.093Z] ⏱️  [timer] Group 1 total time started
[2026-04-10T14:57:41.380Z] [group 1] Opening in new tab...
[2026-04-10T14:57:41.381Z] ⏱️  [timer] Group 1 navigation started
[2026-04-10T14:57:47.844Z] ✓ [timer] Group 1 navigation - took 6.46s
[2026-04-10T14:57:49.848Z] [login] ====== AUTO-LOGIN ATTEMPT ======
[2026-04-10T14:57:49.848Z] [login] Looking for Continue button...
[2026-04-10T14:57:49.853Z] [login] Trying alternative selectors...
[2026-04-10T14:57:49.854Z] [login] XPath method failed: page.$x is not a function
[2026-04-10T14:57:49.854Z] [login] Trying Tab + Enter method...
[2026-04-10T14:57:49.857Z] [login] ====== Looking for Login Form ======
[2026-04-10T14:57:50.885Z] [login] No password field found - already logged in
[2026-04-10T14:57:50.885Z] [login] ====== AUTO-LOGIN COMPLETE ======
[2026-04-10T14:57:50.888Z] ⏱️  [timer] Group 1 captcha started
[2026-04-10T14:57:50.888Z] [captcha] Checking for CAPTCHA…
[2026-04-10T14:57:51.396Z] ✓ [timer] Group 1 captcha - took 0.51s
[2026-04-10T14:57:51.399Z] [group 1] Opening composer...
[2026-04-10T14:57:51.399Z] ⏱️  [timer] Group 1 composer open started
[2026-04-10T14:57:58.134Z] ✓ [timer] Group 1 composer open - took 6.74s
[2026-04-10T14:58:00.934Z] [group 1] 🖼️  Selecting image...
[2026-04-10T14:58:00.937Z] [group 1] 📤 Uploading image: C:\Users\hp\Downloads\Micheal FB bot\Micheal FB bot\images\BPC_01_Red_Bold.png
[2026-04-10T14:58:00.938Z] ⏱️  [timer] Group 1 image upload started
[2026-04-10T14:58:00.938Z] [group 1] Looking for photo button...
[2026-04-10T14:58:00.949Z] [group 1] Waiting for file picker...
[2026-04-10T14:58:00.960Z] [group 1] ✅ File input appeared
[2026-04-10T14:58:00.960Z] [group 1] 📤 Calling uploadFile...
[2026-04-10T14:58:01.002Z] [group 1] ✅ Image file uploaded
[2026-04-10T14:58:04.011Z] ✓ [timer] Group 1 image upload - took 3.07s
[2026-04-10T14:58:04.011Z] [group 1] Typing message...
[2026-04-10T14:58:04.012Z] ⏱️  [timer] Group 1 typing started
[2026-04-10T14:58:04.020Z] [compose] Strategy 1 — keyboard typing…
[2026-04-10T14:58:15.079Z] ERROR: ❌ [group 1] Error posting: Protocol error (Input.dispatchKeyEvent): Session closed. Most likely the page has been closed.
[2026-04-10T14:58:15.098Z] [group 1] Skipping this group and continuing...
[2026-04-10T14:58:20.107Z] ✓ [timer] Group 1 total time - took 39.01s
[2026-04-10T14:58:20.108Z] 
[group 2/19] https://www.facebook.com/groups/321100208080255
[2026-04-10T14:58:20.108Z] ⏱️  [timer] Group 2 total time started
[2026-04-10T14:58:20.108Z] ERROR: ❌ [group 2] Error posting: Protocol error: Connection closed.
[2026-04-10T14:58:20.108Z] [group 2] Skipping this group and continuing...
[2026-04-10T14:58:25.123Z] ✓ [timer] Group 2 total time - took 5.01s
[2026-04-10T14:58:25.123Z] 
[group 3/19] https://www.facebook.com/groups/1616735018616241
[2026-04-10T14:58:25.124Z] ⏱️  [timer] Group 3 total time started
[2026-04-10T14:58:25.124Z] ERROR: ❌ [group 3] Error posting: Protocol error: Connection closed.
[2026-04-10T14:58:25.125Z] [group 3] Skipping this group and continuing...
[2026-04-10T14:58:30.127Z] ✓ [timer] Group 3 total time - took 5.00s
[2026-04-10T14:58:30.127Z] 
[group 4/19] https://www.facebook.com/groups/1207536042690077
[2026-04-10T14:58:30.127Z] ⏱️  [timer] Group 4 total time started
[2026-04-10T14:58:30.128Z] ERROR: ❌ [group 4] Error posting: Protocol error: Connection closed.
[2026-04-10T14:58:30.128Z] [group 4] Skipping this group and continuing...
[2026-04-10T14:58:35.143Z] ✓ [timer] Group 4 total time - took 5.01s
[2026-04-10T14:58:35.144Z] 
[group 5/19] https://www.facebook.com/groups/daytonohioofficalgroup
[2026-04-10T14:58:35.145Z] ⏱️  [timer] Group 5 total time started
[2026-04-10T14:58:35.146Z] ERROR: ❌ [group 5] Error posting: Protocol error: Connection closed.
[2026-04-10T14:58:35.147Z] [group 5] Skipping this group and continuing...
