[2026-04-10T21:31:48.135Z] [scheduler] Loaded 12 posts from posts.json
[2026-04-10T21:31:48.136Z] 🔄 [scheduler] RESET_POSTS is enabled - starting from post 1
[2026-04-10T21:31:48.136Z] [scheduler] Found next post: Post #1
[2026-04-10T21:32:08.725Z] [captcha] Checking for CAPTCHA…
[2026-04-10T21:32:09.249Z] [session] Attempting auto-login...
[2026-04-10T21:32:09.250Z] [login] ====== AUTO-LOGIN ATTEMPT ======
[2026-04-10T21:32:09.253Z] [login] Already logged in.
[2026-04-10T21:32:18.395Z] [session] Cookies saved to session.json
[2026-04-10T21:32:18.396Z] [multi-group] Posting to 19 group(s).
[2026-04-10T21:32:18.397Z] 
======================================================================
[2026-04-10T21:32:18.614Z] 📝 POST #1 START TIME: 2:32:18 AM
[2026-04-10T21:32:18.615Z] ======================================================================
[2026-04-10T21:32:18.616Z] 
[group 1/19] https://www.facebook.com/groups/225542072815842
[2026-04-10T21:32:18.621Z] ⏱️  [timer] Group 1 total time started
[2026-04-10T21:32:19.039Z] [group 1] Opening in new tab...
[2026-04-10T21:32:19.041Z] ⏱️  [timer] Group 1 navigation started
[2026-04-10T21:32:26.049Z] ✓ [timer] Group 1 navigation - took 7.01s
[2026-04-10T21:32:26.050Z] [login] ====== AUTO-LOGIN ATTEMPT ======
[2026-04-10T21:32:26.052Z] [login] Already logged in.
[2026-04-10T21:32:26.055Z] ⏱️  [timer] Group 1 captcha started
[2026-04-10T21:32:26.056Z] [captcha] Checking for CAPTCHA…
[2026-04-10T21:32:26.569Z] ✓ [timer] Group 1 captcha - took 0.51s
[2026-04-10T21:32:26.572Z] [group 1] Opening composer...
[2026-04-10T21:32:26.572Z] ⏱️  [timer] Group 1 composer open started
[2026-04-10T21:32:27.920Z] ✓ [timer] Group 1 composer open - took 1.35s
[2026-04-10T21:32:32.327Z] [images] Resolved image dir: C:\Users\hp\Downloads\Micheal FB bot\Micheal FB bot\images
[2026-04-10T21:32:32.330Z] [images] Found 8 image(s): ["C:\\Users\\hp\\Downloads\\Micheal FB bot\\Micheal FB bot\\images\\BPC_01_Red_Bold.jpg","C:\\Users\\hp\\Downloads\\Micheal FB bot\\Micheal FB bot\\images\\BPC_02_Navy_Gold.jpg","C:\\Users\\hp\\Downloads\\Micheal FB bot\\Micheal FB bot\\images\\BPC_03_Teal_Modern.jpg","C:\\Users\\hp\\Downloads\\Micheal FB bot\\Micheal FB bot\\images\\BPC_04_Black_Yellow.jpg","C:\\Users\\hp\\Downloads\\Micheal FB bot\\Micheal FB bot\\images\\BPC_05_Warm_Earthy.jpg","C:\\Users\\hp\\Downloads\\Micheal FB bot\\Micheal FB bot\\images\\BPC_06_Sage_Section8.jpg","C:\\Users\\hp\\Downloads\\Micheal FB bot\\Micheal FB bot\\images\\BPC_07_Orange_Dark.jpg","C:\\Users\\hp\\Downloads\\Micheal FB bot\\Micheal FB bot\\images\\BPC_08_Steel_Blue.jpg"]
[2026-04-10T21:32:32.330Z] [images] postId=1 → index=0 → C:\Users\hp\Downloads\Micheal FB bot\Micheal FB bot\images\BPC_01_Red_Bold.jpg
[2026-04-10T21:32:32.331Z] [group 1] Typing message...
[2026-04-10T21:32:32.331Z] ⏱️  [timer] Group 1 typing started
[2026-04-10T21:32:32.338Z] [compose] Strategy 1 — keyboard typing…
[2026-04-10T21:33:54.172Z] [compose] Keyboard typing succeeded.
[2026-04-10T21:33:54.172Z] ✓ [timer] Group 1 typing - took 81.84s
[2026-04-10T21:33:54.176Z] ⏱️  [timer] Group 1 image upload started
[2026-04-10T21:33:54.177Z] [group 1] 🖼️  Starting image upload: C:\Users\hp\Downloads\Micheal FB bot\Micheal FB bot\images\BPC_01_Red_Bold.jpg
[2026-04-10T21:33:54.210Z] [group 1] File inputs before photo click: 5
[2026-04-10T21:33:54.340Z] [group 1] ✅ File chooser accepted via selector: [role="dialog"] [role="button"][aria-label*="photo" i]
[2026-04-10T21:33:58.017Z] ERROR: ❌ [group 1] Error: Attempted to use detached Frame 'F5A9CE806BA56CADB7195D22832B7620'.
[2026-04-10T21:33:58.018Z] [group 1] Skipping and continuing...
[2026-04-10T21:33:58.018Z] [group 1] Waiting 15s to recover...
