[2026-04-16T19:59:30.728Z] [scheduler] Loaded 12 posts from posts.json
[2026-04-16T19:59:30.730Z] 🔄 [scheduler] RESET_POSTS is enabled - starting from post 1
[2026-04-16T19:59:30.731Z] [scheduler] Found next post: Post #1
[2026-04-16T20:00:11.559Z] [captcha] Checking for CAPTCHA…
[2026-04-16T20:00:12.869Z] [captcha] Navigation in progress while checking image CAPTCHA. Skipping this round.
[2026-04-16T20:00:12.869Z] [session] Attempting auto-login...
[2026-04-16T20:00:12.870Z] [login] ====== AUTO-LOGIN ATTEMPT ======
[2026-04-16T20:00:12.877Z] [login] Already logged in.
[2026-04-16T20:00:27.377Z] [session] Cookies saved to session.json
[2026-04-16T20:00:27.378Z] [multi-group] Posting to 19 group(s).
[2026-04-16T20:00:27.378Z] 
======================================================================
[2026-04-16T20:00:27.703Z] 📝 POST #1 START TIME: 1:00:27 AM
[2026-04-16T20:00:27.703Z] ======================================================================
[2026-04-16T20:00:27.704Z] 
[group 1/19] https://www.facebook.com/groups/225542072815842
[2026-04-16T20:00:27.704Z] ⏱️  [timer] Group 1 total time started
[2026-04-16T20:00:28.272Z] [group 1] Opening in new tab...
[2026-04-16T20:00:28.272Z] ⏱️  [timer] Group 1 navigation started
[2026-04-16T20:00:44.354Z] WARNING: [group 1] Navigation attempt 1/2 failed: Navigating frame was detached
