[2026-04-10T15:09:16.152Z] [scheduler] Loaded 12 posts from posts.json
[2026-04-10T15:09:16.153Z] 🔄 [scheduler] RESET_POSTS is enabled - starting from post 1
[2026-04-10T15:09:16.153Z] [scheduler] Found next post to post: Post #1
[2026-04-10T15:09:27.013Z] [captcha] Checking for CAPTCHA…
[2026-04-10T15:09:27.552Z] [session] Attempting auto-login...
[2026-04-10T15:09:29.562Z] [login] ====== AUTO-LOGIN ATTEMPT ======
[2026-04-10T15:09:29.563Z] [login] Looking for Continue button...
[2026-04-10T15:09:29.567Z] [login] Trying alternative selectors...
[2026-04-10T15:09:29.568Z] [login] XPath method failed: page.$x is not a function
[2026-04-10T15:09:29.569Z] [login] Trying Tab + Enter method...
[2026-04-10T15:09:29.579Z] [login] ====== Looking for Login Form ======
[2026-04-10T15:09:30.614Z] [login] No password field found - already logged in
[2026-04-10T15:09:30.615Z] [login] ====== AUTO-LOGIN COMPLETE ======
[2026-04-10T15:09:38.406Z] [session] Cookies saved to session.json
[2026-04-10T15:09:38.406Z] [multi-group] Posting to 19 group(s).
[2026-04-10T15:09:38.470Z] 
======================================================================
[2026-04-10T15:09:38.472Z] 📝 POST #1 START TIME: 8:09:38 PM
[2026-04-10T15:09:38.475Z] ======================================================================
[2026-04-10T15:09:38.476Z] 
[group 1/19] https://www.facebook.com/groups/225542072815842
[2026-04-10T15:09:38.476Z] ⏱️  [timer] Group 1 total time started
[2026-04-10T15:09:38.777Z] [group 1] Opening in new tab...
[2026-04-10T15:09:38.777Z] ⏱️  [timer] Group 1 navigation started
[2026-04-10T15:09:47.519Z] ✓ [timer] Group 1 navigation - took 8.74s
[2026-04-10T15:09:49.521Z] [login] ====== AUTO-LOGIN ATTEMPT ======
[2026-04-10T15:09:49.521Z] [login] Looking for Continue button...
[2026-04-10T15:09:49.526Z] [login] Trying alternative selectors...
[2026-04-10T15:09:49.527Z] [login] XPath method failed: page.$x is not a function
[2026-04-10T15:09:49.527Z] [login] Trying Tab + Enter method...
[2026-04-10T15:09:49.530Z] [login] ====== Looking for Login Form ======
[2026-04-10T15:09:50.560Z] [login] No password field found - already logged in
[2026-04-10T15:09:50.561Z] [login] ====== AUTO-LOGIN COMPLETE ======
[2026-04-10T15:09:50.562Z] ⏱️  [timer] Group 1 captcha started
[2026-04-10T15:09:50.563Z] [captcha] Checking for CAPTCHA…
[2026-04-10T15:09:51.078Z] ✓ [timer] Group 1 captcha - took 0.52s
[2026-04-10T15:09:51.081Z] [group 1] Opening composer...
[2026-04-10T15:09:51.081Z] ⏱️  [timer] Group 1 composer open started
[2026-04-10T15:09:59.116Z] ✓ [timer] Group 1 composer open - took 8.04s
[2026-04-10T15:10:02.924Z] [group 1] 🖼️  Selecting image...
[2026-04-10T15:10:02.930Z] [group 1] 📤 Image path: C:\Users\hp\Downloads\Micheal FB bot\Micheal FB bot\images\BPC_01_Red_Bold.png
[2026-04-10T15:10:02.931Z] WARNING: [group 1] ⚠️ Error: require is not defined
[2026-04-10T15:10:02.932Z] [group 1] Typing message...
[2026-04-10T15:10:02.932Z] ⏱️  [timer] Group 1 typing started
[2026-04-10T15:10:02.940Z] [compose] Strategy 1 — keyboard typing…
[2026-04-10T15:11:23.613Z] [compose] Keyboard typing succeeded.
[2026-04-10T15:11:23.614Z] ✓ [timer] Group 1 typing - took 80.68s
[2026-04-10T15:11:28.617Z] [group 1] Submitting post...
[2026-04-10T15:11:28.617Z] ⏱️  [timer] Group 1 submit started
[2026-04-10T15:11:31.918Z] ERROR: ❌ [group 1] Error posting: Attempted to use detached Frame '14AC8CF906D78AB42CE41456D64B82A3'.
[2026-04-10T15:11:31.918Z] [group 1] Skipping this group and continuing...
[2026-04-10T15:11:36.934Z] ✓ [timer] Group 1 total time - took 118.46s
[2026-04-10T15:11:36.934Z] 
[group 2/19] https://www.facebook.com/groups/321100208080255
[2026-04-10T15:11:36.935Z] ⏱️  [timer] Group 2 total time started
[2026-04-10T15:11:36.935Z] ERROR: ❌ [group 2] Error posting: Protocol error: Connection closed.
[2026-04-10T15:11:36.935Z] [group 2] Skipping this group and continuing...
[2026-04-10T15:11:41.936Z] ✓ [timer] Group 2 total time - took 5.00s
[2026-04-10T15:11:41.936Z] 
[group 3/19] https://www.facebook.com/groups/1616735018616241
[2026-04-10T15:11:41.936Z] ⏱️  [timer] Group 3 total time started
[2026-04-10T15:11:41.937Z] ERROR: ❌ [group 3] Error posting: Protocol error: Connection closed.
[2026-04-10T15:11:41.937Z] [group 3] Skipping this group and continuing...
[2026-04-10T15:11:46.941Z] ✓ [timer] Group 3 total time - took 5.00s
[2026-04-10T15:11:46.941Z] 
[group 4/19] https://www.facebook.com/groups/1207536042690077
[2026-04-10T15:11:46.941Z] ⏱️  [timer] Group 4 total time started
[2026-04-10T15:11:46.942Z] ERROR: ❌ [group 4] Error posting: Protocol error: Connection closed.
[2026-04-10T15:11:46.942Z] [group 4] Skipping this group and continuing...
[2026-04-10T15:11:51.944Z] ✓ [timer] Group 4 total time - took 5.00s
[2026-04-10T15:11:51.944Z] 
[group 5/19] https://www.facebook.com/groups/daytonohioofficalgroup
[2026-04-10T15:11:51.944Z] ⏱️  [timer] Group 5 total time started
[2026-04-10T15:11:51.944Z] ERROR: ❌ [group 5] Error posting: Protocol error: Connection closed.
[2026-04-10T15:11:51.944Z] [group 5] Skipping this group and continuing...
[2026-04-10T15:11:56.951Z] ✓ [timer] Group 5 total time - took 5.01s
[2026-04-10T15:11:56.951Z] 
[group 6/19] https://www.facebook.com/groups/352269745902233
[2026-04-10T15:11:56.952Z] ⏱️  [timer] Group 6 total time started
[2026-04-10T15:11:56.952Z] ERROR: ❌ [group 6] Error posting: Protocol error: Connection closed.
[2026-04-10T15:11:56.952Z] [group 6] Skipping this group and continuing...
[2026-04-10T15:12:01.954Z] ✓ [timer] Group 6 total time - took 5.00s
[2026-04-10T15:12:01.955Z] 
[group 7/19] https://www.facebook.com/groups/134313067284410
[2026-04-10T15:12:01.955Z] ⏱️  [timer] Group 7 total time started
[2026-04-10T15:12:01.955Z] ERROR: ❌ [group 7] Error posting: Protocol error: Connection closed.
[2026-04-10T15:12:01.955Z] [group 7] Skipping this group and continuing...
[2026-04-10T15:12:06.968Z] ✓ [timer] Group 7 total time - took 5.01s
[2026-04-10T15:12:06.968Z] 
[group 8/19] https://www.facebook.com/groups/1607253266228607
[2026-04-10T15:12:06.969Z] ⏱️  [timer] Group 8 total time started
[2026-04-10T15:12:06.969Z] ERROR: ❌ [group 8] Error posting: Protocol error: Connection closed.
[2026-04-10T15:12:06.969Z] [group 8] Skipping this group and continuing...
[2026-04-10T15:12:11.972Z] ✓ [timer] Group 8 total time - took 5.00s
[2026-04-10T15:12:11.973Z] 
[group 9/19] https://www.facebook.com/groups/573120166202117
[2026-04-10T15:12:11.973Z] ⏱️  [timer] Group 9 total time started
[2026-04-10T15:12:11.973Z] ERROR: ❌ [group 9] Error posting: Protocol error: Connection closed.
[2026-04-10T15:12:11.973Z] [group 9] Skipping this group and continuing...
[2026-04-10T15:12:16.980Z] ✓ [timer] Group 9 total time - took 5.01s
[2026-04-10T15:12:16.980Z] 
[group 10/19] https://www.facebook.com/groups/2055489764565301
[2026-04-10T15:12:16.980Z] ⏱️  [timer] Group 10 total time started
[2026-04-10T15:12:16.981Z] ERROR: ❌ [group 10] Error posting: Protocol error: Connection closed.
[2026-04-10T15:12:16.981Z] [group 10] Skipping this group and continuing...
[2026-04-10T15:12:21.996Z] ✓ [timer] Group 10 total time - took 5.02s
[2026-04-10T15:12:21.997Z] 
[group 11/19] https://www.facebook.com/groups/589854821079495
[2026-04-10T15:12:21.997Z] ⏱️  [timer] Group 11 total time started
[2026-04-10T15:12:21.997Z] ERROR: ❌ [group 11] Error posting: Protocol error: Connection closed.
[2026-04-10T15:12:21.998Z] [group 11] Skipping this group and continuing...
[2026-04-10T15:12:27.004Z] ✓ [timer] Group 11 total time - took 5.01s
[2026-04-10T15:12:27.004Z] 
[group 12/19] https://www.facebook.com/groups/daytonohionews
[2026-04-10T15:12:27.005Z] ⏱️  [timer] Group 12 total time started
[2026-04-10T15:12:27.005Z] ERROR: ❌ [group 12] Error posting: Protocol error: Connection closed.
[2026-04-10T15:12:27.005Z] [group 12] Skipping this group and continuing...
[2026-04-10T15:12:32.010Z] ✓ [timer] Group 12 total time - took 5.01s
[2026-04-10T15:12:32.010Z] 
[group 13/19] https://www.facebook.com/groups/1063689851195913
[2026-04-10T15:12:32.011Z] ⏱️  [timer] Group 13 total time started
[2026-04-10T15:12:32.011Z] ERROR: ❌ [group 13] Error posting: Protocol error: Connection closed.
[2026-04-10T15:12:32.011Z] [group 13] Skipping this group and continuing...
[2026-04-10T15:12:37.024Z] ✓ [timer] Group 13 total time - took 5.01s
[2026-04-10T15:12:37.024Z] 
[group 14/19] https://www.facebook.com/groups/trotwoodfriends
[2026-04-10T15:12:37.025Z] ⏱️  [timer] Group 14 total time started
[2026-04-10T15:12:37.025Z] ERROR: ❌ [group 14] Error posting: Protocol error: Connection closed.
[2026-04-10T15:12:37.025Z] [group 14] Skipping this group and continuing...
[2026-04-10T15:12:42.036Z] ✓ [timer] Group 14 total time - took 5.01s
[2026-04-10T15:12:42.037Z] 
[group 15/19] https://www.facebook.com/groups/299931344393332
[2026-04-10T15:12:42.037Z] ⏱️  [timer] Group 15 total time started
[2026-04-10T15:12:42.037Z] ERROR: ❌ [group 15] Error posting: Protocol error: Connection closed.
[2026-04-10T15:12:42.037Z] [group 15] Skipping this group and continuing...
[2026-04-10T15:12:47.051Z] ✓ [timer] Group 15 total time - took 5.01s
[2026-04-10T15:12:47.051Z] 
[group 16/19] https://www.facebook.com/groups/711326257584201
[2026-04-10T15:12:47.051Z] ⏱️  [timer] Group 16 total time started
[2026-04-10T15:12:47.052Z] ERROR: ❌ [group 16] Error posting: Protocol error: Connection closed.
[2026-04-10T15:12:47.052Z] [group 16] Skipping this group and continuing...
[2026-04-10T15:12:52.063Z] ✓ [timer] Group 16 total time - took 5.01s
[2026-04-10T15:12:52.063Z] 
[group 17/19] https://www.facebook.com/groups/udlandlordhousing
[2026-04-10T15:12:52.063Z] ⏱️  [timer] Group 17 total time started
[2026-04-10T15:12:52.064Z] ERROR: ❌ [group 17] Error posting: Protocol error: Connection closed.
[2026-04-10T15:12:52.064Z] [group 17] Skipping this group and continuing...
