[2026-04-10T21:41:50.543Z] [scheduler] Loaded 12 posts from posts.json
[2026-04-10T21:41:50.544Z] 🔄 [scheduler] RESET_POSTS is enabled - starting from post 1
[2026-04-10T21:41:50.544Z] [scheduler] Found next post: Post #1
[2026-04-10T21:42:05.869Z] [captcha] Checking for CAPTCHA…
[2026-04-10T21:42:06.412Z] [session] Attempting auto-login...
[2026-04-10T21:42:06.413Z] [login] ====== AUTO-LOGIN ATTEMPT ======
[2026-04-10T21:42:06.416Z] [login] Already logged in.
[2026-04-10T21:42:14.336Z] [session] Cookies saved to session.json
[2026-04-10T21:42:14.340Z] [multi-group] Posting to 19 group(s).
[2026-04-10T21:42:14.341Z] 
======================================================================
[2026-04-10T21:42:14.476Z] 📝 POST #1 START TIME: 2:42:14 AM
[2026-04-10T21:42:14.486Z] ======================================================================
[2026-04-10T21:42:14.487Z] 
[group 1/19] https://www.facebook.com/groups/225542072815842
[2026-04-10T21:42:14.498Z] ⏱️  [timer] Group 1 total time started
[2026-04-10T21:42:14.770Z] [group 1] Opening in new tab...
[2026-04-10T21:42:14.771Z] ⏱️  [timer] Group 1 navigation started
[2026-04-10T21:42:25.153Z] ✓ [timer] Group 1 navigation - took 10.38s
[2026-04-10T21:42:25.153Z] [login] ====== AUTO-LOGIN ATTEMPT ======
[2026-04-10T21:42:25.155Z] [login] Already logged in.
[2026-04-10T21:42:25.159Z] ⏱️  [timer] Group 1 captcha started
[2026-04-10T21:42:25.159Z] [captcha] Checking for CAPTCHA…
[2026-04-10T21:42:25.665Z] ✓ [timer] Group 1 captcha - took 0.51s
[2026-04-10T21:42:25.667Z] [group 1] Opening composer...
[2026-04-10T21:42:25.667Z] ⏱️  [timer] Group 1 composer open started
[2026-04-10T21:42:27.182Z] ✓ [timer] Group 1 composer open - took 1.51s
[2026-04-10T21:42:30.044Z] [images] Resolved image dir: C:\Users\hp\Downloads\Micheal FB bot\Micheal FB bot\images
[2026-04-10T21:42:30.047Z] [images] Found 8 image(s): ["C:\\Users\\hp\\Downloads\\Micheal FB bot\\Micheal FB bot\\images\\BPC_01_Red_Bold.jpg","C:\\Users\\hp\\Downloads\\Micheal FB bot\\Micheal FB bot\\images\\BPC_02_Navy_Gold.jpg","C:\\Users\\hp\\Downloads\\Micheal FB bot\\Micheal FB bot\\images\\BPC_03_Teal_Modern.jpg","C:\\Users\\hp\\Downloads\\Micheal FB bot\\Micheal FB bot\\images\\BPC_04_Black_Yellow.jpg","C:\\Users\\hp\\Downloads\\Micheal FB bot\\Micheal FB bot\\images\\BPC_05_Warm_Earthy.jpg","C:\\Users\\hp\\Downloads\\Micheal FB bot\\Micheal FB bot\\images\\BPC_06_Sage_Section8.jpg","C:\\Users\\hp\\Downloads\\Micheal FB bot\\Micheal FB bot\\images\\BPC_07_Orange_Dark.jpg","C:\\Users\\hp\\Downloads\\Micheal FB bot\\Micheal FB bot\\images\\BPC_08_Steel_Blue.jpg"]
[2026-04-10T21:42:30.047Z] [images] postId=1 → index=0 → C:\Users\hp\Downloads\Micheal FB bot\Micheal FB bot\images\BPC_01_Red_Bold.jpg
[2026-04-10T21:42:30.048Z] [group 1] Typing message...
[2026-04-10T21:42:30.048Z] ⏱️  [timer] Group 1 typing started
[2026-04-10T21:42:30.055Z] [compose] Strategy 1 — keyboard typing…
[2026-04-10T21:43:50.478Z] [compose] Keyboard typing succeeded.
[2026-04-10T21:43:50.479Z] ✓ [timer] Group 1 typing - took 80.43s
[2026-04-10T21:43:50.482Z] ⏱️  [timer] Group 1 image upload started
[2026-04-10T21:43:50.483Z] [group 1] 🖼️  Starting image upload: C:\Users\hp\Downloads\Micheal FB bot\Micheal FB bot\images\BPC_01_Red_Bold.jpg
[2026-04-10T21:43:50.517Z] [group 1] File inputs before photo click: 4
[2026-04-10T21:43:50.661Z] [group 1] ✅ File chooser accepted via selector: [role="dialog"] [role="button"][aria-label*="photo" i]
[2026-04-10T21:43:53.660Z] [group 1] ✅ Image preview confirmed in composer
[2026-04-10T21:43:53.660Z] ✓ [timer] Group 1 image upload - took 3.18s
[2026-04-10T21:44:00.699Z] [group 1] ✅ Image upload settled
[2026-04-10T21:44:00.700Z] [group 1] Submitting post...
[2026-04-10T21:44:00.700Z] ⏱️  [timer] Group 1 submit started
[2026-04-10T21:44:11.796Z] ✓ [timer] Group 1 submit - took 11.10s
[2026-04-10T21:44:11.796Z] [group 1] ✅ Post submitted!
