[2026-04-09T20:01:48.301Z] [scheduler] Loaded 12 posts from posts.json
[2026-04-09T20:01:48.301Z] 🔄 [scheduler] RESET_POSTS is enabled - starting from post 1
[2026-04-09T20:01:48.302Z] [scheduler] Found next post to post: Post #1
[2026-04-09T20:02:04.253Z] [captcha] Checking for CAPTCHA…
[2026-04-09T20:02:04.764Z] [session] Attempting auto-login...
[2026-04-09T20:02:06.771Z] [login] ====== AUTO-LOGIN ATTEMPT ======
[2026-04-09T20:02:06.772Z] [login] Looking for Continue button...
[2026-04-09T20:02:06.776Z] [login] Trying alternative selectors...
[2026-04-09T20:02:06.781Z] [login] XPath method failed: page.$x is not a function
[2026-04-09T20:02:06.781Z] [login] Trying Tab + Enter method...
[2026-04-09T20:02:06.786Z] [login] ====== Looking for Login Form ======
[2026-04-09T20:02:07.825Z] [login] No password field found - already logged in
[2026-04-09T20:02:07.825Z] [login] ====== AUTO-LOGIN COMPLETE ======
[2026-04-09T20:02:15.590Z] [session] Cookies saved to session.json
[2026-04-09T20:02:15.591Z] [multi-group] Posting to 19 group(s).
[2026-04-09T20:02:15.674Z] 
======================================================================
[2026-04-09T20:02:15.675Z] 📝 POST #1 START TIME: 1:02:15 AM
[2026-04-09T20:02:15.675Z] ======================================================================
[2026-04-09T20:02:15.676Z] 
[group 1/19] https://www.facebook.com/groups/225542072815842
[2026-04-09T20:02:15.676Z] ⏱️  [timer] Group 1 total time started
[2026-04-09T20:02:15.985Z] [group 1] Opening in new tab...
[2026-04-09T20:02:15.985Z] ⏱️  [timer] Group 1 navigation started
[2026-04-09T20:02:27.844Z] ✓ [timer] Group 1 navigation - took 11.86s
[2026-04-09T20:02:29.854Z] [login] ====== AUTO-LOGIN ATTEMPT ======
[2026-04-09T20:02:29.854Z] [login] Looking for Continue button...
[2026-04-09T20:02:29.859Z] [login] Trying alternative selectors...
[2026-04-09T20:02:29.860Z] [login] XPath method failed: page.$x is not a function
[2026-04-09T20:02:29.861Z] [login] Trying Tab + Enter method...
[2026-04-09T20:02:29.867Z] [login] ====== Looking for Login Form ======
[2026-04-09T20:02:30.899Z] [login] No password field found - already logged in
[2026-04-09T20:02:30.900Z] [login] ====== AUTO-LOGIN COMPLETE ======
[2026-04-09T20:02:30.901Z] ⏱️  [timer] Group 1 captcha started
[2026-04-09T20:02:30.902Z] [captcha] Checking for CAPTCHA…
[2026-04-09T20:02:31.410Z] ✓ [timer] Group 1 captcha - took 0.51s
[2026-04-09T20:02:31.415Z] [group 1] Opening composer...
[2026-04-09T20:02:31.416Z] ⏱️  [timer] Group 1 composer open started
[2026-04-09T20:02:39.152Z] ✓ [timer] Group 1 composer open - took 7.74s
[2026-04-09T20:02:41.760Z] [group 1] Typing message...
[2026-04-09T20:02:41.761Z] ⏱️  [timer] Group 1 typing started
[2026-04-09T20:02:41.768Z] [compose] Strategy 1 — keyboard typing…
[2026-04-09T20:04:02.661Z] [compose] Keyboard typing succeeded.
[2026-04-09T20:04:02.661Z] ✓ [timer] Group 1 typing - took 80.90s
[2026-04-09T20:04:07.662Z] [group 1] Submitting post...
[2026-04-09T20:04:07.662Z] ⏱️  [timer] Group 1 submit started
[2026-04-09T20:04:12.976Z] ✓ [timer] Group 1 submit - took 5.31s
[2026-04-09T20:04:12.976Z] [group 1] ✅ Post submitted successfully!
[2026-04-09T20:04:17.978Z] [group 1] Waiting 30 seconds before next group...
