[2026-04-13T18:44:00.758Z] [scheduler] Loaded 12 posts from posts.json
[2026-04-13T18:44:00.758Z] 🔄 [scheduler] RESET_POSTS is enabled - starting from post 1
[2026-04-13T18:44:00.758Z] [scheduler] Found next post: Post #1
[2026-04-13T18:44:15.964Z] [captcha] Checking for CAPTCHA…
[2026-04-13T18:44:16.541Z] [session] Attempting auto-login...
[2026-04-13T18:44:16.546Z] [login] ====== AUTO-LOGIN ATTEMPT ======
[2026-04-13T18:44:16.553Z] [login] Already logged in.
[2026-04-13T18:44:28.195Z] [session] Cookies saved to session.json
[2026-04-13T18:44:28.200Z] [multi-group] Posting to 19 group(s).
[2026-04-13T18:44:28.202Z] 
======================================================================
[2026-04-13T18:44:28.375Z] 📝 POST #1 START TIME: 11:44:28 PM
[2026-04-13T18:44:28.376Z] ======================================================================
[2026-04-13T18:44:28.376Z] 
[group 1/19] https://www.facebook.com/groups/225542072815842
[2026-04-13T18:44:28.377Z] ⏱️  [timer] Group 1 total time started
[2026-04-13T18:44:28.670Z] [group 1] Opening in new tab...
[2026-04-13T18:44:28.675Z] ⏱️  [timer] Group 1 navigation started
[2026-04-13T18:44:36.585Z] ✓ [timer] Group 1 navigation - took 7.92s
[2026-04-13T18:44:36.585Z] [login] ====== AUTO-LOGIN ATTEMPT ======
[2026-04-13T18:44:36.587Z] [login] Already logged in.
[2026-04-13T18:44:36.590Z] ⏱️  [timer] Group 1 captcha started
[2026-04-13T18:44:36.591Z] [captcha] Checking for CAPTCHA…
[2026-04-13T18:44:37.106Z] ✓ [timer] Group 1 captcha - took 0.52s
[2026-04-13T18:44:37.108Z] [group 1] Opening composer...
[2026-04-13T18:44:37.109Z] ⏱️  [timer] Group 1 composer open started
[2026-04-13T18:44:38.897Z] ✓ [timer] Group 1 composer open - took 1.79s
[2026-04-13T18:44:43.293Z] [images] Resolved image dir: C:\Users\hp\Downloads\Micheal FB bot\Micheal FB bot\images
[2026-04-13T18:44:43.295Z] [images] Found 8 image(s): ["C:\\Users\\hp\\Downloads\\Micheal FB bot\\Micheal FB bot\\images\\BPC_01_Red_Bold.jpg","C:\\Users\\hp\\Downloads\\Micheal FB bot\\Micheal FB bot\\images\\BPC_02_Navy_Gold.jpg","C:\\Users\\hp\\Downloads\\Micheal FB bot\\Micheal FB bot\\images\\BPC_03_Teal_Modern.jpg","C:\\Users\\hp\\Downloads\\Micheal FB bot\\Micheal FB bot\\images\\BPC_04_Black_Yellow.jpg","C:\\Users\\hp\\Downloads\\Micheal FB bot\\Micheal FB bot\\images\\BPC_05_Warm_Earthy.jpg","C:\\Users\\hp\\Downloads\\Micheal FB bot\\Micheal FB bot\\images\\BPC_06_Sage_Section8.jpg","C:\\Users\\hp\\Downloads\\Micheal FB bot\\Micheal FB bot\\images\\BPC_07_Orange_Dark.jpg","C:\\Users\\hp\\Downloads\\Micheal FB bot\\Micheal FB bot\\images\\BPC_08_Steel_Blue.jpg"]
[2026-04-13T18:44:43.295Z] [images] postId=1 → index=0 → C:\Users\hp\Downloads\Micheal FB bot\Micheal FB bot\images\BPC_01_Red_Bold.jpg
[2026-04-13T18:44:43.296Z] [group 1] Typing message...
[2026-04-13T18:44:43.296Z] ⏱️  [timer] Group 1 typing started
[2026-04-13T18:44:43.302Z] [compose] Strategy 1 — keyboard typing…
[2026-04-13T18:46:01.940Z] [compose] Keyboard typing succeeded.
[2026-04-13T18:46:01.940Z] ✓ [timer] Group 1 typing - took 78.64s
[2026-04-13T18:46:01.943Z] ⏱️  [timer] Group 1 image upload started
[2026-04-13T18:46:01.944Z] [group 1] 🖼️  Starting image upload: C:\Users\hp\Downloads\Micheal FB bot\Micheal FB bot\images\BPC_01_Red_Bold.jpg
[2026-04-13T18:46:01.971Z] [group 1] File inputs before photo click: 5
[2026-04-13T18:46:02.094Z] [group 1] ✅ File chooser accepted via selector: [role="dialog"] [role="button"][aria-label*="photo" i]
[2026-04-13T18:46:03.134Z] [group 1] ✅ File chooser accepted and file input exists
[2026-04-13T18:46:05.140Z] ✓ [timer] Group 1 image upload - took 3.20s
[2026-04-13T18:46:05.144Z] [group 1] ⚠️ Image missing before submit. Retrying image upload once...
[2026-04-13T18:46:05.144Z] [group 1] 🖼️  Starting image upload: C:\Users\hp\Downloads\Micheal FB bot\Micheal FB bot\images\BPC_01_Red_Bold.jpg
[2026-04-13T18:46:05.164Z] [group 1] File inputs before photo click: 5
[2026-04-13T18:46:05.224Z] [group 1] ✅ File chooser accepted via selector: [role="dialog"] [role="button"][aria-label*="photo" i]
[2026-04-13T18:46:05.736Z] [group 1] ✅ File chooser accepted and file input exists
[2026-04-13T18:46:07.744Z] ERROR: ❌ [group 1] Error: Image not detected in composer after retry; aborting submit to avoid text-only post.
[2026-04-13T18:46:07.744Z] [group 1] Skipping and continuing...
[2026-04-13T18:46:07.744Z] [group 1] Waiting 15s to recover...
