[2026-04-10T17:50:12.111Z] [scheduler] Loaded 12 posts from posts.json
[2026-04-10T17:50:12.112Z] 🔄 [scheduler] RESET_POSTS is enabled - starting from post 1
[2026-04-10T17:50:12.112Z] [scheduler] Found next post to post: Post #1
[2026-04-10T17:50:25.901Z] [captcha] Checking for CAPTCHA…
[2026-04-10T17:50:26.475Z] [session] Attempting auto-login...
[2026-04-10T17:50:28.492Z] [login] ====== AUTO-LOGIN ATTEMPT ======
[2026-04-10T17:50:28.493Z] [login] ====== STEP 1: Looking for Email Field ======
[2026-04-10T17:50:28.532Z] [login] Email field not immediately visible
[2026-04-10T17:50:28.534Z] [login] ====== STEP 2: Looking for Continue Button ======
[2026-04-10T17:50:29.006Z] [login] ====== STEP 3: Looking for Password Field ======
[2026-04-10T17:50:31.018Z] [login] No password field found - already logged in or unexpected state
[2026-04-10T17:50:31.019Z] [login] ====== AUTO-LOGIN COMPLETE ======
[2026-04-10T17:50:39.187Z] [session] Cookies saved to session.json
[2026-04-10T17:50:39.189Z] [multi-group] Posting to 19 group(s).
[2026-04-10T17:50:39.410Z] 
======================================================================
[2026-04-10T17:50:39.417Z] 📝 POST #1 START TIME: 10:50:39 PM
[2026-04-10T17:50:39.427Z] ======================================================================
[2026-04-10T17:50:39.428Z] 
[group 1/19] https://www.facebook.com/groups/225542072815842
[2026-04-10T17:50:39.428Z] ⏱️  [timer] Group 1 total time started
[2026-04-10T17:50:39.765Z] [group 1] Opening in new tab...
[2026-04-10T17:50:39.765Z] ⏱️  [timer] Group 1 navigation started
[2026-04-10T17:50:49.426Z] ✓ [timer] Group 1 navigation - took 9.66s
[2026-04-10T17:50:51.439Z] [login] ====== AUTO-LOGIN ATTEMPT ======
[2026-04-10T17:50:51.440Z] [login] ====== STEP 1: Looking for Email Field ======
[2026-04-10T17:50:51.464Z] [login] Email field not immediately visible
[2026-04-10T17:50:51.464Z] [login] ====== STEP 2: Looking for Continue Button ======
[2026-04-10T17:50:52.184Z] [login] ====== STEP 3: Looking for Password Field ======
[2026-04-10T17:50:54.191Z] [login] No password field found - already logged in or unexpected state
[2026-04-10T17:50:54.192Z] [login] ====== AUTO-LOGIN COMPLETE ======
[2026-04-10T17:50:54.193Z] ⏱️  [timer] Group 1 captcha started
[2026-04-10T17:50:54.193Z] [captcha] Checking for CAPTCHA…
[2026-04-10T17:50:54.706Z] ✓ [timer] Group 1 captcha - took 0.51s
[2026-04-10T17:50:54.708Z] [group 1] Opening composer...
[2026-04-10T17:50:54.708Z] ⏱️  [timer] Group 1 composer open started
[2026-04-10T17:51:01.968Z] ✓ [timer] Group 1 composer open - took 7.26s
[2026-04-10T17:51:06.866Z] [group 1] 🖼️  Selecting image...
[2026-04-10T17:51:06.870Z] [group 1] 📤 Image: C:\Users\hp\Downloads\Micheal FB bot\Micheal FB bot\images\BPC_01_Red_Bold.png
[2026-04-10T17:51:06.870Z] ⏱️  [timer] Group 1 image upload started
[2026-04-10T17:51:06.875Z] [group 1] File input found, uploading: C:\Users\hp\Downloads\Micheal FB bot\Micheal FB bot\images\BPC_01_Red_Bold.png
[2026-04-10T17:51:06.905Z] [group 1] ✅ File uploaded successfully
[2026-04-10T17:51:09.906Z] ✓ [timer] Group 1 image upload - took 3.04s
[2026-04-10T17:51:09.906Z] [group 1] Typing message...
[2026-04-10T17:51:09.906Z] ⏱️  [timer] Group 1 typing started
[2026-04-10T17:51:09.912Z] [compose] Strategy 1 — keyboard typing…
[2026-04-10T17:51:23.964Z] ERROR: ❌ [group 1] Error posting: Protocol error (Input.dispatchKeyEvent): Target closed
[2026-04-10T17:51:23.965Z] [group 1] Skipping this group and continuing...
