[2026-04-10T18:31:28.726Z] [scheduler] Loaded 12 posts from posts.json
[2026-04-10T18:31:28.726Z] 🔄 [scheduler] RESET_POSTS is enabled - starting from post 1
[2026-04-10T18:31:28.727Z] [scheduler] Found next post to post: Post #1
[2026-04-10T18:31:41.629Z] [captcha] Checking for CAPTCHA…
[2026-04-10T18:31:42.588Z] [session] Attempting auto-login...
[2026-04-10T18:31:44.601Z] [login] ====== AUTO-LOGIN ATTEMPT ======
[2026-04-10T18:31:44.602Z] [login] ====== STEP 1: Looking for Email Field ======
[2026-04-10T18:31:44.870Z] [login] Email field not immediately visible
[2026-04-10T18:31:44.871Z] [login] ====== STEP 2: Looking for Continue Button ======
[2026-04-10T18:31:45.236Z] [login] ====== STEP 3: Looking for Password Field ======
[2026-04-10T18:31:47.250Z] [login] No password field found - already logged in or unexpected state
[2026-04-10T18:31:47.250Z] [login] ====== AUTO-LOGIN COMPLETE ======
[2026-04-10T18:31:58.951Z] [session] Cookies saved to session.json
[2026-04-10T18:31:58.952Z] [multi-group] Posting to 19 group(s).
[2026-04-10T18:31:59.120Z] 
======================================================================
[2026-04-10T18:31:59.127Z] 📝 POST #1 START TIME: 11:31:58 PM
[2026-04-10T18:31:59.128Z] ======================================================================
[2026-04-10T18:31:59.130Z] 
[group 1/19] https://www.facebook.com/groups/225542072815842
[2026-04-10T18:31:59.131Z] ⏱️  [timer] Group 1 total time started
[2026-04-10T18:31:59.548Z] [group 1] Opening in new tab...
[2026-04-10T18:31:59.549Z] ⏱️  [timer] Group 1 navigation started
[2026-04-10T18:32:06.503Z] ✓ [timer] Group 1 navigation - took 6.96s
[2026-04-10T18:32:08.503Z] [login] ====== AUTO-LOGIN ATTEMPT ======
[2026-04-10T18:32:08.503Z] [login] ====== STEP 1: Looking for Email Field ======
[2026-04-10T18:32:08.529Z] [login] Email field not immediately visible
[2026-04-10T18:32:08.529Z] [login] ====== STEP 2: Looking for Continue Button ======
[2026-04-10T18:32:08.857Z] [login] ====== STEP 3: Looking for Password Field ======
[2026-04-10T18:32:10.873Z] [login] No password field found - already logged in or unexpected state
[2026-04-10T18:32:10.873Z] [login] ====== AUTO-LOGIN COMPLETE ======
[2026-04-10T18:32:10.874Z] ⏱️  [timer] Group 1 captcha started
[2026-04-10T18:32:10.875Z] [captcha] Checking for CAPTCHA…
[2026-04-10T18:32:11.388Z] ✓ [timer] Group 1 captcha - took 0.51s
[2026-04-10T18:32:11.390Z] [group 1] Opening composer...
[2026-04-10T18:32:11.391Z] ⏱️  [timer] Group 1 composer open started
[2026-04-10T18:32:17.570Z] ✓ [timer] Group 1 composer open - took 6.18s
[2026-04-10T18:32:21.862Z] [group 1] 🖼️  Selecting image from dir: C:\Users\hp\Downloads\Micheal FB bot\Micheal FB bot\images
[2026-04-10T18:32:21.864Z] [group 1] 📤 Selected image file: C:\Users\hp\Downloads\Micheal FB bot\Micheal FB bot\images\BPC_01_Red_Bold.jpg
[2026-04-10T18:32:21.865Z] [group 1] 📄 File exists: true
[2026-04-10T18:32:21.865Z] ⏱️  [timer] Group 1 image upload started
[2026-04-10T18:32:21.870Z] [group 1] 📁 File input found
[2026-04-10T18:32:21.871Z] [group 1] 📄 File path: C:\Users\hp\Downloads\Micheal FB bot\Micheal FB bot\images\BPC_01_Red_Bold.jpg
[2026-04-10T18:32:21.871Z] [group 1] 📋 File exists: true
[2026-04-10T18:32:21.871Z] [group 1] 🔄 Waiting for file chooser...
[2026-04-10T18:32:21.891Z] [group 1] ⚠️ Click error: Node is either not clickable or not an Element
[2026-04-10T18:32:26.894Z] [group 1] ❌ Upload error: FileChooser timeout
[2026-04-10T18:32:26.894Z] [group 1] ℹ️  Posting without image
[2026-04-10T18:32:26.894Z] ✓ [timer] Group 1 image upload - took 5.03s
[2026-04-10T18:32:26.894Z] [group 1] Taking a brief pause before typing...
[2026-04-10T18:32:28.909Z] [group 1] Typing message...
[2026-04-10T18:32:28.909Z] ⏱️  [timer] Group 1 typing started
[2026-04-10T18:32:28.916Z] [compose] Strategy 1 — keyboard typing…
