[2026-04-10T17:53:29.252Z] [scheduler] Loaded 12 posts from posts.json
[2026-04-10T17:53:29.267Z] 🔄 [scheduler] RESET_POSTS is enabled - starting from post 1
[2026-04-10T17:53:29.274Z] [scheduler] Found next post to post: Post #1
[2026-04-10T17:53:41.567Z] [captcha] Checking for CAPTCHA…
[2026-04-10T17:53:42.116Z] [session] Attempting auto-login...
[2026-04-10T17:53:44.119Z] [login] ====== AUTO-LOGIN ATTEMPT ======
[2026-04-10T17:53:44.120Z] [login] ====== STEP 1: Looking for Email Field ======
[2026-04-10T17:53:44.167Z] [login] Email field not immediately visible
[2026-04-10T17:53:44.168Z] [login] ====== STEP 2: Looking for Continue Button ======
[2026-04-10T17:53:44.762Z] [login] ====== STEP 3: Looking for Password Field ======
[2026-04-10T17:53:46.777Z] [login] No password field found - already logged in or unexpected state
[2026-04-10T17:53:46.777Z] [login] ====== AUTO-LOGIN COMPLETE ======
[2026-04-10T17:53:54.429Z] [session] Cookies saved to session.json
[2026-04-10T17:53:54.429Z] [multi-group] Posting to 19 group(s).
[2026-04-10T17:53:54.496Z] 
======================================================================
[2026-04-10T17:53:54.499Z] 📝 POST #1 START TIME: 10:53:54 PM
[2026-04-10T17:53:54.507Z] ======================================================================
[2026-04-10T17:53:54.520Z] 
[group 1/19] https://www.facebook.com/groups/225542072815842
[2026-04-10T17:53:54.522Z] ⏱️  [timer] Group 1 total time started
[2026-04-10T17:53:54.960Z] [group 1] Opening in new tab...
[2026-04-10T17:53:54.960Z] ⏱️  [timer] Group 1 navigation started
[2026-04-10T17:54:01.541Z] ✓ [timer] Group 1 navigation - took 6.58s
[2026-04-10T17:54:03.549Z] [login] ====== AUTO-LOGIN ATTEMPT ======
[2026-04-10T17:54:03.549Z] [login] ====== STEP 1: Looking for Email Field ======
[2026-04-10T17:54:03.572Z] [login] Email field not immediately visible
[2026-04-10T17:54:03.572Z] [login] ====== STEP 2: Looking for Continue Button ======
[2026-04-10T17:54:03.912Z] [login] ====== STEP 3: Looking for Password Field ======
[2026-04-10T17:54:05.917Z] [login] No password field found - already logged in or unexpected state
[2026-04-10T17:54:05.917Z] [login] ====== AUTO-LOGIN COMPLETE ======
[2026-04-10T17:54:05.918Z] ⏱️  [timer] Group 1 captcha started
[2026-04-10T17:54:05.918Z] [captcha] Checking for CAPTCHA…
[2026-04-10T17:54:06.438Z] ✓ [timer] Group 1 captcha - took 0.52s
[2026-04-10T17:54:06.440Z] [group 1] Opening composer...
[2026-04-10T17:54:06.440Z] ⏱️  [timer] Group 1 composer open started
[2026-04-10T17:54:14.567Z] ✓ [timer] Group 1 composer open - took 8.13s
[2026-04-10T17:54:18.168Z] [group 1] 🖼️  Selecting image from dir: C:\Users\hp\Downloads\Micheal FB bot\Micheal FB bot\images
[2026-04-10T17:54:18.171Z] [group 1] 📤 Selected image file: C:\Users\hp\Downloads\Micheal FB bot\Micheal FB bot\images\BPC_01_Red_Bold.png
[2026-04-10T17:54:18.171Z] [group 1] 📄 File exists: true
[2026-04-10T17:54:18.171Z] ⏱️  [timer] Group 1 image upload started
[2026-04-10T17:54:18.177Z] [group 1] File input found, uploading: C:\Users\hp\Downloads\Micheal FB bot\Micheal FB bot\images\BPC_01_Red_Bold.png
[2026-04-10T17:54:18.215Z] [group 1] ✅ uploadFile() succeeded
[2026-04-10T17:54:23.220Z] [group 1] ⚠️  No image preview found, but continuing
[2026-04-10T17:54:23.220Z] ✓ [timer] Group 1 image upload - took 5.05s
[2026-04-10T17:54:23.220Z] [group 1] Typing message...
[2026-04-10T17:54:23.220Z] ⏱️  [timer] Group 1 typing started
[2026-04-10T17:54:23.226Z] [compose] Strategy 1 — keyboard typing…
[2026-04-10T17:54:53.079Z] ERROR: ❌ [group 1] Error posting: Protocol error (Input.dispatchKeyEvent): Session closed. Most likely the page has been closed.
[2026-04-10T17:54:53.080Z] [group 1] Skipping this group and continuing...
