[2026-04-13T18:58:50.719Z] [scheduler] Loaded 12 posts from posts.json
[2026-04-13T18:58:50.719Z] 🔄 [scheduler] RESET_POSTS is enabled - starting from post 1
[2026-04-13T18:58:50.720Z] [scheduler] Found next post: Post #1
[2026-04-13T18:59:06.428Z] [captcha] Checking for CAPTCHA…
[2026-04-13T18:59:07.043Z] [session] Attempting auto-login...
[2026-04-13T18:59:07.044Z] [login] ====== AUTO-LOGIN ATTEMPT ======
[2026-04-13T18:59:07.048Z] [login] Already logged in.
[2026-04-13T18:59:17.693Z] [session] Cookies saved to session.json
[2026-04-13T18:59:17.696Z] [multi-group] Posting to 19 group(s).
[2026-04-13T18:59:17.697Z] 
======================================================================
[2026-04-13T18:59:17.787Z] 📝 POST #1 START TIME: 11:59:17 PM
[2026-04-13T18:59:17.794Z] ======================================================================
[2026-04-13T18:59:17.795Z] 
[group 1/19] https://www.facebook.com/groups/225542072815842
[2026-04-13T18:59:17.796Z] ⏱️  [timer] Group 1 total time started
[2026-04-13T18:59:18.159Z] [group 1] Opening in new tab...
[2026-04-13T18:59:18.159Z] ⏱️  [timer] Group 1 navigation started
[2026-04-13T18:59:25.346Z] ✓ [timer] Group 1 navigation - took 7.19s
[2026-04-13T18:59:25.347Z] [login] ====== AUTO-LOGIN ATTEMPT ======
[2026-04-13T18:59:25.349Z] [login] Already logged in.
[2026-04-13T18:59:25.352Z] ⏱️  [timer] Group 1 captcha started
[2026-04-13T18:59:25.353Z] [captcha] Checking for CAPTCHA…
[2026-04-13T18:59:25.868Z] ✓ [timer] Group 1 captcha - took 0.52s
[2026-04-13T18:59:25.870Z] [group 1] Opening composer...
[2026-04-13T18:59:25.870Z] ⏱️  [timer] Group 1 composer open started
[2026-04-13T18:59:26.953Z] ✓ [timer] Group 1 composer open - took 1.08s
[2026-04-13T18:59:29.508Z] [images] Resolved image dir: C:\Users\hp\Downloads\Micheal FB bot\Micheal FB bot\images
[2026-04-13T18:59:29.511Z] [images] Found 8 image(s): ["C:\\Users\\hp\\Downloads\\Micheal FB bot\\Micheal FB bot\\images\\BPC_01_Red_Bold.jpg","C:\\Users\\hp\\Downloads\\Micheal FB bot\\Micheal FB bot\\images\\BPC_02_Navy_Gold.jpg","C:\\Users\\hp\\Downloads\\Micheal FB bot\\Micheal FB bot\\images\\BPC_03_Teal_Modern.jpg","C:\\Users\\hp\\Downloads\\Micheal FB bot\\Micheal FB bot\\images\\BPC_04_Black_Yellow.jpg","C:\\Users\\hp\\Downloads\\Micheal FB bot\\Micheal FB bot\\images\\BPC_05_Warm_Earthy.jpg","C:\\Users\\hp\\Downloads\\Micheal FB bot\\Micheal FB bot\\images\\BPC_06_Sage_Section8.jpg","C:\\Users\\hp\\Downloads\\Micheal FB bot\\Micheal FB bot\\images\\BPC_07_Orange_Dark.jpg","C:\\Users\\hp\\Downloads\\Micheal FB bot\\Micheal FB bot\\images\\BPC_08_Steel_Blue.jpg"]
[2026-04-13T18:59:29.511Z] [images] postId=1 → index=0 → C:\Users\hp\Downloads\Micheal FB bot\Micheal FB bot\images\BPC_01_Red_Bold.jpg
[2026-04-13T18:59:29.511Z] [group 1] Typing message...
[2026-04-13T18:59:29.511Z] ⏱️  [timer] Group 1 typing started
[2026-04-13T18:59:29.519Z] [compose] Strategy 1 — keyboard typing…
[2026-04-13T19:00:49.821Z] [compose] Keyboard typing succeeded.
[2026-04-13T19:00:49.821Z] ✓ [timer] Group 1 typing - took 80.31s
[2026-04-13T19:00:49.824Z] ⏱️  [timer] Group 1 image upload started
[2026-04-13T19:00:49.825Z] [group 1] 🖼️  Starting image upload: C:\Users\hp\Downloads\Micheal FB bot\Micheal FB bot\images\BPC_01_Red_Bold.jpg
[2026-04-13T19:00:49.853Z] [group 1] File inputs before photo click: 5
[2026-04-13T19:00:49.955Z] [group 1] ✅ File chooser accepted via selector: [role="dialog"] [role="button"][aria-label*="photo" i]
[2026-04-13T19:00:50.467Z] [group 1] ✅ File chooser accepted and file input exists
[2026-04-13T19:00:52.478Z] ✓ [timer] Group 1 image upload - took 2.65s
[2026-04-13T19:00:52.478Z] [group 1] ✅ Image upload accepted; proceeding without early re-upload
[2026-04-13T19:00:55.511Z] [group 1] ✅ Image upload settled
[2026-04-13T19:00:55.511Z] [group 1] Submitting post...
[2026-04-13T19:00:55.511Z] ⏱️  [timer] Group 1 submit started
[2026-04-13T19:00:59.484Z] ✓ [timer] Group 1 submit - took 3.97s
[2026-04-13T19:00:59.485Z] [group 1] ✅ Post submitted!
[2026-04-13T19:01:04.496Z] [group 1] Waiting 30s before next group...
[2026-04-13T19:01:34.589Z] [group 1] Tab closed.
[2026-04-13T19:01:34.590Z] ✓ [timer] Group 1 total time - took 136.79s
[2026-04-13T19:01:34.590Z] 
[group 2/19] https://www.facebook.com/groups/321100208080255
[2026-04-13T19:01:34.590Z] ⏱️  [timer] Group 2 total time started
[2026-04-13T19:01:34.870Z] [group 2] Opening in new tab...
[2026-04-13T19:01:34.870Z] ⏱️  [timer] Group 2 navigation started
[2026-04-13T19:01:44.898Z] ✓ [timer] Group 2 navigation - took 10.03s
[2026-04-13T19:01:44.898Z] [login] ====== AUTO-LOGIN ATTEMPT ======
[2026-04-13T19:01:44.900Z] [login] Already logged in.
[2026-04-13T19:01:44.903Z] ⏱️  [timer] Group 2 captcha started
[2026-04-13T19:01:44.904Z] [captcha] Checking for CAPTCHA…
[2026-04-13T19:01:45.414Z] ✓ [timer] Group 2 captcha - took 0.51s
[2026-04-13T19:01:45.416Z] [group 2] Opening composer...
[2026-04-13T19:01:45.417Z] ⏱️  [timer] Group 2 composer open started
[2026-04-13T19:01:46.678Z] ✓ [timer] Group 2 composer open - took 1.26s
[2026-04-13T19:01:49.578Z] [images] Resolved image dir: C:\Users\hp\Downloads\Micheal FB bot\Micheal FB bot\images
[2026-04-13T19:01:49.580Z] [images] Found 8 image(s): ["C:\\Users\\hp\\Downloads\\Micheal FB bot\\Micheal FB bot\\images\\BPC_01_Red_Bold.jpg","C:\\Users\\hp\\Downloads\\Micheal FB bot\\Micheal FB bot\\images\\BPC_02_Navy_Gold.jpg","C:\\Users\\hp\\Downloads\\Micheal FB bot\\Micheal FB bot\\images\\BPC_03_Teal_Modern.jpg","C:\\Users\\hp\\Downloads\\Micheal FB bot\\Micheal FB bot\\images\\BPC_04_Black_Yellow.jpg","C:\\Users\\hp\\Downloads\\Micheal FB bot\\Micheal FB bot\\images\\BPC_05_Warm_Earthy.jpg","C:\\Users\\hp\\Downloads\\Micheal FB bot\\Micheal FB bot\\images\\BPC_06_Sage_Section8.jpg","C:\\Users\\hp\\Downloads\\Micheal FB bot\\Micheal FB bot\\images\\BPC_07_Orange_Dark.jpg","C:\\Users\\hp\\Downloads\\Micheal FB bot\\Micheal FB bot\\images\\BPC_08_Steel_Blue.jpg"]
[2026-04-13T19:01:49.580Z] [images] postId=1 → index=0 → C:\Users\hp\Downloads\Micheal FB bot\Micheal FB bot\images\BPC_01_Red_Bold.jpg
[2026-04-13T19:01:49.580Z] [group 2] Typing message...
[2026-04-13T19:01:49.580Z] ⏱️  [timer] Group 2 typing started
[2026-04-13T19:01:49.587Z] [compose] Strategy 1 — keyboard typing…
[2026-04-13T19:03:19.468Z] [compose] Keyboard typing succeeded.
[2026-04-13T19:03:19.468Z] ✓ [timer] Group 2 typing - took 89.89s
[2026-04-13T19:03:19.472Z] ⏱️  [timer] Group 2 image upload started
[2026-04-13T19:03:19.477Z] [group 2] 🖼️  Starting image upload: C:\Users\hp\Downloads\Micheal FB bot\Micheal FB bot\images\BPC_01_Red_Bold.jpg
[2026-04-13T19:03:19.551Z] [group 2] File inputs before photo click: 6
[2026-04-13T19:03:19.769Z] [group 2] ✅ File chooser accepted via selector: [role="dialog"] [role="button"][aria-label*="photo" i]
[2026-04-13T19:03:20.827Z] [group 2] ✅ File chooser accepted and file input exists
[2026-04-13T19:03:22.838Z] ✓ [timer] Group 2 image upload - took 3.36s
[2026-04-13T19:03:22.841Z] [group 2] ✅ Image upload accepted; proceeding without early re-upload
[2026-04-13T19:03:25.889Z] [group 2] ✅ Image upload settled
[2026-04-13T19:03:25.891Z] [group 2] Submitting post...
[2026-04-13T19:03:25.893Z] ⏱️  [timer] Group 2 submit started
[2026-04-13T19:03:31.499Z] ✓ [timer] Group 2 submit - took 5.61s
[2026-04-13T19:03:31.500Z] [group 2] ✅ Post submitted!
[2026-04-13T19:03:36.518Z] [group 2] Waiting 30s before next group...
[2026-04-13T19:04:06.949Z] [group 2] Tab closed.
[2026-04-13T19:04:06.982Z] ✓ [timer] Group 2 total time - took 152.36s
[2026-04-13T19:04:07.013Z] 
[group 3/19] https://www.facebook.com/groups/1616735018616241
[2026-04-13T19:04:07.013Z] ⏱️  [timer] Group 3 total time started
[2026-04-13T19:04:07.520Z] [group 3] Opening in new tab...
[2026-04-13T19:04:07.521Z] ⏱️  [timer] Group 3 navigation started
[2026-04-13T19:04:29.577Z] ✓ [timer] Group 3 navigation - took 22.06s
[2026-04-13T19:04:29.578Z] [login] ====== AUTO-LOGIN ATTEMPT ======
[2026-04-13T19:04:29.580Z] [login] Already logged in.
[2026-04-13T19:04:29.597Z] ⏱️  [timer] Group 3 captcha started
[2026-04-13T19:04:29.598Z] [captcha] Checking for CAPTCHA…
[2026-04-13T19:04:30.673Z] ✓ [timer] Group 3 captcha - took 1.09s
[2026-04-13T19:04:30.676Z] [group 3] Opening composer...
[2026-04-13T19:04:30.676Z] ⏱️  [timer] Group 3 composer open started
[2026-04-13T19:04:34.409Z] ✓ [timer] Group 3 composer open - took 3.73s
[2026-04-13T19:04:39.338Z] [images] Resolved image dir: C:\Users\hp\Downloads\Micheal FB bot\Micheal FB bot\images
[2026-04-13T19:04:39.340Z] [images] Found 8 image(s): ["C:\\Users\\hp\\Downloads\\Micheal FB bot\\Micheal FB bot\\images\\BPC_01_Red_Bold.jpg","C:\\Users\\hp\\Downloads\\Micheal FB bot\\Micheal FB bot\\images\\BPC_02_Navy_Gold.jpg","C:\\Users\\hp\\Downloads\\Micheal FB bot\\Micheal FB bot\\images\\BPC_03_Teal_Modern.jpg","C:\\Users\\hp\\Downloads\\Micheal FB bot\\Micheal FB bot\\images\\BPC_04_Black_Yellow.jpg","C:\\Users\\hp\\Downloads\\Micheal FB bot\\Micheal FB bot\\images\\BPC_05_Warm_Earthy.jpg","C:\\Users\\hp\\Downloads\\Micheal FB bot\\Micheal FB bot\\images\\BPC_06_Sage_Section8.jpg","C:\\Users\\hp\\Downloads\\Micheal FB bot\\Micheal FB bot\\images\\BPC_07_Orange_Dark.jpg","C:\\Users\\hp\\Downloads\\Micheal FB bot\\Micheal FB bot\\images\\BPC_08_Steel_Blue.jpg"]
[2026-04-13T19:04:39.345Z] [images] postId=1 → index=0 → C:\Users\hp\Downloads\Micheal FB bot\Micheal FB bot\images\BPC_01_Red_Bold.jpg
[2026-04-13T19:04:39.346Z] [group 3] Typing message...
[2026-04-13T19:04:39.349Z] ⏱️  [timer] Group 3 typing started
[2026-04-13T19:04:39.380Z] [compose] Strategy 1 — keyboard typing…
