[2026-04-10T20:51:29.396Z] [scheduler] Loaded 12 posts from posts.json
[2026-04-10T20:51:29.397Z] 🔄 [scheduler] RESET_POSTS is enabled - starting from post 1
[2026-04-10T20:51:29.397Z] [scheduler] Found next post: Post #1
[2026-04-10T20:51:48.882Z] [captcha] Checking for CAPTCHA…
[2026-04-10T20:51:49.439Z] [session] Attempting auto-login...
[2026-04-10T20:51:49.441Z] [login] ====== AUTO-LOGIN ATTEMPT ======
[2026-04-10T20:51:49.445Z] [login] Already logged in.
[2026-04-10T20:51:57.585Z] [session] Cookies saved to session.json
[2026-04-10T20:51:57.586Z] [multi-group] Posting to 19 group(s).
[2026-04-10T20:51:57.588Z] 
======================================================================
[2026-04-10T20:51:57.789Z] 📝 POST #1 START TIME: 1:51:57 AM
[2026-04-10T20:51:57.789Z] ======================================================================
[2026-04-10T20:51:57.790Z] 
[group 1/19] https://www.facebook.com/groups/225542072815842
[2026-04-10T20:51:57.790Z] ⏱️  [timer] Group 1 total time started
[2026-04-10T20:51:58.162Z] [group 1] Opening in new tab...
[2026-04-10T20:51:58.162Z] ⏱️  [timer] Group 1 navigation started
[2026-04-10T20:52:07.308Z] ✓ [timer] Group 1 navigation - took 9.14s
[2026-04-10T20:52:07.309Z] [login] ====== AUTO-LOGIN ATTEMPT ======
[2026-04-10T20:52:07.312Z] [login] Already logged in.
[2026-04-10T20:52:07.315Z] ⏱️  [timer] Group 1 captcha started
[2026-04-10T20:52:07.316Z] [captcha] Checking for CAPTCHA…
[2026-04-10T20:52:07.885Z] ✓ [timer] Group 1 captcha - took 0.57s
[2026-04-10T20:52:07.889Z] [group 1] Opening composer...
[2026-04-10T20:52:07.890Z] ⏱️  [timer] Group 1 composer open started
[2026-04-10T20:52:09.173Z] ✓ [timer] Group 1 composer open - took 1.28s
[2026-04-10T20:52:11.956Z] [images] Resolved image dir: C:\Users\hp\Downloads\Micheal FB bot\Micheal FB bot\images
[2026-04-10T20:52:11.971Z] [images] Found 8 image(s): ["C:\\Users\\hp\\Downloads\\Micheal FB bot\\Micheal FB bot\\images\\BPC_01_Red_Bold.jpg","C:\\Users\\hp\\Downloads\\Micheal FB bot\\Micheal FB bot\\images\\BPC_02_Navy_Gold.jpg","C:\\Users\\hp\\Downloads\\Micheal FB bot\\Micheal FB bot\\images\\BPC_03_Teal_Modern.jpg","C:\\Users\\hp\\Downloads\\Micheal FB bot\\Micheal FB bot\\images\\BPC_04_Black_Yellow.jpg","C:\\Users\\hp\\Downloads\\Micheal FB bot\\Micheal FB bot\\images\\BPC_05_Warm_Earthy.jpg","C:\\Users\\hp\\Downloads\\Micheal FB bot\\Micheal FB bot\\images\\BPC_06_Sage_Section8.jpg","C:\\Users\\hp\\Downloads\\Micheal FB bot\\Micheal FB bot\\images\\BPC_07_Orange_Dark.jpg","C:\\Users\\hp\\Downloads\\Micheal FB bot\\Micheal FB bot\\images\\BPC_08_Steel_Blue.jpg"]
[2026-04-10T20:52:11.971Z] [images] postId=1 → index=0 → C:\Users\hp\Downloads\Micheal FB bot\Micheal FB bot\images\BPC_01_Red_Bold.jpg
[2026-04-10T20:52:11.972Z] ⏱️  [timer] Group 1 image upload started
[2026-04-10T20:52:11.973Z] [group 1] 🖼️  Starting image upload: C:\Users\hp\Downloads\Micheal FB bot\Micheal FB bot\images\BPC_01_Red_Bold.jpg
[2026-04-10T20:52:12.008Z] [group 1] File inputs before photo click: 5
[2026-04-10T20:52:12.024Z] [group 1] ✅ Method 1: dialog photo button clicked
[2026-04-10T20:52:20.039Z] [group 1] ⚠️  No new file input appeared: Waiting failed: 8000ms exceeded
[2026-04-10T20:52:20.565Z] [group 1] File inputs after photo click: 5
[2026-04-10T20:52:20.723Z] [group 1] ✅ uploadFile() on composer input (index 5)
[2026-04-10T20:52:29.883Z] [group 1] ⚠️  Preview selector missed — proceeding optimistically
[2026-04-10T20:52:29.884Z] ✓ [timer] Group 1 image upload - took 17.91s
[2026-04-10T20:52:31.888Z] [group 1] Brief pause before typing...
[2026-04-10T20:52:33.898Z] [group 1] Typing message...
[2026-04-10T20:52:33.898Z] ⏱️  [timer] Group 1 typing started
[2026-04-10T20:52:33.909Z] [compose] Strategy 1 — keyboard typing…
