[2026-04-10T21:08:56.416Z] [scheduler] Loaded 12 posts from posts.json
[2026-04-10T21:08:56.416Z] 🔄 [scheduler] RESET_POSTS is enabled - starting from post 1
[2026-04-10T21:08:56.416Z] [scheduler] Found next post: Post #1
[2026-04-10T21:09:07.343Z] [captcha] Checking for CAPTCHA…
[2026-04-10T21:09:07.876Z] [session] Attempting auto-login...
[2026-04-10T21:09:07.876Z] [login] ====== AUTO-LOGIN ATTEMPT ======
[2026-04-10T21:09:07.879Z] [login] Already logged in.
[2026-04-10T21:09:15.859Z] [session] Cookies saved to session.json
[2026-04-10T21:09:15.864Z] [multi-group] Posting to 19 group(s).
[2026-04-10T21:09:15.870Z] 
======================================================================
[2026-04-10T21:09:16.006Z] 📝 POST #1 START TIME: 2:09:15 AM
[2026-04-10T21:09:16.006Z] ======================================================================
[2026-04-10T21:09:16.006Z] 
[group 1/19] https://www.facebook.com/groups/225542072815842
[2026-04-10T21:09:16.007Z] ⏱️  [timer] Group 1 total time started
[2026-04-10T21:09:16.300Z] [group 1] Opening in new tab...
[2026-04-10T21:09:16.301Z] ⏱️  [timer] Group 1 navigation started
[2026-04-10T21:09:25.689Z] ✓ [timer] Group 1 navigation - took 9.39s
[2026-04-10T21:09:25.691Z] [login] ====== AUTO-LOGIN ATTEMPT ======
[2026-04-10T21:09:25.693Z] [login] Already logged in.
[2026-04-10T21:09:25.696Z] ⏱️  [timer] Group 1 captcha started
[2026-04-10T21:09:25.697Z] [captcha] Checking for CAPTCHA…
[2026-04-10T21:09:26.210Z] ✓ [timer] Group 1 captcha - took 0.51s
[2026-04-10T21:09:26.213Z] [group 1] Opening composer...
[2026-04-10T21:09:26.213Z] ⏱️  [timer] Group 1 composer open started
[2026-04-10T21:09:27.204Z] ✓ [timer] Group 1 composer open - took 0.99s
[2026-04-10T21:09:30.469Z] [images] Resolved image dir: C:\Users\hp\Downloads\Micheal FB bot\Micheal FB bot\images
[2026-04-10T21:09:30.476Z] [images] Found 8 image(s): ["C:\\Users\\hp\\Downloads\\Micheal FB bot\\Micheal FB bot\\images\\BPC_01_Red_Bold.jpg","C:\\Users\\hp\\Downloads\\Micheal FB bot\\Micheal FB bot\\images\\BPC_02_Navy_Gold.jpg","C:\\Users\\hp\\Downloads\\Micheal FB bot\\Micheal FB bot\\images\\BPC_03_Teal_Modern.jpg","C:\\Users\\hp\\Downloads\\Micheal FB bot\\Micheal FB bot\\images\\BPC_04_Black_Yellow.jpg","C:\\Users\\hp\\Downloads\\Micheal FB bot\\Micheal FB bot\\images\\BPC_05_Warm_Earthy.jpg","C:\\Users\\hp\\Downloads\\Micheal FB bot\\Micheal FB bot\\images\\BPC_06_Sage_Section8.jpg","C:\\Users\\hp\\Downloads\\Micheal FB bot\\Micheal FB bot\\images\\BPC_07_Orange_Dark.jpg","C:\\Users\\hp\\Downloads\\Micheal FB bot\\Micheal FB bot\\images\\BPC_08_Steel_Blue.jpg"]
[2026-04-10T21:09:30.476Z] [images] postId=1 → index=0 → C:\Users\hp\Downloads\Micheal FB bot\Micheal FB bot\images\BPC_01_Red_Bold.jpg
[2026-04-10T21:09:30.476Z] ⏱️  [timer] Group 1 image upload started
[2026-04-10T21:09:30.477Z] [group 1] 🖼️  Starting image upload: C:\Users\hp\Downloads\Micheal FB bot\Micheal FB bot\images\BPC_01_Red_Bold.jpg
[2026-04-10T21:09:30.502Z] [group 1] File inputs before photo click: 6
[2026-04-10T21:09:30.604Z] [group 1] ✅ File chooser accepted via selector: [role="dialog"] [role="button"][aria-label*="photo" i]
[2026-04-10T21:09:33.654Z] [group 1] ✅ Image preview confirmed in composer
[2026-04-10T21:09:33.654Z] ✓ [timer] Group 1 image upload - took 3.18s
[2026-04-10T21:09:35.666Z] [group 1] Brief pause before typing...
[2026-04-10T21:09:37.682Z] [group 1] Typing message...
[2026-04-10T21:09:37.682Z] ⏱️  [timer] Group 1 typing started
[2026-04-10T21:09:37.688Z] [compose] Strategy 1 — keyboard typing…
[2026-04-10T21:10:57.596Z] [compose] Keyboard typing succeeded.
[2026-04-10T21:10:57.596Z] ✓ [timer] Group 1 typing - took 79.91s
[2026-04-10T21:11:02.608Z] [group 1] Submitting post...
[2026-04-10T21:11:02.608Z] ⏱️  [timer] Group 1 submit started
[2026-04-10T21:11:04.140Z] ✓ [timer] Group 1 submit - took 1.53s
[2026-04-10T21:11:04.140Z] [group 1] ✅ Post submitted!
[2026-04-10T21:11:09.154Z] [group 1] Waiting 30s before next group...
[2026-04-10T21:11:39.157Z] ✓ [timer] Group 1 total time - took 143.15s
[2026-04-10T21:11:39.158Z] 
[group 2/19] https://www.facebook.com/groups/321100208080255
[2026-04-10T21:11:39.158Z] ⏱️  [timer] Group 2 total time started
[2026-04-10T21:11:39.160Z] ERROR: ❌ [group 2] Error: Protocol error: Connection closed.
[2026-04-10T21:11:39.160Z] ✓ [timer] Group 2 total time - took 0.00s
[2026-04-10T21:11:39.161Z] ERROR: [posting] Error on post #1: Protocol error: Connection closed.
[2026-04-10T21:11:39.161Z] ERROR: [posting] Browser disconnected. Stopping run so this post can be retried next launch.
[2026-04-10T21:11:39.166Z] ERROR: {}
