[2026-04-10T20:55:09.537Z] [scheduler] Loaded 12 posts from posts.json
[2026-04-10T20:55:09.538Z] 🔄 [scheduler] RESET_POSTS is enabled - starting from post 1
[2026-04-10T20:55:09.538Z] [scheduler] Found next post: Post #1
[2026-04-10T20:55:23.755Z] [captcha] Checking for CAPTCHA…
[2026-04-10T20:55:24.304Z] [session] Attempting auto-login...
[2026-04-10T20:55:24.305Z] [login] ====== AUTO-LOGIN ATTEMPT ======
[2026-04-10T20:55:24.341Z] [login] Already logged in.
[2026-04-10T20:55:32.435Z] [session] Cookies saved to session.json
[2026-04-10T20:55:32.436Z] [multi-group] Posting to 19 group(s).
[2026-04-10T20:55:32.437Z] 
======================================================================
[2026-04-10T20:55:32.530Z] 📝 POST #1 START TIME: 1:55:32 AM
[2026-04-10T20:55:32.531Z] ======================================================================
[2026-04-10T20:55:32.531Z] 
[group 1/19] https://www.facebook.com/groups/225542072815842
[2026-04-10T20:55:32.532Z] ⏱️  [timer] Group 1 total time started
[2026-04-10T20:55:32.909Z] [group 1] Opening in new tab...
[2026-04-10T20:55:32.909Z] ⏱️  [timer] Group 1 navigation started
[2026-04-10T20:55:41.585Z] ✓ [timer] Group 1 navigation - took 8.68s
[2026-04-10T20:55:41.586Z] [login] ====== AUTO-LOGIN ATTEMPT ======
[2026-04-10T20:55:41.588Z] [login] Already logged in.
[2026-04-10T20:55:41.593Z] ⏱️  [timer] Group 1 captcha started
[2026-04-10T20:55:41.594Z] [captcha] Checking for CAPTCHA…
[2026-04-10T20:55:42.105Z] ✓ [timer] Group 1 captcha - took 0.51s
[2026-04-10T20:55:42.108Z] [group 1] Opening composer...
[2026-04-10T20:55:42.109Z] ⏱️  [timer] Group 1 composer open started
[2026-04-10T20:55:43.289Z] ✓ [timer] Group 1 composer open - took 1.18s
[2026-04-10T20:55:48.046Z] [images] Resolved image dir: C:\Users\hp\Downloads\Micheal FB bot\Micheal FB bot\images
[2026-04-10T20:55:48.049Z] [images] Found 8 image(s): ["C:\\Users\\hp\\Downloads\\Micheal FB bot\\Micheal FB bot\\images\\BPC_01_Red_Bold.jpg","C:\\Users\\hp\\Downloads\\Micheal FB bot\\Micheal FB bot\\images\\BPC_02_Navy_Gold.jpg","C:\\Users\\hp\\Downloads\\Micheal FB bot\\Micheal FB bot\\images\\BPC_03_Teal_Modern.jpg","C:\\Users\\hp\\Downloads\\Micheal FB bot\\Micheal FB bot\\images\\BPC_04_Black_Yellow.jpg","C:\\Users\\hp\\Downloads\\Micheal FB bot\\Micheal FB bot\\images\\BPC_05_Warm_Earthy.jpg","C:\\Users\\hp\\Downloads\\Micheal FB bot\\Micheal FB bot\\images\\BPC_06_Sage_Section8.jpg","C:\\Users\\hp\\Downloads\\Micheal FB bot\\Micheal FB bot\\images\\BPC_07_Orange_Dark.jpg","C:\\Users\\hp\\Downloads\\Micheal FB bot\\Micheal FB bot\\images\\BPC_08_Steel_Blue.jpg"]
[2026-04-10T20:55:48.049Z] [images] postId=1 → index=0 → C:\Users\hp\Downloads\Micheal FB bot\Micheal FB bot\images\BPC_01_Red_Bold.jpg
[2026-04-10T20:55:48.049Z] ⏱️  [timer] Group 1 image upload started
[2026-04-10T20:55:48.051Z] [group 1] 🖼️  Starting image upload: C:\Users\hp\Downloads\Micheal FB bot\Micheal FB bot\images\BPC_01_Red_Bold.jpg
[2026-04-10T20:55:48.087Z] [group 1] File inputs before photo click: 5
[2026-04-10T20:55:48.220Z] [group 1] ✅ File chooser accepted via selector: [role="dialog"] [role="button"][aria-label*="photo" i]
[2026-04-10T20:55:50.755Z] [group 1] ✅ Image preview confirmed in composer
[2026-04-10T20:55:50.755Z] ✓ [timer] Group 1 image upload - took 2.71s
[2026-04-10T20:55:52.764Z] [group 1] Brief pause before typing...
[2026-04-10T20:55:54.775Z] [group 1] Typing message...
[2026-04-10T20:55:54.775Z] ⏱️  [timer] Group 1 typing started
[2026-04-10T20:55:54.783Z] [compose] Strategy 1 — keyboard typing…
[2026-04-10T20:57:18.182Z] [compose] Keyboard typing succeeded.
[2026-04-10T20:57:18.182Z] ✓ [timer] Group 1 typing - took 83.41s
[2026-04-10T20:57:23.185Z] [group 1] Submitting post...
[2026-04-10T20:57:23.186Z] ⏱️  [timer] Group 1 submit started
[2026-04-10T20:57:24.725Z] ✓ [timer] Group 1 submit - took 1.54s
[2026-04-10T20:57:24.725Z] [group 1] ✅ Post submitted!
[2026-04-10T20:57:29.741Z] [group 1] Waiting 30s before next group...
[2026-04-10T20:57:59.808Z] [group 1] Tab closed.
[2026-04-10T20:57:59.808Z] ✓ [timer] Group 1 total time - took 147.28s
[2026-04-10T20:57:59.809Z] 
[group 2/19] https://www.facebook.com/groups/321100208080255
[2026-04-10T20:57:59.809Z] ⏱️  [timer] Group 2 total time started
[2026-04-10T20:58:00.056Z] [group 2] Opening in new tab...
[2026-04-10T20:58:00.057Z] ⏱️  [timer] Group 2 navigation started
[2026-04-10T20:58:06.979Z] ERROR: ❌ [group 2] Error: Navigating frame was detached
[2026-04-10T20:58:06.980Z] [group 2] Skipping and continuing...
[2026-04-10T20:58:06.981Z] [group 2] Waiting 15s to recover...
[2026-04-10T20:58:21.988Z] ✓ [timer] Group 2 total time - took 22.18s
[2026-04-10T20:58:21.988Z] 
[group 3/19] https://www.facebook.com/groups/1616735018616241
[2026-04-10T20:58:21.988Z] ⏱️  [timer] Group 3 total time started
[2026-04-10T20:58:21.990Z] ERROR: ❌ [group 3] Error: Protocol error: Connection closed.
[2026-04-10T20:58:21.990Z] [group 3] Skipping and continuing...
[2026-04-10T20:58:21.990Z] [group 3] Waiting 15s to recover...
[2026-04-10T20:58:37.002Z] ✓ [timer] Group 3 total time - took 15.01s
[2026-04-10T20:58:37.003Z] 
[group 4/19] https://www.facebook.com/groups/1207536042690077
[2026-04-10T20:58:37.003Z] ⏱️  [timer] Group 4 total time started
[2026-04-10T20:58:37.004Z] ERROR: ❌ [group 4] Error: Protocol error: Connection closed.
[2026-04-10T20:58:37.005Z] [group 4] Skipping and continuing...
[2026-04-10T20:58:37.005Z] [group 4] Waiting 15s to recover...
[2026-04-10T20:58:52.021Z] ✓ [timer] Group 4 total time - took 15.02s
[2026-04-10T20:58:52.021Z] 
[group 5/19] https://www.facebook.com/groups/daytonohioofficalgroup
[2026-04-10T20:58:52.022Z] ⏱️  [timer] Group 5 total time started
[2026-04-10T20:58:52.022Z] ERROR: ❌ [group 5] Error: Protocol error: Connection closed.
[2026-04-10T20:58:52.022Z] [group 5] Skipping and continuing...
[2026-04-10T20:58:52.023Z] [group 5] Waiting 15s to recover...
[2026-04-10T20:59:07.034Z] ✓ [timer] Group 5 total time - took 15.01s
[2026-04-10T20:59:07.034Z] 
[group 6/19] https://www.facebook.com/groups/352269745902233
[2026-04-10T20:59:07.035Z] ⏱️  [timer] Group 6 total time started
[2026-04-10T20:59:07.035Z] ERROR: ❌ [group 6] Error: Protocol error: Connection closed.
[2026-04-10T20:59:07.036Z] [group 6] Skipping and continuing...
[2026-04-10T20:59:07.036Z] [group 6] Waiting 15s to recover...
[2026-04-10T20:59:22.116Z] ✓ [timer] Group 6 total time - took 15.04s
[2026-04-10T20:59:22.183Z] 
[group 7/19] https://www.facebook.com/groups/134313067284410
[2026-04-10T20:59:22.185Z] ⏱️  [timer] Group 7 total time started
[2026-04-10T20:59:22.200Z] ERROR: ❌ [group 7] Error: Protocol error: Connection closed.
[2026-04-10T20:59:22.212Z] [group 7] Skipping and continuing...
[2026-04-10T20:59:22.213Z] [group 7] Waiting 15s to recover...
[2026-04-10T20:59:37.217Z] ✓ [timer] Group 7 total time - took 15.03s
[2026-04-10T20:59:37.219Z] 
[group 8/19] https://www.facebook.com/groups/1607253266228607
[2026-04-10T20:59:37.219Z] ⏱️  [timer] Group 8 total time started
[2026-04-10T20:59:37.220Z] ERROR: ❌ [group 8] Error: Protocol error: Connection closed.
[2026-04-10T20:59:37.221Z] [group 8] Skipping and continuing...
[2026-04-10T20:59:37.221Z] [group 8] Waiting 15s to recover...
[2026-04-10T21:06:20.264Z] ✓ [timer] Group 8 total time - took 402.95s
[2026-04-10T21:06:20.286Z] 
[group 9/19] https://www.facebook.com/groups/573120166202117
[2026-04-10T21:06:20.298Z] ⏱️  [timer] Group 9 total time started
[2026-04-10T21:06:20.315Z] ERROR: ❌ [group 9] Error: Protocol error: Connection closed.
[2026-04-10T21:06:20.321Z] [group 9] Skipping and continuing...
[2026-04-10T21:06:20.330Z] [group 9] Waiting 15s to recover...
[2026-04-10T21:06:35.331Z] ✓ [timer] Group 9 total time - took 15.04s
[2026-04-10T21:06:35.331Z] 
[group 10/19] https://www.facebook.com/groups/2055489764565301
[2026-04-10T21:06:35.332Z] ⏱️  [timer] Group 10 total time started
[2026-04-10T21:06:35.332Z] ERROR: ❌ [group 10] Error: Protocol error: Connection closed.
[2026-04-10T21:06:35.332Z] [group 10] Skipping and continuing...
[2026-04-10T21:06:35.332Z] [group 10] Waiting 15s to recover...
[2026-04-10T21:06:50.339Z] ✓ [timer] Group 10 total time - took 15.01s
[2026-04-10T21:06:50.340Z] 
[group 11/19] https://www.facebook.com/groups/589854821079495
[2026-04-10T21:06:50.340Z] ⏱️  [timer] Group 11 total time started
[2026-04-10T21:06:50.340Z] ERROR: ❌ [group 11] Error: Protocol error: Connection closed.
[2026-04-10T21:06:50.341Z] [group 11] Skipping and continuing...
[2026-04-10T21:06:50.341Z] [group 11] Waiting 15s to recover...
[2026-04-10T21:07:05.346Z] ✓ [timer] Group 11 total time - took 15.01s
[2026-04-10T21:07:05.347Z] 
[group 12/19] https://www.facebook.com/groups/daytonohionews
[2026-04-10T21:07:05.348Z] ⏱️  [timer] Group 12 total time started
[2026-04-10T21:07:05.348Z] ERROR: ❌ [group 12] Error: Protocol error: Connection closed.
[2026-04-10T21:07:05.348Z] [group 12] Skipping and continuing...
[2026-04-10T21:07:05.348Z] [group 12] Waiting 15s to recover...
[2026-04-10T21:07:20.354Z] ✓ [timer] Group 12 total time - took 15.01s
[2026-04-10T21:07:20.355Z] 
[group 13/19] https://www.facebook.com/groups/1063689851195913
[2026-04-10T21:07:20.355Z] ⏱️  [timer] Group 13 total time started
[2026-04-10T21:07:20.356Z] ERROR: ❌ [group 13] Error: Protocol error: Connection closed.
[2026-04-10T21:07:20.358Z] [group 13] Skipping and continuing...
[2026-04-10T21:07:20.360Z] [group 13] Waiting 15s to recover...
[2026-04-10T21:07:35.368Z] ✓ [timer] Group 13 total time - took 15.01s
[2026-04-10T21:07:35.368Z] 
[group 14/19] https://www.facebook.com/groups/trotwoodfriends
[2026-04-10T21:07:35.369Z] ⏱️  [timer] Group 14 total time started
[2026-04-10T21:07:35.369Z] ERROR: ❌ [group 14] Error: Protocol error: Connection closed.
[2026-04-10T21:07:35.369Z] [group 14] Skipping and continuing...
[2026-04-10T21:07:35.370Z] [group 14] Waiting 15s to recover...
[2026-04-10T21:07:50.373Z] ✓ [timer] Group 14 total time - took 15.01s
[2026-04-10T21:07:50.374Z] 
[group 15/19] https://www.facebook.com/groups/299931344393332
[2026-04-10T21:07:50.374Z] ⏱️  [timer] Group 15 total time started
[2026-04-10T21:07:50.375Z] ERROR: ❌ [group 15] Error: Protocol error: Connection closed.
[2026-04-10T21:07:50.375Z] [group 15] Skipping and continuing...
[2026-04-10T21:07:50.375Z] [group 15] Waiting 15s to recover...
[2026-04-10T21:08:05.394Z] ✓ [timer] Group 15 total time - took 15.02s
[2026-04-10T21:08:05.398Z] 
[group 16/19] https://www.facebook.com/groups/711326257584201
[2026-04-10T21:08:05.405Z] ⏱️  [timer] Group 16 total time started
[2026-04-10T21:08:05.407Z] ERROR: ❌ [group 16] Error: Protocol error: Connection closed.
[2026-04-10T21:08:05.409Z] [group 16] Skipping and continuing...
[2026-04-10T21:08:05.410Z] [group 16] Waiting 15s to recover...
[2026-04-10T21:08:20.414Z] ✓ [timer] Group 16 total time - took 15.02s
[2026-04-10T21:08:20.416Z] 
[group 17/19] https://www.facebook.com/groups/udlandlordhousing
[2026-04-10T21:08:20.417Z] ⏱️  [timer] Group 17 total time started
[2026-04-10T21:08:20.417Z] ERROR: ❌ [group 17] Error: Protocol error: Connection closed.
[2026-04-10T21:08:20.418Z] [group 17] Skipping and continuing...
[2026-04-10T21:08:20.418Z] [group 17] Waiting 15s to recover...
[2026-04-10T21:08:35.433Z] ✓ [timer] Group 17 total time - took 15.02s
[2026-04-10T21:08:35.434Z] 
[group 18/19] https://www.facebook.com/groups/MontgomeryRoomForRents
[2026-04-10T21:08:35.434Z] ⏱️  [timer] Group 18 total time started
[2026-04-10T21:08:35.434Z] ERROR: ❌ [group 18] Error: Protocol error: Connection closed.
[2026-04-10T21:08:35.435Z] [group 18] Skipping and continuing...
[2026-04-10T21:08:35.435Z] [group 18] Waiting 15s to recover...
[2026-04-10T21:08:50.437Z] ✓ [timer] Group 18 total time - took 15.00s
[2026-04-10T21:08:50.437Z] 
[group 19/19] https://www.facebook.com/groups/368792408835976
[2026-04-10T21:08:50.437Z] ⏱️  [timer] Group 19 total time started
[2026-04-10T21:08:50.438Z] ERROR: ❌ [group 19] Error: Protocol error: Connection closed.
[2026-04-10T21:08:50.438Z] [group 19] Skipping and continuing...
[2026-04-10T21:08:50.438Z] ✓ [timer] Group 19 total time - took 0.00s
[2026-04-10T21:08:50.445Z] [scheduler] Post #1 done. Posted today: 1
[2026-04-10T21:08:50.446Z] [scheduler] Next post in 0s (Post #2)
[2026-04-10T21:08:50.447Z] 
======================================================================
[2026-04-10T21:08:50.447Z] ✅ POST #1 COMPLETED - Total time: 13.30 minutes
[2026-04-10T21:08:50.447Z] ======================================================================

[2026-04-10T21:08:50.447Z] 
======================================================================
[2026-04-10T21:08:50.447Z] 🎉 ALL POSTS COMPLETED
[2026-04-10T21:08:50.448Z] ======================================================================
