[2026-04-10T18:45:07.655Z] [scheduler] Loaded 12 posts from posts.json
[2026-04-10T18:45:07.660Z] 🔄 [scheduler] RESET_POSTS is enabled - starting from post 1
[2026-04-10T18:45:07.665Z] [scheduler] Found next post to post: Post #1
[2026-04-10T18:45:20.779Z] [captcha] Checking for CAPTCHA…
[2026-04-10T18:45:21.313Z] [session] Attempting auto-login...
[2026-04-10T18:45:24.191Z] [login] ====== AUTO-LOGIN ATTEMPT ======
[2026-04-10T18:45:24.191Z] [login] ====== STEP 1: Looking for Email Field ======
[2026-04-10T18:45:24.923Z] [login] Email field not immediately visible
[2026-04-10T18:45:24.924Z] [login] ====== STEP 2: Looking for Continue Button ======
[2026-04-10T18:45:25.533Z] [login] ====== STEP 3: Looking for Password Field ======
[2026-04-10T18:45:27.551Z] [login] No password field found - already logged in or unexpected state
[2026-04-10T18:45:27.551Z] [login] ====== AUTO-LOGIN COMPLETE ======
[2026-04-10T18:45:38.775Z] [session] Cookies saved to session.json
[2026-04-10T18:45:38.777Z] [multi-group] Posting to 19 group(s).
[2026-04-10T18:45:38.924Z] 
======================================================================
[2026-04-10T18:45:38.924Z] 📝 POST #1 START TIME: 11:45:38 PM
[2026-04-10T18:45:38.925Z] ======================================================================
[2026-04-10T18:45:38.925Z] 
[group 1/19] https://www.facebook.com/groups/225542072815842
[2026-04-10T18:45:38.926Z] ⏱️  [timer] Group 1 total time started
[2026-04-10T18:45:39.250Z] [group 1] Opening in new tab...
[2026-04-10T18:45:39.250Z] ⏱️  [timer] Group 1 navigation started
[2026-04-10T18:45:48.145Z] ✓ [timer] Group 1 navigation - took 8.89s
[2026-04-10T18:45:50.157Z] [login] ====== AUTO-LOGIN ATTEMPT ======
[2026-04-10T18:45:50.158Z] [login] ====== STEP 1: Looking for Email Field ======
[2026-04-10T18:45:50.212Z] [login] Email field not immediately visible
[2026-04-10T18:45:50.213Z] [login] ====== STEP 2: Looking for Continue Button ======
[2026-04-10T18:45:51.369Z] [login] ====== STEP 3: Looking for Password Field ======
[2026-04-10T18:45:53.381Z] [login] No password field found - already logged in or unexpected state
[2026-04-10T18:45:53.382Z] [login] ====== AUTO-LOGIN COMPLETE ======
[2026-04-10T18:45:53.383Z] ⏱️  [timer] Group 1 captcha started
[2026-04-10T18:45:53.384Z] [captcha] Checking for CAPTCHA…
[2026-04-10T18:45:53.895Z] ✓ [timer] Group 1 captcha - took 0.51s
[2026-04-10T18:45:53.897Z] [group 1] Opening composer...
[2026-04-10T18:45:53.898Z] ⏱️  [timer] Group 1 composer open started
[2026-04-10T18:46:02.177Z] ✓ [timer] Group 1 composer open - took 8.28s
[2026-04-10T18:46:05.259Z] [group 1] 🖼️  Selecting image from dir: C:\Users\hp\Downloads\Micheal FB bot\Micheal FB bot\images
[2026-04-10T18:46:05.260Z] [images] Resolved image dir: C:\Users\hp\Downloads\Micheal FB bot\Micheal FB bot\images
[2026-04-10T18:46:05.268Z] [images] Found 8 image(s): ["C:\\Users\\hp\\Downloads\\Micheal FB bot\\Micheal FB bot\\images\\BPC_01_Red_Bold.jpg","C:\\Users\\hp\\Downloads\\Micheal FB bot\\Micheal FB bot\\images\\BPC_02_Navy_Gold.jpg","C:\\Users\\hp\\Downloads\\Micheal FB bot\\Micheal FB bot\\images\\BPC_03_Teal_Modern.jpg","C:\\Users\\hp\\Downloads\\Micheal FB bot\\Micheal FB bot\\images\\BPC_04_Black_Yellow.jpg","C:\\Users\\hp\\Downloads\\Micheal FB bot\\Micheal FB bot\\images\\BPC_05_Warm_Earthy.jpg","C:\\Users\\hp\\Downloads\\Micheal FB bot\\Micheal FB bot\\images\\BPC_06_Sage_Section8.jpg","C:\\Users\\hp\\Downloads\\Micheal FB bot\\Micheal FB bot\\images\\BPC_07_Orange_Dark.jpg","C:\\Users\\hp\\Downloads\\Micheal FB bot\\Micheal FB bot\\images\\BPC_08_Steel_Blue.jpg"]
[2026-04-10T18:46:05.276Z] [images] postId=1 → index=0 → C:\Users\hp\Downloads\Micheal FB bot\Micheal FB bot\images\BPC_01_Red_Bold.jpg
[2026-04-10T18:46:05.277Z] [group 1] 📤 Selected image file: C:\Users\hp\Downloads\Micheal FB bot\Micheal FB bot\images\BPC_01_Red_Bold.jpg
[2026-04-10T18:46:05.278Z] [group 1] 📄 File exists: true
[2026-04-10T18:46:05.279Z] ⏱️  [timer] Group 1 image upload started
[2026-04-10T18:46:05.315Z] [group 1] Found 5 file input(s)
[2026-04-10T18:46:05.360Z] [group 1] ✅ uploadFile() called on input #1
[2026-04-10T18:46:11.373Z] [group 1] ✅ Image confirmed in composer
[2026-04-10T18:46:11.373Z] [group 1] ⏳ Waiting 2s before typing...
[2026-04-10T18:46:13.385Z] ✓ [timer] Group 1 image upload - took 8.11s
[2026-04-10T18:46:13.386Z] [group 1] Taking a brief pause before typing...
[2026-04-10T18:46:15.396Z] [group 1] Typing message...
[2026-04-10T18:46:15.396Z] ⏱️  [timer] Group 1 typing started
[2026-04-10T18:46:15.402Z] [compose] Strategy 1 — keyboard typing…
[2026-04-10T18:47:36.400Z] [compose] Keyboard typing succeeded.
[2026-04-10T18:47:36.400Z] ✓ [timer] Group 1 typing - took 81.00s
[2026-04-10T18:47:41.402Z] [group 1] ✅ Draft ready. SKIP_POST=true — not clicking Post.
[2026-04-10T18:47:41.402Z] [group 1] Waiting 30 seconds before next group...
