[2026-04-10T18:33:40.225Z] [scheduler] Loaded 12 posts from posts.json
[2026-04-10T18:33:40.226Z] 🔄 [scheduler] RESET_POSTS is enabled - starting from post 1
[2026-04-10T18:33:40.226Z] [scheduler] Found next post to post: Post #1
[2026-04-10T18:33:53.436Z] [captcha] Checking for CAPTCHA…
[2026-04-10T18:33:53.970Z] [session] Attempting auto-login...
[2026-04-10T18:33:55.974Z] [login] ====== AUTO-LOGIN ATTEMPT ======
[2026-04-10T18:33:55.974Z] [login] ====== STEP 1: Looking for Email Field ======
[2026-04-10T18:33:56.065Z] [login] Email field not immediately visible
[2026-04-10T18:33:56.066Z] [login] ====== STEP 2: Looking for Continue Button ======
[2026-04-10T18:33:56.969Z] [login] ====== STEP 3: Looking for Password Field ======
[2026-04-10T18:33:58.980Z] [login] No password field found - already logged in or unexpected state
[2026-04-10T18:33:58.980Z] [login] ====== AUTO-LOGIN COMPLETE ======
[2026-04-10T18:34:15.123Z] [session] Cookies saved to session.json
[2026-04-10T18:34:15.125Z] [multi-group] Posting to 19 group(s).
[2026-04-10T18:34:15.196Z] 
======================================================================
[2026-04-10T18:34:15.196Z] 📝 POST #1 START TIME: 11:34:15 PM
[2026-04-10T18:34:15.196Z] ======================================================================
[2026-04-10T18:34:15.197Z] 
[group 1/19] https://www.facebook.com/groups/225542072815842
[2026-04-10T18:34:15.197Z] ⏱️  [timer] Group 1 total time started
[2026-04-10T18:34:15.670Z] [group 1] Opening in new tab...
[2026-04-10T18:34:15.672Z] ⏱️  [timer] Group 1 navigation started
[2026-04-10T18:34:21.803Z] ✓ [timer] Group 1 navigation - took 6.13s
[2026-04-10T18:34:23.815Z] [login] ====== AUTO-LOGIN ATTEMPT ======
[2026-04-10T18:34:23.815Z] [login] ====== STEP 1: Looking for Email Field ======
[2026-04-10T18:34:23.839Z] [login] Email field not immediately visible
[2026-04-10T18:34:23.839Z] [login] ====== STEP 2: Looking for Continue Button ======
[2026-04-10T18:34:24.158Z] [login] ====== STEP 3: Looking for Password Field ======
[2026-04-10T18:34:26.167Z] [login] No password field found - already logged in or unexpected state
[2026-04-10T18:34:26.167Z] [login] ====== AUTO-LOGIN COMPLETE ======
[2026-04-10T18:34:26.168Z] ⏱️  [timer] Group 1 captcha started
[2026-04-10T18:34:26.169Z] [captcha] Checking for CAPTCHA…
[2026-04-10T18:34:26.685Z] ✓ [timer] Group 1 captcha - took 0.52s
[2026-04-10T18:34:26.687Z] [group 1] Opening composer...
[2026-04-10T18:34:26.687Z] ⏱️  [timer] Group 1 composer open started
[2026-04-10T18:34:34.547Z] ✓ [timer] Group 1 composer open - took 7.86s
[2026-04-10T18:34:38.956Z] [group 1] 🖼️  Selecting image from dir: C:\Users\hp\Downloads\Micheal FB bot\Micheal FB bot\images
[2026-04-10T18:34:38.958Z] [group 1] 📤 Selected image file: C:\Users\hp\Downloads\Micheal FB bot\Micheal FB bot\images\BPC_01_Red_Bold.jpg
[2026-04-10T18:34:38.958Z] [group 1] 📄 File exists: true
[2026-04-10T18:34:38.958Z] ⏱️  [timer] Group 1 image upload started
[2026-04-10T18:34:38.963Z] [group 1] 📁 Looking for file input...
[2026-04-10T18:34:38.968Z] [group 1] ✅ File input found
[2026-04-10T18:34:38.968Z] [group 1] 📄 File path: C:\Users\hp\Downloads\Micheal FB bot\Micheal FB bot\images\BPC_01_Red_Bold.jpg
[2026-04-10T18:34:38.969Z] [group 1] 📋 File exists: true
[2026-04-10T18:34:38.969Z] [group 1] 🔄 Setting up file chooser listener...
[2026-04-10T18:34:38.969Z] [group 1] 📂 Clicking file input...
[2026-04-10T18:34:44.673Z] [group 1] ❌ Upload error: Node is either not clickable or not an Element
[2026-04-10T18:34:44.673Z] [group 1] ℹ️  Posting without image
[2026-04-10T18:34:44.673Z] [group 1] ⏳ Waiting 2s before typing...
[2026-04-10T18:34:46.674Z] ✓ [timer] Group 1 image upload - took 7.71s
[2026-04-10T18:34:46.674Z] [group 1] Taking a brief pause before typing...
[2026-04-10T18:34:48.686Z] [group 1] Typing message...
[2026-04-10T18:34:48.687Z] ⏱️  [timer] Group 1 typing started
[2026-04-10T18:34:48.721Z] [compose] Strategy 1 — keyboard typing…
