[2026-04-09T20:20:36.188Z] [scheduler] Loaded 12 posts from posts.json
[2026-04-09T20:20:36.189Z] 🔄 [scheduler] RESET_POSTS is enabled - starting from post 1
[2026-04-09T20:20:36.189Z] [scheduler] Found next post to post: Post #1
[2026-04-09T20:20:47.530Z] [captcha] Checking for CAPTCHA…
[2026-04-09T20:20:48.054Z] [session] Attempting auto-login...
[2026-04-09T20:20:50.057Z] [login] ====== AUTO-LOGIN ATTEMPT ======
[2026-04-09T20:20:50.058Z] [login] Looking for Continue button...
[2026-04-09T20:20:50.062Z] [login] Trying alternative selectors...
[2026-04-09T20:20:50.063Z] [login] XPath method failed: page.$x is not a function
[2026-04-09T20:20:50.063Z] [login] Trying Tab + Enter method...
[2026-04-09T20:20:50.076Z] [login] ====== Looking for Login Form ======
[2026-04-09T20:20:51.120Z] [login] No password field found - already logged in
[2026-04-09T20:20:51.120Z] [login] ====== AUTO-LOGIN COMPLETE ======
[2026-04-09T20:20:59.490Z] [session] Cookies saved to session.json
[2026-04-09T20:20:59.490Z] [multi-group] Posting to 19 group(s).
[2026-04-09T20:20:59.592Z] 
======================================================================
[2026-04-09T20:20:59.592Z] 📝 POST #1 START TIME: 1:20:59 AM
[2026-04-09T20:20:59.595Z] ======================================================================
[2026-04-09T20:20:59.597Z] 
[group 1/19] https://www.facebook.com/groups/225542072815842
[2026-04-09T20:20:59.605Z] ⏱️  [timer] Group 1 total time started
[2026-04-09T20:20:59.922Z] [group 1] Opening in new tab...
[2026-04-09T20:20:59.922Z] ⏱️  [timer] Group 1 navigation started
[2026-04-09T20:21:31.686Z] ✓ [timer] Group 1 navigation - took 31.76s
[2026-04-09T20:21:33.694Z] [login] ====== AUTO-LOGIN ATTEMPT ======
[2026-04-09T20:21:33.695Z] [login] Looking for Continue button...
[2026-04-09T20:21:33.698Z] [login] Trying alternative selectors...
[2026-04-09T20:21:33.698Z] [login] XPath method failed: page.$x is not a function
[2026-04-09T20:21:33.699Z] [login] Trying Tab + Enter method...
[2026-04-09T20:21:33.701Z] [login] ====== Looking for Login Form ======
[2026-04-09T20:21:34.733Z] [login] No password field found - already logged in
[2026-04-09T20:21:34.734Z] [login] ====== AUTO-LOGIN COMPLETE ======
[2026-04-09T20:21:34.735Z] ⏱️  [timer] Group 1 captcha started
[2026-04-09T20:21:34.735Z] [captcha] Checking for CAPTCHA…
[2026-04-09T20:21:35.256Z] ✓ [timer] Group 1 captcha - took 0.52s
[2026-04-09T20:21:35.258Z] [group 1] Opening composer...
[2026-04-09T20:21:35.258Z] ⏱️  [timer] Group 1 composer open started
[2026-04-09T20:21:50.665Z] ERROR: ❌ [group 1] Error posting: Composer dialog did not open (group may be restricted or closed)
[2026-04-09T20:21:50.665Z] [group 1] Skipping this group and continuing...
[2026-04-09T20:21:55.710Z] [group 1] Tab closed.
[2026-04-09T20:21:55.711Z] ✓ [timer] Group 1 total time - took 56.11s
[2026-04-09T20:21:55.711Z] 
[group 2/19] https://www.facebook.com/groups/321100208080255
[2026-04-09T20:21:55.712Z] ⏱️  [timer] Group 2 total time started
[2026-04-09T20:21:55.909Z] [group 2] Opening in new tab...
[2026-04-09T20:21:55.910Z] ⏱️  [timer] Group 2 navigation started
[2026-04-09T20:22:04.936Z] ✓ [timer] Group 2 navigation - took 9.03s
[2026-04-09T20:22:06.937Z] [login] ====== AUTO-LOGIN ATTEMPT ======
[2026-04-09T20:22:06.937Z] [login] Looking for Continue button...
[2026-04-09T20:22:06.941Z] [login] Trying alternative selectors...
[2026-04-09T20:22:06.942Z] [login] XPath method failed: page.$x is not a function
[2026-04-09T20:22:06.942Z] [login] Trying Tab + Enter method...
[2026-04-09T20:22:06.945Z] [login] ====== Looking for Login Form ======
[2026-04-09T20:22:07.977Z] [login] No password field found - already logged in
[2026-04-09T20:22:07.978Z] [login] ====== AUTO-LOGIN COMPLETE ======
[2026-04-09T20:22:07.979Z] ⏱️  [timer] Group 2 captcha started
[2026-04-09T20:22:07.979Z] [captcha] Checking for CAPTCHA…
[2026-04-09T20:22:08.486Z] ✓ [timer] Group 2 captcha - took 0.51s
[2026-04-09T20:22:08.489Z] [group 2] Opening composer...
[2026-04-09T20:22:08.489Z] ⏱️  [timer] Group 2 composer open started
[2026-04-09T20:22:17.198Z] ✓ [timer] Group 2 composer open - took 8.71s
[2026-04-09T20:22:21.550Z] [group 2] Typing message...
[2026-04-09T20:22:21.551Z] ⏱️  [timer] Group 2 typing started
[2026-04-09T20:22:21.556Z] [compose] Strategy 1 — keyboard typing…
[2026-04-09T20:23:41.883Z] [compose] Keyboard typing succeeded.
[2026-04-09T20:23:41.883Z] ✓ [timer] Group 2 typing - took 80.33s
[2026-04-09T20:23:41.885Z] [group 2] 🖼️  Selecting image...
[2026-04-09T20:23:41.888Z] [group 2] 📤 Uploading image: C:\Users\hp\Downloads\Micheal FB bot\Micheal FB bot\images\BPC_01_Red_Bold.png
[2026-04-09T20:23:41.888Z] ⏱️  [timer] Group 2 image upload started
[2026-04-09T20:23:41.898Z] [group 2] 📝 File input already visible/present
[2026-04-09T20:23:41.898Z] [group 2] 📝 Uploading file: C:\Users\hp\Downloads\Micheal FB bot\Micheal FB bot\images\BPC_01_Red_Bold.png
[2026-04-09T20:23:41.940Z] [group 2] ✅ uploadFile() call completed
[2026-04-09T20:23:41.941Z] ✓ [timer] Group 2 image upload - took 0.05s
[2026-04-09T20:23:49.948Z] [group 2] Submitting post...
[2026-04-09T20:23:49.948Z] ⏱️  [timer] Group 2 submit started
[2026-04-09T20:23:55.749Z] ✓ [timer] Group 2 submit - took 5.80s
[2026-04-09T20:23:55.750Z] [group 2] ✅ Post submitted successfully!
[2026-04-09T20:24:00.765Z] [group 2] Waiting 30 seconds before next group...
[2026-04-09T20:24:30.823Z] [group 2] Tab closed.
[2026-04-09T20:24:30.823Z] ✓ [timer] Group 2 total time - took 155.11s
[2026-04-09T20:24:30.824Z] 
[group 3/19] https://www.facebook.com/groups/1616735018616241
[2026-04-09T20:24:30.824Z] ⏱️  [timer] Group 3 total time started
[2026-04-09T20:24:31.012Z] [group 3] Opening in new tab...
[2026-04-09T20:24:31.012Z] ⏱️  [timer] Group 3 navigation started
[2026-04-09T20:24:38.404Z] ✓ [timer] Group 3 navigation - took 7.39s
[2026-04-09T20:24:40.412Z] [login] ====== AUTO-LOGIN ATTEMPT ======
[2026-04-09T20:24:40.413Z] [login] Looking for Continue button...
[2026-04-09T20:24:40.417Z] [login] Trying alternative selectors...
[2026-04-09T20:24:40.418Z] [login] XPath method failed: page.$x is not a function
[2026-04-09T20:24:40.419Z] [login] Trying Tab + Enter method...
[2026-04-09T20:24:40.421Z] [login] ====== Looking for Login Form ======
[2026-04-09T20:24:41.446Z] [login] No password field found - already logged in
[2026-04-09T20:24:41.447Z] [login] ====== AUTO-LOGIN COMPLETE ======
[2026-04-09T20:24:41.448Z] ⏱️  [timer] Group 3 captcha started
[2026-04-09T20:24:41.449Z] [captcha] Checking for CAPTCHA…
[2026-04-09T20:24:41.963Z] ✓ [timer] Group 3 captcha - took 0.51s
[2026-04-09T20:24:41.966Z] [group 3] Opening composer...
[2026-04-09T20:24:41.966Z] ⏱️  [timer] Group 3 composer open started
[2026-04-09T20:24:49.214Z] ✓ [timer] Group 3 composer open - took 7.25s
[2026-04-09T20:24:52.937Z] [group 3] Typing message...
[2026-04-09T20:24:52.937Z] ⏱️  [timer] Group 3 typing started
[2026-04-09T20:24:52.942Z] [compose] Strategy 1 — keyboard typing…
[2026-04-09T20:26:12.559Z] [compose] Keyboard typing succeeded.
[2026-04-09T20:26:12.559Z] ✓ [timer] Group 3 typing - took 79.62s
[2026-04-09T20:26:12.559Z] [group 3] 🖼️  Selecting image...
[2026-04-09T20:26:12.560Z] [group 3] 📤 Uploading image: C:\Users\hp\Downloads\Micheal FB bot\Micheal FB bot\images\BPC_01_Red_Bold.png
[2026-04-09T20:26:12.560Z] ⏱️  [timer] Group 3 image upload started
[2026-04-09T20:26:12.566Z] [group 3] 📝 File input already visible/present
[2026-04-09T20:26:12.566Z] [group 3] 📝 Uploading file: C:\Users\hp\Downloads\Micheal FB bot\Micheal FB bot\images\BPC_01_Red_Bold.png
[2026-04-09T20:26:12.618Z] [group 3] ✅ uploadFile() call completed
[2026-04-09T20:26:12.618Z] ✓ [timer] Group 3 image upload - took 0.06s
[2026-04-09T20:26:20.632Z] [group 3] Submitting post...
[2026-04-09T20:26:20.633Z] ⏱️  [timer] Group 3 submit started
[2026-04-09T20:26:29.492Z] ✓ [timer] Group 3 submit - took 8.86s
[2026-04-09T20:26:29.492Z] [group 3] ✅ Post submitted successfully!
[2026-04-09T20:26:34.496Z] [group 3] Waiting 30 seconds before next group...
[2026-04-09T20:27:04.505Z] ✓ [timer] Group 3 total time - took 153.68s
[2026-04-09T20:27:04.506Z] 
[group 4/19] https://www.facebook.com/groups/1207536042690077
[2026-04-09T20:27:04.506Z] ⏱️  [timer] Group 4 total time started
[2026-04-09T20:27:04.681Z] [group 4] Opening in new tab...
[2026-04-09T20:27:04.682Z] ⏱️  [timer] Group 4 navigation started
[2026-04-09T20:27:13.351Z] ERROR: ❌ [group 4] Error posting: Navigating frame was detached
[2026-04-09T20:27:13.359Z] [group 4] Skipping this group and continuing...
