[2026-04-17T19:51:04.636Z] [scheduler] Loaded 12 posts from posts.json
[2026-04-17T19:51:04.637Z] 🔄 [scheduler] RESET_POSTS is enabled - starting from post 1
[2026-04-17T19:51:04.637Z] [scheduler] Found next post: Post #1
[2026-04-17T19:51:09.403Z] [captcha] Checking for CAPTCHA…
[2026-04-17T19:51:09.928Z] [session] Attempting auto-login...
[2026-04-17T19:51:09.929Z] [login] ====== AUTO-LOGIN ATTEMPT ======
[2026-04-17T19:51:09.946Z] [login] Already logged in.
[2026-04-17T19:51:21.557Z] [session] Cookies saved to session.json
[2026-04-17T19:51:21.558Z] [multi-group] Posting to 19 group(s).
[2026-04-17T19:51:21.558Z] 
======================================================================
[2026-04-17T19:51:21.725Z] 📝 POST #1 START TIME: 12:51:21 AM
[2026-04-17T19:51:21.725Z] ======================================================================
[2026-04-17T19:51:21.725Z] 
[group 1/19] https://www.facebook.com/groups/225542072815842
[2026-04-17T19:51:21.725Z] ⏱️  [timer] Group 1 total time started
[2026-04-17T19:51:21.989Z] [group 1] Opening in new tab...
[2026-04-17T19:51:21.990Z] ⏱️  [timer] Group 1 navigation started
[2026-04-17T19:51:31.697Z] ✓ [timer] Group 1 navigation - took 9.71s
[2026-04-17T19:51:31.697Z] [login] ====== AUTO-LOGIN ATTEMPT ======
[2026-04-17T19:51:31.699Z] [login] Already logged in.
[2026-04-17T19:51:31.702Z] ⏱️  [timer] Group 1 captcha started
[2026-04-17T19:51:31.703Z] [captcha] Checking for CAPTCHA…
[2026-04-17T19:51:32.210Z] ✓ [timer] Group 1 captcha - took 0.51s
[2026-04-17T19:51:32.212Z] [group 1] Opening composer...
[2026-04-17T19:51:32.212Z] ⏱️  [timer] Group 1 composer open started
[2026-04-17T19:51:33.190Z] ✓ [timer] Group 1 composer open - took 0.98s
[2026-04-17T19:51:36.379Z] [images] Resolved image dir: C:\Users\hp\Downloads\Micheal FB bot\Micheal FB bot\images
[2026-04-17T19:51:36.396Z] [images] Found 8 image(s): ["C:\\Users\\hp\\Downloads\\Micheal FB bot\\Micheal FB bot\\images\\BPC_01_Red_Bold.jpg","C:\\Users\\hp\\Downloads\\Micheal FB bot\\Micheal FB bot\\images\\BPC_02_Navy_Gold.jpg","C:\\Users\\hp\\Downloads\\Micheal FB bot\\Micheal FB bot\\images\\BPC_03_Teal_Modern.jpg","C:\\Users\\hp\\Downloads\\Micheal FB bot\\Micheal FB bot\\images\\BPC_04_Black_Yellow.jpg","C:\\Users\\hp\\Downloads\\Micheal FB bot\\Micheal FB bot\\images\\BPC_05_Warm_Earthy.jpg","C:\\Users\\hp\\Downloads\\Micheal FB bot\\Micheal FB bot\\images\\BPC_06_Sage_Section8.jpg","C:\\Users\\hp\\Downloads\\Micheal FB bot\\Micheal FB bot\\images\\BPC_07_Orange_Dark.jpg","C:\\Users\\hp\\Downloads\\Micheal FB bot\\Micheal FB bot\\images\\BPC_08_Steel_Blue.jpg"]
[2026-04-17T19:51:36.397Z] [images] postId=1 → index=0 → C:\Users\hp\Downloads\Micheal FB bot\Micheal FB bot\images\BPC_01_Red_Bold.jpg
[2026-04-17T19:51:36.398Z] [group 1] Typing message...
[2026-04-17T19:51:36.398Z] ⏱️  [timer] Group 1 typing started
[2026-04-17T19:51:36.409Z] [compose] Strategy 1 — keyboard typing…
[2026-04-17T19:51:53.498Z] ERROR: ❌ [group 1] Error: Protocol error (Input.dispatchKeyEvent): Session closed. Most likely the page has been closed.
[2026-04-17T19:51:53.608Z] [group 1] Skipping and continuing...
[2026-04-17T19:51:53.628Z] [group 1] Waiting 15s to recover...
