[2026-04-09T20:00:20.770Z] [scheduler] Loaded 12 posts from posts.json
[2026-04-09T20:00:20.770Z] 🔄 [scheduler] RESET_POSTS is enabled - starting from post 1
[2026-04-09T20:00:20.770Z] [scheduler] Found next post to post: Post #1
[2026-04-09T20:00:30.648Z] [captcha] Checking for CAPTCHA…
[2026-04-09T20:00:31.161Z] [session] Attempting auto-login...
[2026-04-09T20:00:33.165Z] [login] ====== AUTO-LOGIN ATTEMPT ======
[2026-04-09T20:00:33.165Z] [login] Looking for Continue button...
[2026-04-09T20:00:33.265Z] [login] ✅ Continue button clicked
[2026-04-09T20:00:37.271Z] [login] Continue was successfully clicked
[2026-04-09T20:00:37.271Z] [login] ====== Looking for Login Form ======
[2026-04-09T20:00:38.320Z] [login] ✅ Password field found with selector: input[name="pass"]
[2026-04-09T20:00:38.332Z] [login] Direct type failed, using evaluate
[2026-04-09T20:00:38.343Z] [login] ✅ Password filled via evaluate
[2026-04-09T20:00:39.353Z] [login] Looking for Log in button...
[2026-04-09T20:00:39.375Z] [login] ✅ Log in clicked
[2026-04-09T20:00:44.389Z] [login] ====== AUTO-LOGIN COMPLETE ======
[2026-04-09T20:00:46.403Z] 
>>> Log in to Facebook in the browser window. This script will continue when your session is active.

[2026-04-09T20:01:33.075Z] [session] Cookies saved to session.json
[2026-04-09T20:01:33.075Z] [multi-group] Posting to 19 group(s).
[2026-04-09T20:01:33.204Z] 
======================================================================
[2026-04-09T20:01:33.205Z] 📝 POST #1 START TIME: 1:01:33 AM
[2026-04-09T20:01:33.205Z] ======================================================================
[2026-04-09T20:01:33.205Z] 
[group 1/19] https://www.facebook.com/groups/225542072815842
[2026-04-09T20:01:33.205Z] ⏱️  [timer] Group 1 total time started
[2026-04-09T20:01:33.480Z] [group 1] Opening in new tab...
[2026-04-09T20:01:33.480Z] ⏱️  [timer] Group 1 navigation started
[2026-04-09T20:01:36.537Z] ERROR: ❌ [group 1] Error posting: Navigating frame was detached
[2026-04-09T20:01:36.538Z] [group 1] Skipping this group and continuing...
