[2026-04-10T18:16:41.038Z] [scheduler] Loaded 12 posts from posts.json
[2026-04-10T18:16:41.039Z] 🔄 [scheduler] RESET_POSTS is enabled - starting from post 1
[2026-04-10T18:16:41.039Z] [scheduler] Found next post to post: Post #1
[2026-04-10T18:16:54.748Z] [captcha] Checking for CAPTCHA…
[2026-04-10T18:16:55.641Z] [session] Attempting auto-login...
[2026-04-10T18:16:57.654Z] [login] ====== AUTO-LOGIN ATTEMPT ======
[2026-04-10T18:16:57.655Z] [login] ====== STEP 1: Looking for Email Field ======
[2026-04-10T18:16:57.930Z] [login] Email field not immediately visible
[2026-04-10T18:16:57.930Z] [login] ====== STEP 2: Looking for Continue Button ======
[2026-04-10T18:16:59.051Z] [login] ====== STEP 3: Looking for Password Field ======
[2026-04-10T18:17:01.071Z] [login] No password field found - already logged in or unexpected state
[2026-04-10T18:17:01.072Z] [login] ====== AUTO-LOGIN COMPLETE ======
[2026-04-10T18:17:09.225Z] [session] Cookies saved to session.json
[2026-04-10T18:17:09.225Z] [multi-group] Posting to 19 group(s).
[2026-04-10T18:17:09.382Z] 
======================================================================
[2026-04-10T18:17:09.383Z] 📝 POST #1 START TIME: 11:17:09 PM
[2026-04-10T18:17:09.383Z] ======================================================================
[2026-04-10T18:17:09.383Z] 
[group 1/19] https://www.facebook.com/groups/225542072815842
[2026-04-10T18:17:09.384Z] ⏱️  [timer] Group 1 total time started
[2026-04-10T18:17:09.810Z] [group 1] Opening in new tab...
[2026-04-10T18:17:09.810Z] ⏱️  [timer] Group 1 navigation started
[2026-04-10T18:17:16.055Z] ✓ [timer] Group 1 navigation - took 6.25s
[2026-04-10T18:17:18.056Z] [login] ====== AUTO-LOGIN ATTEMPT ======
[2026-04-10T18:17:18.056Z] [login] ====== STEP 1: Looking for Email Field ======
[2026-04-10T18:17:18.078Z] [login] Email field not immediately visible
[2026-04-10T18:17:18.079Z] [login] ====== STEP 2: Looking for Continue Button ======
[2026-04-10T18:17:18.427Z] [login] ====== STEP 3: Looking for Password Field ======
[2026-04-10T18:17:20.433Z] [login] No password field found - already logged in or unexpected state
[2026-04-10T18:17:20.433Z] [login] ====== AUTO-LOGIN COMPLETE ======
[2026-04-10T18:17:20.434Z] ⏱️  [timer] Group 1 captcha started
[2026-04-10T18:17:20.434Z] [captcha] Checking for CAPTCHA…
[2026-04-10T18:17:20.956Z] ✓ [timer] Group 1 captcha - took 0.52s
[2026-04-10T18:17:20.958Z] [group 1] Opening composer...
[2026-04-10T18:17:20.959Z] ⏱️  [timer] Group 1 composer open started
[2026-04-10T18:17:27.081Z] ✓ [timer] Group 1 composer open - took 6.12s
[2026-04-10T18:17:31.046Z] [group 1] 🖼️  Selecting image from dir: C:\Users\hp\Downloads\Micheal FB bot\Micheal FB bot\images
[2026-04-10T18:17:31.048Z] [group 1] 📤 Selected image file: C:\Users\hp\Downloads\Micheal FB bot\Micheal FB bot\images\BPC_01_Red_Bold.jpg
[2026-04-10T18:17:31.049Z] [group 1] 📄 File exists: true
[2026-04-10T18:17:31.049Z] ⏱️  [timer] Group 1 image upload started
[2026-04-10T18:17:31.054Z] [group 1] 📁 File input found
[2026-04-10T18:17:31.054Z] [group 1] 📄 Uploading: C:\Users\hp\Downloads\Micheal FB bot\Micheal FB bot\images\BPC_01_Red_Bold.jpg
[2026-04-10T18:17:31.089Z] [group 1] ✅ uploadFile() completed
[2026-04-10T18:17:31.109Z] [group 1] ⏳ Waiting 8s for image processing...
[2026-04-10T18:17:39.113Z] [group 1] ✅ Image should be attached
[2026-04-10T18:17:39.113Z] ✓ [timer] Group 1 image upload - took 8.06s
[2026-04-10T18:17:39.113Z] [group 1] Taking a brief pause before typing...
[2026-04-10T18:17:41.116Z] [group 1] Typing message...
[2026-04-10T18:17:41.116Z] ⏱️  [timer] Group 1 typing started
[2026-04-10T18:17:41.122Z] [compose] Strategy 1 — keyboard typing…
[2026-04-10T18:17:49.013Z] ERROR: ❌ [group 1] Error posting: Protocol error (Input.dispatchKeyEvent): Target closed
[2026-04-10T18:17:49.013Z] [group 1] Skipping this group and continuing...
