[2026-04-13T18:48:52.027Z] [scheduler] Loaded 12 posts from posts.json
[2026-04-13T18:48:52.028Z] 🔄 [scheduler] RESET_POSTS is enabled - starting from post 1
[2026-04-13T18:48:52.028Z] [scheduler] Found next post: Post #1
[2026-04-13T18:49:10.659Z] [captcha] Checking for CAPTCHA…
[2026-04-13T18:49:11.197Z] [session] Attempting auto-login...
[2026-04-13T18:49:11.204Z] [login] ====== AUTO-LOGIN ATTEMPT ======
[2026-04-13T18:49:11.209Z] [login] Already logged in.
[2026-04-13T18:49:19.833Z] [session] Cookies saved to session.json
[2026-04-13T18:49:19.834Z] [multi-group] Posting to 19 group(s).
[2026-04-13T18:49:19.834Z] 
======================================================================
[2026-04-13T18:49:19.920Z] 📝 POST #1 START TIME: 11:49:19 PM
[2026-04-13T18:49:19.921Z] ======================================================================
[2026-04-13T18:49:19.921Z] 
[group 1/19] https://www.facebook.com/groups/225542072815842
[2026-04-13T18:49:19.922Z] ⏱️  [timer] Group 1 total time started
[2026-04-13T18:49:20.275Z] [group 1] Opening in new tab...
[2026-04-13T18:49:20.275Z] ⏱️  [timer] Group 1 navigation started
[2026-04-13T18:49:32.980Z] ✓ [timer] Group 1 navigation - took 12.71s
[2026-04-13T18:49:32.981Z] [login] ====== AUTO-LOGIN ATTEMPT ======
[2026-04-13T18:49:32.984Z] [login] Already logged in.
[2026-04-13T18:49:32.987Z] ⏱️  [timer] Group 1 captcha started
[2026-04-13T18:49:32.988Z] [captcha] Checking for CAPTCHA…
[2026-04-13T18:49:33.507Z] ✓ [timer] Group 1 captcha - took 0.52s
[2026-04-13T18:49:33.510Z] [group 1] Opening composer...
[2026-04-13T18:49:33.510Z] ⏱️  [timer] Group 1 composer open started
[2026-04-13T18:49:35.486Z] ✓ [timer] Group 1 composer open - took 1.98s
[2026-04-13T18:49:39.310Z] [images] Resolved image dir: C:\Users\hp\Downloads\Micheal FB bot\Micheal FB bot\images
[2026-04-13T18:49:39.313Z] [images] Found 8 image(s): ["C:\\Users\\hp\\Downloads\\Micheal FB bot\\Micheal FB bot\\images\\BPC_01_Red_Bold.jpg","C:\\Users\\hp\\Downloads\\Micheal FB bot\\Micheal FB bot\\images\\BPC_02_Navy_Gold.jpg","C:\\Users\\hp\\Downloads\\Micheal FB bot\\Micheal FB bot\\images\\BPC_03_Teal_Modern.jpg","C:\\Users\\hp\\Downloads\\Micheal FB bot\\Micheal FB bot\\images\\BPC_04_Black_Yellow.jpg","C:\\Users\\hp\\Downloads\\Micheal FB bot\\Micheal FB bot\\images\\BPC_05_Warm_Earthy.jpg","C:\\Users\\hp\\Downloads\\Micheal FB bot\\Micheal FB bot\\images\\BPC_06_Sage_Section8.jpg","C:\\Users\\hp\\Downloads\\Micheal FB bot\\Micheal FB bot\\images\\BPC_07_Orange_Dark.jpg","C:\\Users\\hp\\Downloads\\Micheal FB bot\\Micheal FB bot\\images\\BPC_08_Steel_Blue.jpg"]
[2026-04-13T18:49:39.314Z] [images] postId=1 → index=0 → C:\Users\hp\Downloads\Micheal FB bot\Micheal FB bot\images\BPC_01_Red_Bold.jpg
[2026-04-13T18:49:39.315Z] [group 1] Typing message...
[2026-04-13T18:49:39.316Z] ⏱️  [timer] Group 1 typing started
[2026-04-13T18:49:39.325Z] [compose] Strategy 1 — keyboard typing…
[2026-04-13T18:51:00.351Z] [compose] Keyboard typing succeeded.
[2026-04-13T18:51:00.351Z] ✓ [timer] Group 1 typing - took 81.04s
[2026-04-13T18:51:00.355Z] ⏱️  [timer] Group 1 image upload started
[2026-04-13T18:51:00.356Z] [group 1] 🖼️  Starting image upload: C:\Users\hp\Downloads\Micheal FB bot\Micheal FB bot\images\BPC_01_Red_Bold.jpg
[2026-04-13T18:51:00.393Z] [group 1] File inputs before photo click: 6
[2026-04-13T18:51:00.519Z] [group 1] ✅ File chooser accepted via selector: [role="dialog"] [role="button"][aria-label*="photo" i]
[2026-04-13T18:51:01.537Z] [group 1] ✅ File chooser accepted and file input exists
[2026-04-13T18:51:03.548Z] ✓ [timer] Group 1 image upload - took 3.19s
[2026-04-13T18:51:03.548Z] [group 1] ✅ Image upload accepted; proceeding without early re-upload
[2026-04-13T18:51:06.574Z] [group 1] ✅ Image upload settled
[2026-04-13T18:51:06.574Z] [group 1] Submitting post...
[2026-04-13T18:51:06.575Z] ⏱️  [timer] Group 1 submit started
[2026-04-13T18:51:06.583Z] ERROR: ❌ [group 1] Error: Could not find enabled primary Post button in composer dialog.
[2026-04-13T18:51:06.583Z] [group 1] Skipping and continuing...
[2026-04-13T18:51:06.583Z] [group 1] Waiting 15s to recover...
[2026-04-13T18:51:21.660Z] [group 1] Tab closed.
[2026-04-13T18:51:21.662Z] ✓ [timer] Group 1 total time - took 121.74s
[2026-04-13T18:51:21.662Z] 
[group 2/19] https://www.facebook.com/groups/321100208080255
[2026-04-13T18:51:21.662Z] ⏱️  [timer] Group 2 total time started
[2026-04-13T18:51:21.949Z] [group 2] Opening in new tab...
[2026-04-13T18:51:21.950Z] ⏱️  [timer] Group 2 navigation started
[2026-04-13T18:51:41.903Z] ✓ [timer] Group 2 navigation - took 19.95s
[2026-04-13T18:51:41.904Z] [login] ====== AUTO-LOGIN ATTEMPT ======
[2026-04-13T18:51:41.907Z] [login] Already logged in.
[2026-04-13T18:51:41.910Z] ⏱️  [timer] Group 2 captcha started
[2026-04-13T18:51:41.910Z] [captcha] Checking for CAPTCHA…
[2026-04-13T18:51:42.448Z] ✓ [timer] Group 2 captcha - took 0.54s
[2026-04-13T18:51:42.452Z] [group 2] Opening composer...
[2026-04-13T18:51:42.453Z] ⏱️  [timer] Group 2 composer open started
[2026-04-13T18:51:43.541Z] ✓ [timer] Group 2 composer open - took 1.09s
[2026-04-13T18:51:47.287Z] [images] Resolved image dir: C:\Users\hp\Downloads\Micheal FB bot\Micheal FB bot\images
[2026-04-13T18:51:47.290Z] [images] Found 8 image(s): ["C:\\Users\\hp\\Downloads\\Micheal FB bot\\Micheal FB bot\\images\\BPC_01_Red_Bold.jpg","C:\\Users\\hp\\Downloads\\Micheal FB bot\\Micheal FB bot\\images\\BPC_02_Navy_Gold.jpg","C:\\Users\\hp\\Downloads\\Micheal FB bot\\Micheal FB bot\\images\\BPC_03_Teal_Modern.jpg","C:\\Users\\hp\\Downloads\\Micheal FB bot\\Micheal FB bot\\images\\BPC_04_Black_Yellow.jpg","C:\\Users\\hp\\Downloads\\Micheal FB bot\\Micheal FB bot\\images\\BPC_05_Warm_Earthy.jpg","C:\\Users\\hp\\Downloads\\Micheal FB bot\\Micheal FB bot\\images\\BPC_06_Sage_Section8.jpg","C:\\Users\\hp\\Downloads\\Micheal FB bot\\Micheal FB bot\\images\\BPC_07_Orange_Dark.jpg","C:\\Users\\hp\\Downloads\\Micheal FB bot\\Micheal FB bot\\images\\BPC_08_Steel_Blue.jpg"]
[2026-04-13T18:51:47.290Z] [images] postId=1 → index=0 → C:\Users\hp\Downloads\Micheal FB bot\Micheal FB bot\images\BPC_01_Red_Bold.jpg
[2026-04-13T18:51:47.291Z] [group 2] Typing message...
[2026-04-13T18:51:47.291Z] ⏱️  [timer] Group 2 typing started
[2026-04-13T18:51:47.300Z] [compose] Strategy 1 — keyboard typing…
[2026-04-13T18:51:57.229Z] ERROR: ❌ [group 2] Error: Protocol error (Input.dispatchKeyEvent): Target closed
[2026-04-13T18:51:57.230Z] [group 2] Skipping and continuing...
[2026-04-13T18:51:57.231Z] [group 2] Waiting 15s to recover...
