[2026-04-10T19:01:58.572Z] [scheduler] Loaded 12 posts from posts.json
[2026-04-10T19:01:58.572Z] 🔄 [scheduler] RESET_POSTS is enabled - starting from post 1
[2026-04-10T19:01:58.573Z] [scheduler] Found next post: Post #1
[2026-04-10T19:02:12.368Z] [captcha] Checking for CAPTCHA…
[2026-04-10T19:02:12.899Z] [session] Attempting auto-login...
[2026-04-10T19:02:14.901Z] [login] ====== AUTO-LOGIN ATTEMPT ======
[2026-04-10T19:02:14.901Z] [login] ====== STEP 1: Looking for Email Field ======
[2026-04-10T19:02:14.971Z] [login] Email field not immediately visible
[2026-04-10T19:02:14.972Z] [login] ====== STEP 2: Looking for Continue Button ======
[2026-04-10T19:02:15.746Z] [login] ====== STEP 3: Looking for Password Field ======
[2026-04-10T19:02:17.759Z] [login] No password field found - already logged in or unexpected state
[2026-04-10T19:02:17.760Z] [login] ====== AUTO-LOGIN COMPLETE ======
[2026-04-10T19:02:28.581Z] [session] Cookies saved to session.json
[2026-04-10T19:02:28.583Z] [multi-group] Posting to 19 group(s).
[2026-04-10T19:02:28.584Z] 
======================================================================
[2026-04-10T19:02:28.707Z] 📝 POST #1 START TIME: 12:02:28 AM
[2026-04-10T19:02:28.708Z] ======================================================================
[2026-04-10T19:02:28.715Z] 
[group 1/19] https://www.facebook.com/groups/225542072815842
[2026-04-10T19:02:28.716Z] ⏱️  [timer] Group 1 total time started
[2026-04-10T19:02:29.081Z] [group 1] Opening in new tab...
[2026-04-10T19:02:29.082Z] ⏱️  [timer] Group 1 navigation started
[2026-04-10T19:02:39.462Z] ✓ [timer] Group 1 navigation - took 10.38s
[2026-04-10T19:02:41.476Z] [login] ====== AUTO-LOGIN ATTEMPT ======
[2026-04-10T19:02:41.477Z] [login] ====== STEP 1: Looking for Email Field ======
[2026-04-10T19:02:41.503Z] [login] Email field not immediately visible
[2026-04-10T19:02:41.503Z] [login] ====== STEP 2: Looking for Continue Button ======
[2026-04-10T19:02:41.826Z] [login] ====== STEP 3: Looking for Password Field ======
[2026-04-10T19:02:43.834Z] [login] No password field found - already logged in or unexpected state
[2026-04-10T19:02:43.834Z] [login] ====== AUTO-LOGIN COMPLETE ======
[2026-04-10T19:02:43.835Z] ⏱️  [timer] Group 1 captcha started
[2026-04-10T19:02:43.835Z] [captcha] Checking for CAPTCHA…
[2026-04-10T19:02:44.349Z] ✓ [timer] Group 1 captcha - took 0.51s
[2026-04-10T19:02:44.351Z] [group 1] Opening composer...
[2026-04-10T19:02:44.351Z] ⏱️  [timer] Group 1 composer open started
[2026-04-10T19:02:49.413Z] ✓ [timer] Group 1 composer open - took 5.06s
[2026-04-10T19:02:52.950Z] [images] Resolved image dir: C:\Users\hp\Downloads\Micheal FB bot\Micheal FB bot\images
[2026-04-10T19:02:52.952Z] [images] Found 8 image(s): ["C:\\Users\\hp\\Downloads\\Micheal FB bot\\Micheal FB bot\\images\\BPC_01_Red_Bold.jpg","C:\\Users\\hp\\Downloads\\Micheal FB bot\\Micheal FB bot\\images\\BPC_02_Navy_Gold.jpg","C:\\Users\\hp\\Downloads\\Micheal FB bot\\Micheal FB bot\\images\\BPC_03_Teal_Modern.jpg","C:\\Users\\hp\\Downloads\\Micheal FB bot\\Micheal FB bot\\images\\BPC_04_Black_Yellow.jpg","C:\\Users\\hp\\Downloads\\Micheal FB bot\\Micheal FB bot\\images\\BPC_05_Warm_Earthy.jpg","C:\\Users\\hp\\Downloads\\Micheal FB bot\\Micheal FB bot\\images\\BPC_06_Sage_Section8.jpg","C:\\Users\\hp\\Downloads\\Micheal FB bot\\Micheal FB bot\\images\\BPC_07_Orange_Dark.jpg","C:\\Users\\hp\\Downloads\\Micheal FB bot\\Micheal FB bot\\images\\BPC_08_Steel_Blue.jpg"]
[2026-04-10T19:02:52.953Z] [images] postId=1 → index=0 → C:\Users\hp\Downloads\Micheal FB bot\Micheal FB bot\images\BPC_01_Red_Bold.jpg
[2026-04-10T19:02:52.953Z] ⏱️  [timer] Group 1 image upload started
[2026-04-10T19:02:52.954Z] [group 1] 🖼️  Starting image upload: C:\Users\hp\Downloads\Micheal FB bot\Micheal FB bot\images\BPC_01_Red_Bold.jpg
[2026-04-10T19:02:52.980Z] [group 1] Found 4 file input(s)
[2026-04-10T19:02:52.980Z] [group 1] 🔄 Trying file input #1...
[2026-04-10T19:02:53.017Z] [group 1] ✅ uploadFile() succeeded on input #1
[2026-04-10T19:03:01.031Z] [group 1] ⚠️  Preview selector missed — proceeding optimistically
[2026-04-10T19:03:01.031Z] ✓ [timer] Group 1 image upload - took 8.08s
[2026-04-10T19:03:03.032Z] [group 1] Brief pause before typing...
[2026-04-10T19:03:05.050Z] [group 1] Typing message...
[2026-04-10T19:03:05.050Z] ⏱️  [timer] Group 1 typing started
[2026-04-10T19:03:05.055Z] [compose] Strategy 1 — keyboard typing…
[2026-04-10T19:04:25.228Z] [compose] Keyboard typing succeeded.
[2026-04-10T19:04:25.229Z] ✓ [timer] Group 1 typing - took 80.18s
[2026-04-10T19:04:30.242Z] [group 1] ✅ Draft ready. SKIP_POST=true — not clicking Post.
[2026-04-10T19:04:30.243Z] [group 1] Waiting 30s before next group...
[2026-04-10T19:05:00.299Z] [group 1] Tab closed.
[2026-04-10T19:05:00.299Z] ✓ [timer] Group 1 total time - took 151.58s
[2026-04-10T19:05:00.299Z] 
[group 2/19] https://www.facebook.com/groups/321100208080255
[2026-04-10T19:05:00.300Z] ⏱️  [timer] Group 2 total time started
[2026-04-10T19:05:00.486Z] [group 2] Opening in new tab...
[2026-04-10T19:05:00.486Z] ⏱️  [timer] Group 2 navigation started
[2026-04-10T19:05:08.243Z] ✓ [timer] Group 2 navigation - took 7.76s
[2026-04-10T19:05:10.253Z] [login] ====== AUTO-LOGIN ATTEMPT ======
[2026-04-10T19:05:10.253Z] [login] ====== STEP 1: Looking for Email Field ======
[2026-04-10T19:05:10.275Z] [login] Email field not immediately visible
[2026-04-10T19:05:10.275Z] [login] ====== STEP 2: Looking for Continue Button ======
[2026-04-10T19:05:10.487Z] [login] ====== STEP 3: Looking for Password Field ======
[2026-04-10T19:05:12.506Z] [login] No password field found - already logged in or unexpected state
[2026-04-10T19:05:12.506Z] [login] ====== AUTO-LOGIN COMPLETE ======
[2026-04-10T19:05:12.508Z] ⏱️  [timer] Group 2 captcha started
[2026-04-10T19:05:12.508Z] [captcha] Checking for CAPTCHA…
[2026-04-10T19:05:13.018Z] ✓ [timer] Group 2 captcha - took 0.51s
[2026-04-10T19:05:13.020Z] [group 2] Opening composer...
[2026-04-10T19:05:13.021Z] ⏱️  [timer] Group 2 composer open started
[2026-04-10T19:05:19.181Z] ✓ [timer] Group 2 composer open - took 6.16s
[2026-04-10T19:05:22.471Z] [images] Resolved image dir: C:\Users\hp\Downloads\Micheal FB bot\Micheal FB bot\images
[2026-04-10T19:05:22.474Z] [images] Found 8 image(s): ["C:\\Users\\hp\\Downloads\\Micheal FB bot\\Micheal FB bot\\images\\BPC_01_Red_Bold.jpg","C:\\Users\\hp\\Downloads\\Micheal FB bot\\Micheal FB bot\\images\\BPC_02_Navy_Gold.jpg","C:\\Users\\hp\\Downloads\\Micheal FB bot\\Micheal FB bot\\images\\BPC_03_Teal_Modern.jpg","C:\\Users\\hp\\Downloads\\Micheal FB bot\\Micheal FB bot\\images\\BPC_04_Black_Yellow.jpg","C:\\Users\\hp\\Downloads\\Micheal FB bot\\Micheal FB bot\\images\\BPC_05_Warm_Earthy.jpg","C:\\Users\\hp\\Downloads\\Micheal FB bot\\Micheal FB bot\\images\\BPC_06_Sage_Section8.jpg","C:\\Users\\hp\\Downloads\\Micheal FB bot\\Micheal FB bot\\images\\BPC_07_Orange_Dark.jpg","C:\\Users\\hp\\Downloads\\Micheal FB bot\\Micheal FB bot\\images\\BPC_08_Steel_Blue.jpg"]
[2026-04-10T19:05:22.474Z] [images] postId=1 → index=0 → C:\Users\hp\Downloads\Micheal FB bot\Micheal FB bot\images\BPC_01_Red_Bold.jpg
[2026-04-10T19:05:22.474Z] ⏱️  [timer] Group 2 image upload started
[2026-04-10T19:05:22.475Z] [group 2] 🖼️  Starting image upload: C:\Users\hp\Downloads\Micheal FB bot\Micheal FB bot\images\BPC_01_Red_Bold.jpg
[2026-04-10T19:05:22.495Z] [group 2] Found 3 file input(s)
[2026-04-10T19:05:22.495Z] [group 2] 🔄 Trying file input #1...
[2026-04-10T19:05:22.532Z] [group 2] ✅ uploadFile() succeeded on input #1
[2026-04-10T19:05:30.543Z] [group 2] ⚠️  Preview selector missed — proceeding optimistically
[2026-04-10T19:05:30.544Z] ✓ [timer] Group 2 image upload - took 8.07s
[2026-04-10T19:05:32.555Z] [group 2] Brief pause before typing...
[2026-04-10T19:05:34.564Z] [group 2] Typing message...
[2026-04-10T19:05:34.564Z] ⏱️  [timer] Group 2 typing started
[2026-04-10T19:05:34.569Z] [compose] Strategy 1 — keyboard typing…
[2026-04-10T19:05:40.161Z] ERROR: ❌ [group 2] Error: Protocol error (Input.dispatchKeyEvent): Session closed. Most likely the page has been closed.
[2026-04-10T19:05:40.182Z] [group 2] Skipping and continuing...
[2026-04-10T19:05:40.193Z] [group 2] Waiting 15s to recover...
[2026-04-10T19:05:55.198Z] ✓ [timer] Group 2 total time - took 54.90s
[2026-04-10T19:05:55.199Z] 
[group 3/19] https://www.facebook.com/groups/1616735018616241
[2026-04-10T19:05:55.199Z] ⏱️  [timer] Group 3 total time started
[2026-04-10T19:05:55.199Z] ERROR: ❌ [group 3] Error: Protocol error: Connection closed.
[2026-04-10T19:05:55.199Z] [group 3] Skipping and continuing...
[2026-04-10T19:05:55.199Z] [group 3] Waiting 15s to recover...
