[2026-04-10T19:24:40.736Z] [scheduler] Loaded 12 posts from posts.json
[2026-04-10T19:24:40.736Z] 🔄 [scheduler] RESET_POSTS is enabled - starting from post 1
[2026-04-10T19:24:40.737Z] [scheduler] Found next post: Post #1
[2026-04-10T19:24:54.712Z] [captcha] Checking for CAPTCHA…
[2026-04-10T19:24:55.257Z] [session] Attempting auto-login...
[2026-04-10T19:24:57.267Z] [login] ====== AUTO-LOGIN ATTEMPT ======
[2026-04-10T19:24:57.269Z] [login] ====== STEP 1: Looking for Email Field ======
[2026-04-10T19:24:58.065Z] [login] Email field not immediately visible
[2026-04-10T19:24:58.066Z] [login] ====== STEP 2: Looking for Continue Button ======
[2026-04-10T19:24:58.449Z] [login] ====== STEP 3: Looking for Password Field ======
[2026-04-10T19:25:00.466Z] [login] No password field found - already logged in or unexpected state
[2026-04-10T19:25:00.466Z] [login] ====== AUTO-LOGIN COMPLETE ======
[2026-04-10T19:25:08.280Z] [session] Cookies saved to session.json
[2026-04-10T19:25:08.288Z] [multi-group] Posting to 19 group(s).
[2026-04-10T19:25:08.291Z] 
======================================================================
[2026-04-10T19:25:08.557Z] 📝 POST #1 START TIME: 12:25:08 AM
[2026-04-10T19:25:08.557Z] ======================================================================
[2026-04-10T19:25:08.558Z] 
[group 1/19] https://www.facebook.com/groups/225542072815842
[2026-04-10T19:25:08.558Z] ⏱️  [timer] Group 1 total time started
[2026-04-10T19:25:08.951Z] [group 1] Opening in new tab...
[2026-04-10T19:25:08.952Z] ⏱️  [timer] Group 1 navigation started
[2026-04-10T19:25:18.736Z] ✓ [timer] Group 1 navigation - took 9.79s
[2026-04-10T19:25:20.744Z] [login] ====== AUTO-LOGIN ATTEMPT ======
[2026-04-10T19:25:20.744Z] [login] ====== STEP 1: Looking for Email Field ======
[2026-04-10T19:25:20.767Z] [login] Email field not immediately visible
[2026-04-10T19:25:20.767Z] [login] ====== STEP 2: Looking for Continue Button ======
[2026-04-10T19:25:21.026Z] [login] ====== STEP 3: Looking for Password Field ======
[2026-04-10T19:25:23.044Z] [login] No password field found - already logged in or unexpected state
[2026-04-10T19:25:23.044Z] [login] ====== AUTO-LOGIN COMPLETE ======
[2026-04-10T19:25:23.047Z] ⏱️  [timer] Group 1 captcha started
[2026-04-10T19:25:23.047Z] [captcha] Checking for CAPTCHA…
[2026-04-10T19:25:23.562Z] ✓ [timer] Group 1 captcha - took 0.52s
[2026-04-10T19:25:23.564Z] [group 1] Opening composer...
[2026-04-10T19:25:23.564Z] ⏱️  [timer] Group 1 composer open started
[2026-04-10T19:25:30.930Z] ✓ [timer] Group 1 composer open - took 7.37s
[2026-04-10T19:25:34.594Z] [images] Resolved image dir: C:\Users\hp\Downloads\Micheal FB bot\Micheal FB bot\images
[2026-04-10T19:25:34.597Z] [images] Found 8 image(s): ["C:\\Users\\hp\\Downloads\\Micheal FB bot\\Micheal FB bot\\images\\BPC_01_Red_Bold.jpg","C:\\Users\\hp\\Downloads\\Micheal FB bot\\Micheal FB bot\\images\\BPC_02_Navy_Gold.jpg","C:\\Users\\hp\\Downloads\\Micheal FB bot\\Micheal FB bot\\images\\BPC_03_Teal_Modern.jpg","C:\\Users\\hp\\Downloads\\Micheal FB bot\\Micheal FB bot\\images\\BPC_04_Black_Yellow.jpg","C:\\Users\\hp\\Downloads\\Micheal FB bot\\Micheal FB bot\\images\\BPC_05_Warm_Earthy.jpg","C:\\Users\\hp\\Downloads\\Micheal FB bot\\Micheal FB bot\\images\\BPC_06_Sage_Section8.jpg","C:\\Users\\hp\\Downloads\\Micheal FB bot\\Micheal FB bot\\images\\BPC_07_Orange_Dark.jpg","C:\\Users\\hp\\Downloads\\Micheal FB bot\\Micheal FB bot\\images\\BPC_08_Steel_Blue.jpg"]
[2026-04-10T19:25:34.597Z] [images] postId=1 → index=0 → C:\Users\hp\Downloads\Micheal FB bot\Micheal FB bot\images\BPC_01_Red_Bold.jpg
[2026-04-10T19:25:34.598Z] ⏱️  [timer] Group 1 image upload started
[2026-04-10T19:25:34.599Z] [group 1] 🖼️  Starting image upload: C:\Users\hp\Downloads\Micheal FB bot\Micheal FB bot\images\BPC_01_Red_Bold.jpg
[2026-04-10T19:25:34.619Z] [group 1] Found 3 file input(s)
[2026-04-10T19:25:34.619Z] [group 1] 🔄 Trying file input #1...
[2026-04-10T19:25:34.651Z] [group 1] ✅ uploadFile() succeeded on input #1
[2026-04-10T19:25:43.399Z] [group 1] ⚠️  Preview selector missed — proceeding optimistically
[2026-04-10T19:25:43.399Z] ✓ [timer] Group 1 image upload - took 8.80s
[2026-04-10T19:25:45.409Z] [group 1] Brief pause before typing...
[2026-04-10T19:25:47.418Z] [group 1] Typing message...
[2026-04-10T19:25:47.418Z] ⏱️  [timer] Group 1 typing started
[2026-04-10T19:25:47.424Z] [compose] Strategy 1 — keyboard typing…
[2026-04-10T19:27:08.721Z] [compose] Keyboard typing succeeded.
[2026-04-10T19:27:08.721Z] ✓ [timer] Group 1 typing - took 81.30s
[2026-04-10T19:27:13.728Z] [group 1] Submitting post...
[2026-04-10T19:27:13.728Z] ⏱️  [timer] Group 1 submit started
[2026-04-10T19:27:19.978Z] ✓ [timer] Group 1 submit - took 6.25s
[2026-04-10T19:27:19.978Z] [group 1] ✅ Post submitted!
[2026-04-10T19:27:24.988Z] [group 1] Waiting 30s before next group...
[2026-04-10T19:27:55.071Z] [group 1] Tab closed.
[2026-04-10T19:27:55.073Z] ✓ [timer] Group 1 total time - took 166.51s
[2026-04-10T19:27:55.073Z] 
[group 2/19] https://www.facebook.com/groups/321100208080255
[2026-04-10T19:27:55.075Z] ⏱️  [timer] Group 2 total time started
[2026-04-10T19:27:55.305Z] [group 2] Opening in new tab...
[2026-04-10T19:27:55.305Z] ⏱️  [timer] Group 2 navigation started
[2026-04-10T19:27:58.538Z] ERROR: ❌ [group 2] Error: Navigating frame was detached
[2026-04-10T19:27:58.538Z] [group 2] Skipping and continuing...
[2026-04-10T19:27:58.544Z] [group 2] Waiting 15s to recover...
