[2026-04-10T15:15:48.701Z] [scheduler] Loaded 12 posts from posts.json
[2026-04-10T15:15:48.702Z] 🔄 [scheduler] RESET_POSTS is enabled - starting from post 1
[2026-04-10T15:15:48.702Z] [scheduler] Found next post to post: Post #1
[2026-04-10T15:15:59.455Z] [captcha] Checking for CAPTCHA…
[2026-04-10T15:15:59.973Z] [session] Attempting auto-login...
[2026-04-10T15:16:01.983Z] [login] ====== AUTO-LOGIN ATTEMPT ======
[2026-04-10T15:16:01.983Z] [login] Looking for Continue button...
[2026-04-10T15:16:01.997Z] [login] Trying alternative selectors...
[2026-04-10T15:16:01.999Z] [login] XPath method failed: page.$x is not a function
[2026-04-10T15:16:02.000Z] [login] Trying Tab + Enter method...
[2026-04-10T15:16:02.006Z] [login] ====== Looking for Login Form ======
[2026-04-10T15:16:03.057Z] [login] No password field found - already logged in
[2026-04-10T15:16:03.058Z] [login] ====== AUTO-LOGIN COMPLETE ======
[2026-04-10T15:16:14.071Z] [session] Cookies saved to session.json
[2026-04-10T15:16:14.071Z] [multi-group] Posting to 19 group(s).
[2026-04-10T15:16:14.147Z] 
======================================================================
[2026-04-10T15:16:14.149Z] 📝 POST #1 START TIME: 8:16:14 PM
[2026-04-10T15:16:14.149Z] ======================================================================
[2026-04-10T15:16:14.150Z] 
[group 1/19] https://www.facebook.com/groups/225542072815842
[2026-04-10T15:16:14.150Z] ⏱️  [timer] Group 1 total time started
[2026-04-10T15:16:14.576Z] [group 1] Opening in new tab...
[2026-04-10T15:16:14.577Z] ⏱️  [timer] Group 1 navigation started
[2026-04-10T15:16:19.933Z] ✓ [timer] Group 1 navigation - took 5.36s
[2026-04-10T15:16:21.941Z] [login] ====== AUTO-LOGIN ATTEMPT ======
[2026-04-10T15:16:21.941Z] [login] Looking for Continue button...
[2026-04-10T15:16:21.946Z] [login] Trying alternative selectors...
[2026-04-10T15:16:21.947Z] [login] XPath method failed: page.$x is not a function
[2026-04-10T15:16:21.947Z] [login] Trying Tab + Enter method...
[2026-04-10T15:16:21.950Z] [login] ====== Looking for Login Form ======
[2026-04-10T15:16:22.990Z] [login] ✅ Password field found with selector: input[name="pass"]
[2026-04-10T15:16:22.991Z] [login] Filling password: DSWMike2026***
[2026-04-10T15:16:23.007Z] [login] ✅ Password filled successfully
[2026-04-10T15:16:23.510Z] [login] Looking for Log in button...
[2026-04-10T15:16:23.532Z] [login] ✅ Log in clicked
[2026-04-10T15:16:28.535Z] [login] ====== AUTO-LOGIN COMPLETE ======
[2026-04-10T15:16:28.536Z] ⏱️  [timer] Group 1 captcha started
[2026-04-10T15:16:28.537Z] [captcha] Checking for CAPTCHA…
[2026-04-10T15:16:29.043Z] ✓ [timer] Group 1 captcha - took 0.51s
[2026-04-10T15:16:29.043Z] WARNING: 
>>> Session expired, or Facebook asked you to log in again.
>>> Please log in again in the browser.
