[2026-04-10T14:15:38.071Z] [scheduler] Loaded 12 posts from posts.json
[2026-04-10T14:15:38.071Z] 🔄 [scheduler] RESET_POSTS is enabled - starting from post 1
[2026-04-10T14:15:38.071Z] [scheduler] Found next post to post: Post #1
[2026-04-10T14:15:43.461Z] [captcha] Checking for CAPTCHA…
[2026-04-10T14:15:43.984Z] [session] Attempting auto-login...
[2026-04-10T14:15:46.000Z] [login] ====== AUTO-LOGIN ATTEMPT ======
[2026-04-10T14:15:46.001Z] [login] Looking for Continue button...
[2026-04-10T14:15:46.063Z] [login] ✅ Continue button clicked
[2026-04-10T14:15:50.070Z] [login] Continue was successfully clicked
[2026-04-10T14:15:50.071Z] [login] ====== Looking for Login Form ======
[2026-04-10T14:15:51.125Z] [login] ✅ Password field found with selector: input[name="pass"]
[2026-04-10T14:15:51.126Z] [login] Filling password: DSWMike2026***
[2026-04-10T14:15:51.143Z] [login] ✅ Password filled successfully
[2026-04-10T14:15:51.653Z] [login] Looking for Log in button...
[2026-04-10T14:15:51.658Z] [login] ✅ Log in clicked
[2026-04-10T14:15:56.731Z] [login] ====== AUTO-LOGIN COMPLETE ======
[2026-04-10T14:16:06.038Z] [session] Cookies saved to session.json
[2026-04-10T14:16:06.039Z] [multi-group] Posting to 19 group(s).
[2026-04-10T14:16:06.270Z] 
======================================================================
[2026-04-10T14:16:06.270Z] 📝 POST #1 START TIME: 7:16:06 PM
[2026-04-10T14:16:06.270Z] ======================================================================
[2026-04-10T14:16:06.270Z] 
[group 1/19] https://www.facebook.com/groups/225542072815842
[2026-04-10T14:16:06.271Z] ⏱️  [timer] Group 1 total time started
[2026-04-10T14:16:06.506Z] [group 1] Opening in new tab...
[2026-04-10T14:16:06.507Z] ⏱️  [timer] Group 1 navigation started
[2026-04-10T14:16:12.482Z] ✓ [timer] Group 1 navigation - took 5.98s
[2026-04-10T14:16:14.495Z] [login] ====== AUTO-LOGIN ATTEMPT ======
[2026-04-10T14:16:14.495Z] [login] Looking for Continue button...
[2026-04-10T14:16:14.505Z] [login] Trying alternative selectors...
[2026-04-10T14:16:14.508Z] [login] XPath method failed: page.$x is not a function
[2026-04-10T14:16:14.508Z] [login] Trying Tab + Enter method...
[2026-04-10T14:16:14.512Z] [login] ====== Looking for Login Form ======
[2026-04-10T14:16:15.532Z] [login] No password field found - already logged in
[2026-04-10T14:16:15.532Z] [login] ====== AUTO-LOGIN COMPLETE ======
[2026-04-10T14:16:15.534Z] ⏱️  [timer] Group 1 captcha started
[2026-04-10T14:16:15.534Z] [captcha] Checking for CAPTCHA…
[2026-04-10T14:16:16.042Z] ✓ [timer] Group 1 captcha - took 0.51s
[2026-04-10T14:16:16.044Z] [group 1] Opening composer...
[2026-04-10T14:16:16.045Z] ⏱️  [timer] Group 1 composer open started
[2026-04-10T14:16:22.960Z] ✓ [timer] Group 1 composer open - took 6.92s
[2026-04-10T14:16:27.186Z] [group 1] Typing message...
[2026-04-10T14:16:27.186Z] ⏱️  [timer] Group 1 typing started
[2026-04-10T14:16:27.196Z] [compose] Strategy 1 — keyboard typing…
[2026-04-10T14:17:47.246Z] [compose] Keyboard typing succeeded.
[2026-04-10T14:17:47.246Z] ✓ [timer] Group 1 typing - took 80.06s
[2026-04-10T14:17:47.247Z] [group 1] 🖼️  Selecting image...
[2026-04-10T14:17:47.250Z] [group 1] 📤 Uploading image: C:\Users\hp\Downloads\Micheal FB bot\Micheal FB bot\images\BPC_01_Red_Bold.png
[2026-04-10T14:17:47.250Z] ⏱️  [timer] Group 1 image upload started
[2026-04-10T14:17:47.258Z] [group 1] Found contenteditable composer area
[2026-04-10T14:17:47.267Z] [group 1] Using file input to upload...
[2026-04-10T14:17:47.298Z] [group 1] ✅ File uploaded
[2026-04-10T14:17:49.302Z] ✓ [timer] Group 1 image upload - took 2.05s
[2026-04-10T14:17:54.304Z] [group 1] Submitting post...
[2026-04-10T14:17:54.304Z] ⏱️  [timer] Group 1 submit started
[2026-04-10T14:17:57.552Z] ERROR: ❌ [group 1] Error posting: No element found for selector: div[role="dialog"] [aria-label="Post"]
[2026-04-10T14:17:57.552Z] [group 1] Skipping this group and continuing...
[2026-04-10T14:18:02.556Z] ✓ [timer] Group 1 total time - took 116.29s
[2026-04-10T14:18:02.556Z] 
[group 2/19] https://www.facebook.com/groups/321100208080255
[2026-04-10T14:18:02.557Z] ⏱️  [timer] Group 2 total time started
[2026-04-10T14:18:02.557Z] ERROR: ❌ [group 2] Error posting: Protocol error: Connection closed.
[2026-04-10T14:18:02.557Z] [group 2] Skipping this group and continuing...
