[2026-04-10T18:19:41.207Z] [scheduler] Loaded 12 posts from posts.json
[2026-04-10T18:19:41.207Z] 🔄 [scheduler] RESET_POSTS is enabled - starting from post 1
[2026-04-10T18:19:41.207Z] [scheduler] Found next post to post: Post #1
[2026-04-10T18:19:59.142Z] [captcha] Checking for CAPTCHA…
[2026-04-10T18:19:59.924Z] [session] Attempting auto-login...
[2026-04-10T18:20:01.928Z] [login] ====== AUTO-LOGIN ATTEMPT ======
[2026-04-10T18:20:01.928Z] [login] ====== STEP 1: Looking for Email Field ======
[2026-04-10T18:20:02.953Z] [login] Email field not immediately visible
[2026-04-10T18:20:02.953Z] [login] ====== STEP 2: Looking for Continue Button ======
[2026-04-10T18:20:03.433Z] [login] ====== STEP 3: Looking for Password Field ======
[2026-04-10T18:20:05.441Z] [login] No password field found - already logged in or unexpected state
[2026-04-10T18:20:05.441Z] [login] ====== AUTO-LOGIN COMPLETE ======
[2026-04-10T18:20:16.534Z] [session] Cookies saved to session.json
[2026-04-10T18:20:16.535Z] [multi-group] Posting to 19 group(s).
[2026-04-10T18:20:16.836Z] 
======================================================================
[2026-04-10T18:20:16.836Z] 📝 POST #1 START TIME: 11:20:16 PM
[2026-04-10T18:20:16.836Z] ======================================================================
[2026-04-10T18:20:16.837Z] 
[group 1/19] https://www.facebook.com/groups/225542072815842
[2026-04-10T18:20:16.837Z] ⏱️  [timer] Group 1 total time started
[2026-04-10T18:20:17.475Z] [group 1] Opening in new tab...
[2026-04-10T18:20:17.476Z] ⏱️  [timer] Group 1 navigation started
[2026-04-10T18:20:25.436Z] ✓ [timer] Group 1 navigation - took 7.96s
[2026-04-10T18:20:27.452Z] [login] ====== AUTO-LOGIN ATTEMPT ======
[2026-04-10T18:20:27.452Z] [login] ====== STEP 1: Looking for Email Field ======
[2026-04-10T18:20:27.477Z] [login] Email field not immediately visible
[2026-04-10T18:20:27.477Z] [login] ====== STEP 2: Looking for Continue Button ======
[2026-04-10T18:20:27.909Z] [login] ====== STEP 3: Looking for Password Field ======
[2026-04-10T18:20:29.926Z] [login] No password field found - already logged in or unexpected state
[2026-04-10T18:20:29.926Z] [login] ====== AUTO-LOGIN COMPLETE ======
[2026-04-10T18:20:29.927Z] ⏱️  [timer] Group 1 captcha started
[2026-04-10T18:20:29.928Z] [captcha] Checking for CAPTCHA…
[2026-04-10T18:20:30.438Z] ✓ [timer] Group 1 captcha - took 0.51s
[2026-04-10T18:20:30.441Z] [group 1] Opening composer...
[2026-04-10T18:20:30.441Z] ⏱️  [timer] Group 1 composer open started
[2026-04-10T18:20:36.993Z] ✓ [timer] Group 1 composer open - took 6.55s
[2026-04-10T18:20:39.239Z] [group 1] 🖼️  Selecting image from dir: C:\Users\hp\Downloads\Micheal FB bot\Micheal FB bot\images
[2026-04-10T18:20:39.244Z] [group 1] 📤 Selected image file: C:\Users\hp\Downloads\Micheal FB bot\Micheal FB bot\images\BPC_01_Red_Bold.jpg
[2026-04-10T18:20:39.244Z] [group 1] 📄 File exists: true
[2026-04-10T18:20:39.245Z] ⏱️  [timer] Group 1 image upload started
[2026-04-10T18:20:39.251Z] [group 1] 📁 File input found
[2026-04-10T18:20:39.252Z] [group 1] 📄 Uploading: C:\Users\hp\Downloads\Micheal FB bot\Micheal FB bot\images\BPC_01_Red_Bold.jpg
[2026-04-10T18:20:39.301Z] [group 1] ✅ uploadFile() completed
[2026-04-10T18:20:39.327Z] [group 1] ⏳ Waiting for image preview...
[2026-04-10T18:20:39.391Z] [group 1] ✅ Image preview detected!
[2026-04-10T18:20:39.391Z] [group 1] ⏳ Waiting 5s for processing...
[2026-04-10T18:20:44.410Z] ✓ [timer] Group 1 image upload - took 5.17s
[2026-04-10T18:20:44.411Z] [group 1] Taking a brief pause before typing...
[2026-04-10T18:20:46.423Z] [group 1] Typing message...
[2026-04-10T18:20:46.423Z] ⏱️  [timer] Group 1 typing started
[2026-04-10T18:20:46.429Z] [compose] Strategy 1 — keyboard typing…
