[2026-04-10T22:10:13.502Z] [scheduler] Loaded 12 posts from posts.json
[2026-04-10T22:10:13.503Z] 🔄 [scheduler] RESET_POSTS is enabled - starting from post 1
[2026-04-10T22:10:13.503Z] [scheduler] Found next post: Post #1
[2026-04-10T22:10:26.365Z] [captcha] Checking for CAPTCHA…
[2026-04-10T22:10:26.885Z] [session] Attempting auto-login...
[2026-04-10T22:10:26.885Z] [login] ====== AUTO-LOGIN ATTEMPT ======
[2026-04-10T22:10:26.888Z] [login] Already logged in.
[2026-04-10T22:10:35.568Z] [session] Cookies saved to session.json
[2026-04-10T22:10:35.569Z] [multi-group] Posting to 19 group(s).
[2026-04-10T22:10:35.569Z] 
======================================================================
[2026-04-10T22:10:35.771Z] 📝 POST #1 START TIME: 3:10:35 AM
[2026-04-10T22:10:35.772Z] ======================================================================
[2026-04-10T22:10:35.772Z] 
[group 1/19] https://www.facebook.com/groups/225542072815842
[2026-04-10T22:10:35.774Z] ⏱️  [timer] Group 1 total time started
[2026-04-10T22:10:36.208Z] [group 1] Opening in new tab...
[2026-04-10T22:10:36.208Z] ⏱️  [timer] Group 1 navigation started
[2026-04-10T22:10:48.323Z] ✓ [timer] Group 1 navigation - took 12.12s
[2026-04-10T22:10:48.324Z] [login] ====== AUTO-LOGIN ATTEMPT ======
[2026-04-10T22:10:48.326Z] [login] Already logged in.
[2026-04-10T22:10:48.329Z] ⏱️  [timer] Group 1 captcha started
[2026-04-10T22:10:48.329Z] [captcha] Checking for CAPTCHA…
[2026-04-10T22:10:48.843Z] ✓ [timer] Group 1 captcha - took 0.51s
[2026-04-10T22:10:48.846Z] [group 1] Opening composer...
[2026-04-10T22:10:48.846Z] ⏱️  [timer] Group 1 composer open started
[2026-04-10T22:10:49.716Z] ✓ [timer] Group 1 composer open - took 0.87s
[2026-04-10T22:10:53.105Z] [images] Resolved image dir: C:\Users\hp\Downloads\Micheal FB bot\Micheal FB bot\images
[2026-04-10T22:10:53.107Z] [images] Found 8 image(s): ["C:\\Users\\hp\\Downloads\\Micheal FB bot\\Micheal FB bot\\images\\BPC_01_Red_Bold.jpg","C:\\Users\\hp\\Downloads\\Micheal FB bot\\Micheal FB bot\\images\\BPC_02_Navy_Gold.jpg","C:\\Users\\hp\\Downloads\\Micheal FB bot\\Micheal FB bot\\images\\BPC_03_Teal_Modern.jpg","C:\\Users\\hp\\Downloads\\Micheal FB bot\\Micheal FB bot\\images\\BPC_04_Black_Yellow.jpg","C:\\Users\\hp\\Downloads\\Micheal FB bot\\Micheal FB bot\\images\\BPC_05_Warm_Earthy.jpg","C:\\Users\\hp\\Downloads\\Micheal FB bot\\Micheal FB bot\\images\\BPC_06_Sage_Section8.jpg","C:\\Users\\hp\\Downloads\\Micheal FB bot\\Micheal FB bot\\images\\BPC_07_Orange_Dark.jpg","C:\\Users\\hp\\Downloads\\Micheal FB bot\\Micheal FB bot\\images\\BPC_08_Steel_Blue.jpg"]
[2026-04-10T22:10:53.107Z] [images] postId=1 → index=0 → C:\Users\hp\Downloads\Micheal FB bot\Micheal FB bot\images\BPC_01_Red_Bold.jpg
[2026-04-10T22:10:53.108Z] [group 1] Typing message...
[2026-04-10T22:10:53.108Z] ⏱️  [timer] Group 1 typing started
[2026-04-10T22:10:53.116Z] [compose] Strategy 1 — keyboard typing…
[2026-04-10T22:12:13.028Z] [compose] Keyboard typing succeeded.
[2026-04-10T22:12:13.029Z] ✓ [timer] Group 1 typing - took 79.92s
[2026-04-10T22:12:13.034Z] ⏱️  [timer] Group 1 image upload started
[2026-04-10T22:12:13.035Z] [group 1] 🖼️  Starting image upload: C:\Users\hp\Downloads\Micheal FB bot\Micheal FB bot\images\BPC_01_Red_Bold.jpg
[2026-04-10T22:12:13.067Z] [group 1] File inputs before photo click: 5
[2026-04-10T22:12:13.211Z] [group 1] ✅ File chooser accepted via selector: [role="dialog"] [role="button"][aria-label*="photo" i]
[2026-04-10T22:12:16.252Z] [group 1] ✅ Image preview confirmed in composer
[2026-04-10T22:12:16.252Z] ✓ [timer] Group 1 image upload - took 3.22s
[2026-04-10T22:12:19.277Z] [group 1] ✅ Image upload settled
[2026-04-10T22:12:19.277Z] [group 1] Submitting post...
[2026-04-10T22:12:19.277Z] ⏱️  [timer] Group 1 submit started
[2026-04-10T22:12:23.582Z] ✓ [timer] Group 1 submit - took 4.30s
[2026-04-10T22:12:23.582Z] [group 1] ✅ Post submitted!
[2026-04-10T22:12:28.598Z] [group 1] Waiting 30s before next group...
[2026-04-10T22:12:58.673Z] [group 1] Tab closed.
[2026-04-10T22:12:58.674Z] ✓ [timer] Group 1 total time - took 142.90s
[2026-04-10T22:12:58.675Z] 
[group 2/19] https://www.facebook.com/groups/321100208080255
[2026-04-10T22:12:58.676Z] ⏱️  [timer] Group 2 total time started
[2026-04-10T22:12:58.961Z] [group 2] Opening in new tab...
[2026-04-10T22:12:58.962Z] ⏱️  [timer] Group 2 navigation started
[2026-04-10T22:13:07.652Z] ✓ [timer] Group 2 navigation - took 8.69s
[2026-04-10T22:13:07.652Z] [login] ====== AUTO-LOGIN ATTEMPT ======
[2026-04-10T22:13:07.655Z] [login] Already logged in.
[2026-04-10T22:13:07.658Z] ⏱️  [timer] Group 2 captcha started
[2026-04-10T22:13:07.658Z] [captcha] Checking for CAPTCHA…
[2026-04-10T22:13:08.183Z] ✓ [timer] Group 2 captcha - took 0.53s
[2026-04-10T22:13:08.186Z] [group 2] Opening composer...
[2026-04-10T22:13:08.187Z] ⏱️  [timer] Group 2 composer open started
[2026-04-10T22:13:09.232Z] ✓ [timer] Group 2 composer open - took 1.04s
[2026-04-10T22:13:14.155Z] [images] Resolved image dir: C:\Users\hp\Downloads\Micheal FB bot\Micheal FB bot\images
[2026-04-10T22:13:14.157Z] [images] Found 8 image(s): ["C:\\Users\\hp\\Downloads\\Micheal FB bot\\Micheal FB bot\\images\\BPC_01_Red_Bold.jpg","C:\\Users\\hp\\Downloads\\Micheal FB bot\\Micheal FB bot\\images\\BPC_02_Navy_Gold.jpg","C:\\Users\\hp\\Downloads\\Micheal FB bot\\Micheal FB bot\\images\\BPC_03_Teal_Modern.jpg","C:\\Users\\hp\\Downloads\\Micheal FB bot\\Micheal FB bot\\images\\BPC_04_Black_Yellow.jpg","C:\\Users\\hp\\Downloads\\Micheal FB bot\\Micheal FB bot\\images\\BPC_05_Warm_Earthy.jpg","C:\\Users\\hp\\Downloads\\Micheal FB bot\\Micheal FB bot\\images\\BPC_06_Sage_Section8.jpg","C:\\Users\\hp\\Downloads\\Micheal FB bot\\Micheal FB bot\\images\\BPC_07_Orange_Dark.jpg","C:\\Users\\hp\\Downloads\\Micheal FB bot\\Micheal FB bot\\images\\BPC_08_Steel_Blue.jpg"]
[2026-04-10T22:13:14.157Z] [images] postId=1 → index=0 → C:\Users\hp\Downloads\Micheal FB bot\Micheal FB bot\images\BPC_01_Red_Bold.jpg
[2026-04-10T22:13:14.157Z] [group 2] Typing message...
[2026-04-10T22:13:14.157Z] ⏱️  [timer] Group 2 typing started
[2026-04-10T22:13:14.164Z] [compose] Strategy 1 — keyboard typing…
[2026-04-10T22:14:36.664Z] [compose] Keyboard typing succeeded.
[2026-04-10T22:14:36.664Z] ✓ [timer] Group 2 typing - took 82.51s
[2026-04-10T22:14:36.667Z] ⏱️  [timer] Group 2 image upload started
[2026-04-10T22:14:36.667Z] [group 2] 🖼️  Starting image upload: C:\Users\hp\Downloads\Micheal FB bot\Micheal FB bot\images\BPC_01_Red_Bold.jpg
[2026-04-10T22:14:36.691Z] [group 2] File inputs before photo click: 4
[2026-04-10T22:14:36.829Z] [group 2] ✅ File chooser accepted via selector: [role="dialog"] [role="button"][aria-label*="photo" i]
[2026-04-10T22:14:39.429Z] [group 2] ✅ Image preview confirmed in composer
[2026-04-10T22:14:39.429Z] ✓ [timer] Group 2 image upload - took 2.76s
[2026-04-10T22:14:42.455Z] [group 2] ✅ Image upload settled
[2026-04-10T22:14:42.455Z] [group 2] Submitting post...
[2026-04-10T22:14:42.456Z] ⏱️  [timer] Group 2 submit started
[2026-04-10T22:14:54.470Z] [group 2] ⚠️ Submit not confirmed on first click, retrying...
[2026-04-10T22:14:55.708Z] [group 2] ⚠️ Image missing at submit; re-attaching once...
[2026-04-10T22:14:55.709Z] [group 2] 🖼️  Starting image upload: C:\Users\hp\Downloads\Micheal FB bot\Micheal FB bot\images\BPC_01_Red_Bold.jpg
[2026-04-10T22:14:56.246Z] [group 2] File inputs before photo click: 3
[2026-04-10T22:14:57.746Z] [group 2] ✅ File chooser accepted via selector: div[role="button"][aria-label*="photo" i]
[2026-04-10T22:15:00.486Z] [group 2] ❌ Image preview not detected after chooser accept
[2026-04-10T22:15:00.490Z] ERROR: ❌ [group 2] Error: Image missing at submit time; aborting to avoid text-only post.
[2026-04-10T22:15:00.491Z] [group 2] Skipping and continuing...
[2026-04-10T22:15:00.491Z] [group 2] Waiting 15s to recover...
[2026-04-10T22:15:15.497Z] ✓ [timer] Group 2 total time - took 136.82s
[2026-04-10T22:15:15.497Z] 
[group 3/19] https://www.facebook.com/groups/1616735018616241
[2026-04-10T22:15:15.497Z] ⏱️  [timer] Group 3 total time started
[2026-04-10T22:15:15.498Z] ERROR: ❌ [group 3] Error: Protocol error: Connection closed.
[2026-04-10T22:15:15.498Z] ✓ [timer] Group 3 total time - took 0.00s
[2026-04-10T22:15:15.499Z] ERROR: [posting] Error on post #1: Protocol error: Connection closed.
[2026-04-10T22:15:15.499Z] ERROR: [posting] Browser disconnected. Stopping run so this post can be retried next launch.
[2026-04-10T22:15:15.504Z] ERROR: {}
