[2026-04-13T18:54:07.199Z] [scheduler] Loaded 12 posts from posts.json
[2026-04-13T18:54:07.200Z] 🔄 [scheduler] RESET_POSTS is enabled - starting from post 1
[2026-04-13T18:54:07.200Z] [scheduler] Found next post: Post #1
[2026-04-13T18:54:23.074Z] [captcha] Checking for CAPTCHA…
[2026-04-13T18:54:23.731Z] [session] Attempting auto-login...
[2026-04-13T18:54:23.731Z] [login] ====== AUTO-LOGIN ATTEMPT ======
[2026-04-13T18:54:23.794Z] [login] Already logged in.
[2026-04-13T18:54:41.325Z] [session] Cookies saved to session.json
[2026-04-13T18:54:41.326Z] [multi-group] Posting to 19 group(s).
[2026-04-13T18:54:41.326Z] 
======================================================================
[2026-04-13T18:54:41.393Z] 📝 POST #1 START TIME: 11:54:41 PM
[2026-04-13T18:54:41.393Z] ======================================================================
[2026-04-13T18:54:41.394Z] 
[group 1/19] https://www.facebook.com/groups/225542072815842
[2026-04-13T18:54:41.394Z] ⏱️  [timer] Group 1 total time started
[2026-04-13T18:54:41.664Z] [group 1] Opening in new tab...
[2026-04-13T18:54:41.664Z] ⏱️  [timer] Group 1 navigation started
[2026-04-13T18:55:05.481Z] ✓ [timer] Group 1 navigation - took 23.82s
[2026-04-13T18:55:05.481Z] [login] ====== AUTO-LOGIN ATTEMPT ======
[2026-04-13T18:55:05.483Z] [login] Already logged in.
[2026-04-13T18:55:05.486Z] ⏱️  [timer] Group 1 captcha started
[2026-04-13T18:55:05.487Z] [captcha] Checking for CAPTCHA…
[2026-04-13T18:55:05.996Z] ✓ [timer] Group 1 captcha - took 0.51s
[2026-04-13T18:55:05.998Z] [group 1] Opening composer...
[2026-04-13T18:55:05.999Z] ⏱️  [timer] Group 1 composer open started
[2026-04-13T18:55:07.568Z] ✓ [timer] Group 1 composer open - took 1.57s
[2026-04-13T18:55:10.116Z] [images] Resolved image dir: C:\Users\hp\Downloads\Micheal FB bot\Micheal FB bot\images
[2026-04-13T18:55:10.131Z] [images] Found 8 image(s): ["C:\\Users\\hp\\Downloads\\Micheal FB bot\\Micheal FB bot\\images\\BPC_01_Red_Bold.jpg","C:\\Users\\hp\\Downloads\\Micheal FB bot\\Micheal FB bot\\images\\BPC_02_Navy_Gold.jpg","C:\\Users\\hp\\Downloads\\Micheal FB bot\\Micheal FB bot\\images\\BPC_03_Teal_Modern.jpg","C:\\Users\\hp\\Downloads\\Micheal FB bot\\Micheal FB bot\\images\\BPC_04_Black_Yellow.jpg","C:\\Users\\hp\\Downloads\\Micheal FB bot\\Micheal FB bot\\images\\BPC_05_Warm_Earthy.jpg","C:\\Users\\hp\\Downloads\\Micheal FB bot\\Micheal FB bot\\images\\BPC_06_Sage_Section8.jpg","C:\\Users\\hp\\Downloads\\Micheal FB bot\\Micheal FB bot\\images\\BPC_07_Orange_Dark.jpg","C:\\Users\\hp\\Downloads\\Micheal FB bot\\Micheal FB bot\\images\\BPC_08_Steel_Blue.jpg"]
[2026-04-13T18:55:10.131Z] [images] postId=1 → index=0 → C:\Users\hp\Downloads\Micheal FB bot\Micheal FB bot\images\BPC_01_Red_Bold.jpg
[2026-04-13T18:55:10.132Z] [group 1] Typing message...
[2026-04-13T18:55:10.132Z] ⏱️  [timer] Group 1 typing started
[2026-04-13T18:55:10.185Z] [compose] Strategy 1 — keyboard typing…
[2026-04-13T18:56:30.066Z] [compose] Keyboard typing succeeded.
[2026-04-13T18:56:30.066Z] ✓ [timer] Group 1 typing - took 79.93s
[2026-04-13T18:56:30.069Z] ⏱️  [timer] Group 1 image upload started
[2026-04-13T18:56:30.070Z] [group 1] 🖼️  Starting image upload: C:\Users\hp\Downloads\Micheal FB bot\Micheal FB bot\images\BPC_01_Red_Bold.jpg
[2026-04-13T18:56:30.097Z] [group 1] File inputs before photo click: 5
[2026-04-13T18:56:30.204Z] [group 1] ✅ File chooser accepted via selector: [role="dialog"] [role="button"][aria-label*="photo" i]
[2026-04-13T18:56:30.746Z] [group 1] ✅ File chooser accepted and file input exists
[2026-04-13T18:56:32.751Z] ✓ [timer] Group 1 image upload - took 2.68s
[2026-04-13T18:56:32.751Z] [group 1] ✅ Image upload accepted; proceeding without early re-upload
[2026-04-13T18:56:35.765Z] [group 1] ✅ Image upload settled
[2026-04-13T18:56:35.765Z] [group 1] Submitting post...
[2026-04-13T18:56:35.765Z] ⏱️  [timer] Group 1 submit started
[2026-04-13T18:56:39.795Z] ✓ [timer] Group 1 submit - took 4.03s
[2026-04-13T18:56:39.795Z] [group 1] ✅ Post submitted!
[2026-04-13T18:56:44.809Z] [group 1] Waiting 30s before next group...
