[2026-04-10T17:36:02.266Z] [scheduler] Loaded 12 posts from posts.json
[2026-04-10T17:36:02.267Z] 🔄 [scheduler] RESET_POSTS is enabled - starting from post 1
[2026-04-10T17:36:02.267Z] [scheduler] Found next post to post: Post #1
[2026-04-10T17:36:13.532Z] [captcha] Checking for CAPTCHA…
[2026-04-10T17:36:14.060Z] [session] Attempting auto-login...
[2026-04-10T17:36:16.074Z] [login] ====== AUTO-LOGIN ATTEMPT ======
[2026-04-10T17:36:16.074Z] [login] ====== STEP 1: Looking for Email Field ======
[2026-04-10T17:36:16.108Z] [login] Email field not immediately visible
[2026-04-10T17:36:16.108Z] [login] ====== STEP 2: Looking for Continue Button ======
[2026-04-10T17:36:16.204Z] [login] ✅ Continue button clicked
[2026-04-10T17:36:20.211Z] [login] ====== STEP 3: Looking for Password Field ======
[2026-04-10T17:36:22.224Z] [login] ✅ Password field found: input[name="pass"]
[2026-04-10T17:36:22.655Z] [login] Filling password...
[2026-04-10T17:36:23.480Z] [login] ✅ Password typed successfully
[2026-04-10T17:36:24.483Z] [login] ====== STEP 4: Looking for Log In Button ======
[2026-04-10T17:36:24.502Z] [login] ✅ Log in button clicked
[2026-04-10T17:36:29.514Z] [login] ====== AUTO-LOGIN COMPLETE ======
[2026-04-10T17:36:31.532Z] 
>>> Log in to Facebook in the browser window. This script will continue when your session is active.

[2026-04-10T17:36:41.907Z] [session] Cookies saved to session.json
[2026-04-10T17:36:41.907Z] [multi-group] Posting to 19 group(s).
[2026-04-10T17:36:42.161Z] 
======================================================================
[2026-04-10T17:36:42.162Z] 📝 POST #1 START TIME: 10:36:41 PM
[2026-04-10T17:36:42.183Z] ======================================================================
[2026-04-10T17:36:42.185Z] 
[group 1/19] https://www.facebook.com/groups/225542072815842
[2026-04-10T17:36:42.186Z] ⏱️  [timer] Group 1 total time started
[2026-04-10T17:36:42.500Z] [group 1] Opening in new tab...
[2026-04-10T17:36:42.501Z] ⏱️  [timer] Group 1 navigation started
[2026-04-10T17:36:52.259Z] ✓ [timer] Group 1 navigation - took 9.76s
[2026-04-10T17:36:54.270Z] [login] ====== AUTO-LOGIN ATTEMPT ======
[2026-04-10T17:36:54.270Z] [login] ====== STEP 1: Looking for Email Field ======
[2026-04-10T17:36:54.294Z] [login] Email field not immediately visible
[2026-04-10T17:36:54.294Z] [login] ====== STEP 2: Looking for Continue Button ======
[2026-04-10T17:36:54.885Z] [login] ====== STEP 3: Looking for Password Field ======
[2026-04-10T17:36:56.901Z] [login] No password field found - already logged in or unexpected state
[2026-04-10T17:36:56.902Z] [login] ====== AUTO-LOGIN COMPLETE ======
[2026-04-10T17:36:56.903Z] ⏱️  [timer] Group 1 captcha started
[2026-04-10T17:36:56.904Z] [captcha] Checking for CAPTCHA…
[2026-04-10T17:36:57.419Z] ✓ [timer] Group 1 captcha - took 0.52s
[2026-04-10T17:36:57.421Z] [group 1] Opening composer...
[2026-04-10T17:36:57.422Z] ⏱️  [timer] Group 1 composer open started
[2026-04-10T17:37:04.542Z] ✓ [timer] Group 1 composer open - took 7.12s
[2026-04-10T17:37:07.997Z] [group 1] 🖼️  Selecting image...
[2026-04-10T17:37:08.001Z] [group 1] 📤 Image: C:\Users\hp\Downloads\Micheal FB bot\Micheal FB bot\images\BPC_01_Red_Bold.png
[2026-04-10T17:37:08.001Z] ⏱️  [timer] Group 1 image upload started
[2026-04-10T17:37:08.006Z] [group 1] File input found, uploading: C:\Users\hp\Downloads\Micheal FB bot\Micheal FB bot\images\BPC_01_Red_Bold.png
[2026-04-10T17:37:08.069Z] [group 1] ✅ File uploaded successfully
[2026-04-10T17:37:11.080Z] ✓ [timer] Group 1 image upload - took 3.08s
[2026-04-10T17:37:11.080Z] [group 1] Typing message...
[2026-04-10T17:37:11.081Z] ⏱️  [timer] Group 1 typing started
[2026-04-10T17:37:11.087Z] [compose] Strategy 1 — keyboard typing…
[2026-04-10T17:37:18.114Z] ERROR: ❌ [group 1] Error posting: Protocol error (Input.dispatchKeyEvent): Session closed. Most likely the page has been closed.
[2026-04-10T17:37:18.136Z] [group 1] Skipping this group and continuing...
