[2026-04-09T20:14:10.015Z] [scheduler] Loaded 12 posts from posts.json
[2026-04-09T20:14:10.016Z] 🔄 [scheduler] RESET_POSTS is enabled - starting from post 1
[2026-04-09T20:14:10.016Z] [scheduler] Found next post to post: Post #1
[2026-04-09T20:14:22.619Z] [captcha] Checking for CAPTCHA…
[2026-04-09T20:14:23.258Z] [session] Attempting auto-login...
[2026-04-09T20:14:25.262Z] [login] ====== AUTO-LOGIN ATTEMPT ======
[2026-04-09T20:14:25.262Z] [login] Looking for Continue button...
[2026-04-09T20:14:25.300Z] [login] Trying alternative selectors...
[2026-04-09T20:14:25.301Z] [login] XPath method failed: page.$x is not a function
[2026-04-09T20:14:25.301Z] [login] Trying Tab + Enter method...
[2026-04-09T20:14:25.308Z] [login] ====== Looking for Login Form ======
[2026-04-09T20:14:26.347Z] [login] No password field found - already logged in
[2026-04-09T20:14:26.348Z] [login] ====== AUTO-LOGIN COMPLETE ======
[2026-04-09T20:14:34.195Z] [session] Cookies saved to session.json
[2026-04-09T20:14:34.195Z] [multi-group] Posting to 19 group(s).
[2026-04-09T20:14:34.270Z] 
======================================================================
[2026-04-09T20:14:34.270Z] 📝 POST #1 START TIME: 1:14:34 AM
[2026-04-09T20:14:34.270Z] ======================================================================
[2026-04-09T20:14:34.271Z] 
[group 1/19] https://www.facebook.com/groups/225542072815842
[2026-04-09T20:14:34.271Z] ⏱️  [timer] Group 1 total time started
[2026-04-09T20:14:34.560Z] [group 1] Opening in new tab...
[2026-04-09T20:14:34.560Z] ⏱️  [timer] Group 1 navigation started
[2026-04-09T20:14:42.116Z] ✓ [timer] Group 1 navigation - took 7.56s
[2026-04-09T20:14:44.130Z] [login] ====== AUTO-LOGIN ATTEMPT ======
[2026-04-09T20:14:44.130Z] [login] Looking for Continue button...
[2026-04-09T20:14:44.134Z] [login] Trying alternative selectors...
[2026-04-09T20:14:44.135Z] [login] XPath method failed: page.$x is not a function
[2026-04-09T20:14:44.135Z] [login] Trying Tab + Enter method...
[2026-04-09T20:14:44.138Z] [login] ====== Looking for Login Form ======
[2026-04-09T20:14:45.162Z] [login] No password field found - already logged in
[2026-04-09T20:14:45.163Z] [login] ====== AUTO-LOGIN COMPLETE ======
[2026-04-09T20:14:45.164Z] ⏱️  [timer] Group 1 captcha started
[2026-04-09T20:14:45.164Z] [captcha] Checking for CAPTCHA…
[2026-04-09T20:14:45.682Z] ✓ [timer] Group 1 captcha - took 0.52s
[2026-04-09T20:14:45.684Z] [group 1] Opening composer...
[2026-04-09T20:14:45.685Z] ⏱️  [timer] Group 1 composer open started
[2026-04-09T20:14:54.249Z] ✓ [timer] Group 1 composer open - took 8.56s
[2026-04-09T20:14:59.336Z] [group 1] Typing message...
[2026-04-09T20:14:59.336Z] ⏱️  [timer] Group 1 typing started
[2026-04-09T20:14:59.342Z] [compose] Strategy 1 — keyboard typing…
[2026-04-09T20:16:18.740Z] [compose] Keyboard typing succeeded.
[2026-04-09T20:16:18.740Z] ✓ [timer] Group 1 typing - took 79.40s
[2026-04-09T20:16:18.740Z] [group 1] Selecting image...
[2026-04-09T20:16:18.742Z] [group 1] Uploading image: C:\Users\hp\Downloads\Micheal FB bot\Micheal FB bot\images\BPC_01_Red_Bold.png
[2026-04-09T20:16:18.743Z] ⏱️  [timer] Group 1 image upload started
[2026-04-09T20:16:18.785Z] [group 1] ✅ Image uploaded
[2026-04-09T20:16:18.786Z] ✓ [timer] Group 1 image upload - took 0.04s
[2026-04-09T20:16:25.802Z] [group 1] Submitting post...
[2026-04-09T20:16:25.802Z] ⏱️  [timer] Group 1 submit started
[2026-04-09T20:16:32.961Z] ✓ [timer] Group 1 submit - took 7.16s
[2026-04-09T20:16:32.962Z] [group 1] ✅ Post submitted successfully!
[2026-04-09T20:16:37.975Z] [group 1] Waiting 30 seconds before next group...
[2026-04-09T20:17:08.022Z] [group 1] Tab closed.
[2026-04-09T20:17:08.024Z] ✓ [timer] Group 1 total time - took 153.75s
[2026-04-09T20:17:08.040Z] 
[group 2/19] https://www.facebook.com/groups/321100208080255
[2026-04-09T20:17:08.047Z] ⏱️  [timer] Group 2 total time started
[2026-04-09T20:17:08.261Z] [group 2] Opening in new tab...
[2026-04-09T20:17:08.261Z] ⏱️  [timer] Group 2 navigation started
[2026-04-09T20:17:14.391Z] ✓ [timer] Group 2 navigation - took 6.13s
[2026-04-09T20:17:16.399Z] [login] ====== AUTO-LOGIN ATTEMPT ======
[2026-04-09T20:17:16.399Z] [login] Looking for Continue button...
[2026-04-09T20:17:16.402Z] [login] Trying alternative selectors...
[2026-04-09T20:17:16.403Z] [login] XPath method failed: page.$x is not a function
[2026-04-09T20:17:16.403Z] [login] Trying Tab + Enter method...
[2026-04-09T20:17:16.405Z] [login] ====== Looking for Login Form ======
[2026-04-09T20:17:17.439Z] [login] No password field found - already logged in
[2026-04-09T20:17:17.439Z] [login] ====== AUTO-LOGIN COMPLETE ======
[2026-04-09T20:17:17.440Z] ⏱️  [timer] Group 2 captcha started
[2026-04-09T20:17:17.441Z] [captcha] Checking for CAPTCHA…
[2026-04-09T20:17:17.960Z] ✓ [timer] Group 2 captcha - took 0.52s
[2026-04-09T20:17:17.966Z] [group 2] Opening composer...
[2026-04-09T20:17:17.967Z] ⏱️  [timer] Group 2 composer open started
[2026-04-09T20:17:25.631Z] ✓ [timer] Group 2 composer open - took 7.67s
[2026-04-09T20:17:30.090Z] [group 2] Typing message...
[2026-04-09T20:17:30.091Z] ⏱️  [timer] Group 2 typing started
[2026-04-09T20:17:30.100Z] [compose] Strategy 1 — keyboard typing…
