[2026-04-10T21:45:55.163Z] [scheduler] Loaded 12 posts from posts.json
[2026-04-10T21:45:55.163Z] 🔄 [scheduler] RESET_POSTS is enabled - starting from post 1
[2026-04-10T21:45:55.164Z] [scheduler] Found next post: Post #1
[2026-04-10T21:46:11.688Z] [captcha] Checking for CAPTCHA…
[2026-04-10T21:46:12.232Z] [session] Attempting auto-login...
[2026-04-10T21:46:12.233Z] [login] ====== AUTO-LOGIN ATTEMPT ======
[2026-04-10T21:46:12.236Z] [login] Already logged in.
[2026-04-10T21:46:24.423Z] [session] Cookies saved to session.json
[2026-04-10T21:46:24.424Z] [multi-group] Posting to 19 group(s).
[2026-04-10T21:46:24.424Z] 
======================================================================
[2026-04-10T21:46:24.485Z] 📝 POST #1 START TIME: 2:46:24 AM
[2026-04-10T21:46:24.487Z] ======================================================================
[2026-04-10T21:46:24.488Z] 
[group 1/19] https://www.facebook.com/groups/225542072815842
[2026-04-10T21:46:24.488Z] ⏱️  [timer] Group 1 total time started
[2026-04-10T21:46:24.919Z] [group 1] Opening in new tab...
[2026-04-10T21:46:24.919Z] ⏱️  [timer] Group 1 navigation started
[2026-04-10T21:46:31.595Z] ✓ [timer] Group 1 navigation - took 6.68s
[2026-04-10T21:46:31.596Z] [login] ====== AUTO-LOGIN ATTEMPT ======
[2026-04-10T21:46:31.598Z] [login] Already logged in.
[2026-04-10T21:46:31.602Z] ⏱️  [timer] Group 1 captcha started
[2026-04-10T21:46:31.602Z] [captcha] Checking for CAPTCHA…
[2026-04-10T21:46:32.118Z] ✓ [timer] Group 1 captcha - took 0.52s
[2026-04-10T21:46:32.120Z] [group 1] Opening composer...
[2026-04-10T21:46:32.120Z] ⏱️  [timer] Group 1 composer open started
[2026-04-10T21:46:32.938Z] ✓ [timer] Group 1 composer open - took 0.82s
[2026-04-10T21:46:37.626Z] [images] Resolved image dir: C:\Users\hp\Downloads\Micheal FB bot\Micheal FB bot\images
[2026-04-10T21:46:37.628Z] [images] Found 8 image(s): ["C:\\Users\\hp\\Downloads\\Micheal FB bot\\Micheal FB bot\\images\\BPC_01_Red_Bold.jpg","C:\\Users\\hp\\Downloads\\Micheal FB bot\\Micheal FB bot\\images\\BPC_02_Navy_Gold.jpg","C:\\Users\\hp\\Downloads\\Micheal FB bot\\Micheal FB bot\\images\\BPC_03_Teal_Modern.jpg","C:\\Users\\hp\\Downloads\\Micheal FB bot\\Micheal FB bot\\images\\BPC_04_Black_Yellow.jpg","C:\\Users\\hp\\Downloads\\Micheal FB bot\\Micheal FB bot\\images\\BPC_05_Warm_Earthy.jpg","C:\\Users\\hp\\Downloads\\Micheal FB bot\\Micheal FB bot\\images\\BPC_06_Sage_Section8.jpg","C:\\Users\\hp\\Downloads\\Micheal FB bot\\Micheal FB bot\\images\\BPC_07_Orange_Dark.jpg","C:\\Users\\hp\\Downloads\\Micheal FB bot\\Micheal FB bot\\images\\BPC_08_Steel_Blue.jpg"]
[2026-04-10T21:46:37.629Z] [images] postId=1 → index=0 → C:\Users\hp\Downloads\Micheal FB bot\Micheal FB bot\images\BPC_01_Red_Bold.jpg
[2026-04-10T21:46:37.629Z] [group 1] Typing message...
[2026-04-10T21:46:37.629Z] ⏱️  [timer] Group 1 typing started
[2026-04-10T21:46:37.636Z] [compose] Strategy 1 — keyboard typing…
[2026-04-10T21:47:58.098Z] [compose] Keyboard typing succeeded.
[2026-04-10T21:47:58.098Z] ✓ [timer] Group 1 typing - took 80.47s
[2026-04-10T21:47:58.101Z] ⏱️  [timer] Group 1 image upload started
[2026-04-10T21:47:58.102Z] [group 1] 🖼️  Starting image upload: C:\Users\hp\Downloads\Micheal FB bot\Micheal FB bot\images\BPC_01_Red_Bold.jpg
[2026-04-10T21:47:58.125Z] [group 1] File inputs before photo click: 3
[2026-04-10T21:47:58.243Z] [group 1] ✅ File chooser accepted via selector: [role="dialog"] [role="button"][aria-label*="photo" i]
[2026-04-10T21:48:00.803Z] [group 1] ✅ Image preview confirmed in composer
[2026-04-10T21:48:00.804Z] ✓ [timer] Group 1 image upload - took 2.70s
[2026-04-10T21:48:03.832Z] [group 1] ✅ Image upload settled
[2026-04-10T21:48:03.832Z] [group 1] Submitting post...
[2026-04-10T21:48:03.832Z] ⏱️  [timer] Group 1 submit started
[2026-04-10T21:48:07.111Z] ✓ [timer] Group 1 submit - took 3.28s
[2026-04-10T21:48:07.111Z] [group 1] ✅ Post submitted!
[2026-04-10T21:48:12.121Z] [group 1] Waiting 30s before next group...
[2026-04-10T21:48:42.177Z] [group 1] Tab closed.
[2026-04-10T21:48:42.177Z] ✓ [timer] Group 1 total time - took 137.69s
[2026-04-10T21:48:42.177Z] 
[group 2/19] https://www.facebook.com/groups/321100208080255
[2026-04-10T21:48:42.178Z] ⏱️  [timer] Group 2 total time started
[2026-04-10T21:48:42.401Z] [group 2] Opening in new tab...
[2026-04-10T21:48:42.401Z] ⏱️  [timer] Group 2 navigation started
[2026-04-10T21:48:51.088Z] ✓ [timer] Group 2 navigation - took 8.69s
[2026-04-10T21:48:51.089Z] [login] ====== AUTO-LOGIN ATTEMPT ======
[2026-04-10T21:48:51.091Z] [login] Already logged in.
[2026-04-10T21:48:51.095Z] ⏱️  [timer] Group 2 captcha started
[2026-04-10T21:48:51.096Z] [captcha] Checking for CAPTCHA…
[2026-04-10T21:48:51.617Z] ✓ [timer] Group 2 captcha - took 0.52s
[2026-04-10T21:48:51.620Z] [group 2] Opening composer...
[2026-04-10T21:48:51.620Z] ⏱️  [timer] Group 2 composer open started
[2026-04-10T21:48:52.951Z] ✓ [timer] Group 2 composer open - took 1.33s
[2026-04-10T21:48:57.056Z] [images] Resolved image dir: C:\Users\hp\Downloads\Micheal FB bot\Micheal FB bot\images
[2026-04-10T21:48:57.058Z] [images] Found 8 image(s): ["C:\\Users\\hp\\Downloads\\Micheal FB bot\\Micheal FB bot\\images\\BPC_01_Red_Bold.jpg","C:\\Users\\hp\\Downloads\\Micheal FB bot\\Micheal FB bot\\images\\BPC_02_Navy_Gold.jpg","C:\\Users\\hp\\Downloads\\Micheal FB bot\\Micheal FB bot\\images\\BPC_03_Teal_Modern.jpg","C:\\Users\\hp\\Downloads\\Micheal FB bot\\Micheal FB bot\\images\\BPC_04_Black_Yellow.jpg","C:\\Users\\hp\\Downloads\\Micheal FB bot\\Micheal FB bot\\images\\BPC_05_Warm_Earthy.jpg","C:\\Users\\hp\\Downloads\\Micheal FB bot\\Micheal FB bot\\images\\BPC_06_Sage_Section8.jpg","C:\\Users\\hp\\Downloads\\Micheal FB bot\\Micheal FB bot\\images\\BPC_07_Orange_Dark.jpg","C:\\Users\\hp\\Downloads\\Micheal FB bot\\Micheal FB bot\\images\\BPC_08_Steel_Blue.jpg"]
[2026-04-10T21:48:57.058Z] [images] postId=1 → index=0 → C:\Users\hp\Downloads\Micheal FB bot\Micheal FB bot\images\BPC_01_Red_Bold.jpg
[2026-04-10T21:48:57.058Z] [group 2] Typing message...
[2026-04-10T21:48:57.058Z] ⏱️  [timer] Group 2 typing started
[2026-04-10T21:48:57.066Z] [compose] Strategy 1 — keyboard typing…
