[2026-04-10T18:49:22.995Z] [scheduler] Loaded 12 posts from posts.json
[2026-04-10T18:49:22.996Z] 🔄 [scheduler] RESET_POSTS is enabled - starting from post 1
[2026-04-10T18:49:22.996Z] [scheduler] Found next post to post: Post #1
[2026-04-10T18:49:36.312Z] [captcha] Checking for CAPTCHA…
[2026-04-10T18:49:36.854Z] [session] Attempting auto-login...
[2026-04-10T18:49:38.866Z] [login] ====== AUTO-LOGIN ATTEMPT ======
[2026-04-10T18:49:38.867Z] [login] ====== STEP 1: Looking for Email Field ======
[2026-04-10T18:49:38.985Z] [login] Email field not immediately visible
[2026-04-10T18:49:38.986Z] [login] ====== STEP 2: Looking for Continue Button ======
[2026-04-10T18:49:39.253Z] [login] ====== STEP 3: Looking for Password Field ======
[2026-04-10T18:49:41.263Z] [login] No password field found - already logged in or unexpected state
[2026-04-10T18:49:41.263Z] [login] ====== AUTO-LOGIN COMPLETE ======
[2026-04-10T18:49:48.983Z] [session] Cookies saved to session.json
[2026-04-10T18:49:48.983Z] [multi-group] Posting to 19 group(s).
[2026-04-10T18:49:49.050Z] 
======================================================================
[2026-04-10T18:49:49.051Z] 📝 POST #1 START TIME: 11:49:48 PM
[2026-04-10T18:49:49.051Z] ======================================================================
[2026-04-10T18:49:49.051Z] 
[group 1/19] https://www.facebook.com/groups/225542072815842
[2026-04-10T18:49:49.052Z] ⏱️  [timer] Group 1 total time started
[2026-04-10T18:49:49.322Z] [group 1] Opening in new tab...
[2026-04-10T18:49:49.323Z] ⏱️  [timer] Group 1 navigation started
[2026-04-10T18:49:58.823Z] ✓ [timer] Group 1 navigation - took 9.50s
[2026-04-10T18:50:00.832Z] [login] ====== AUTO-LOGIN ATTEMPT ======
[2026-04-10T18:50:00.832Z] [login] ====== STEP 1: Looking for Email Field ======
[2026-04-10T18:50:00.858Z] [login] Email field not immediately visible
[2026-04-10T18:50:00.858Z] [login] ====== STEP 2: Looking for Continue Button ======
[2026-04-10T18:50:01.406Z] [login] ====== STEP 3: Looking for Password Field ======
[2026-04-10T18:50:03.421Z] [login] No password field found - already logged in or unexpected state
[2026-04-10T18:50:03.421Z] [login] ====== AUTO-LOGIN COMPLETE ======
[2026-04-10T18:50:03.422Z] ⏱️  [timer] Group 1 captcha started
[2026-04-10T18:50:03.423Z] [captcha] Checking for CAPTCHA…
[2026-04-10T18:50:03.942Z] ✓ [timer] Group 1 captcha - took 0.52s
[2026-04-10T18:50:03.944Z] [group 1] Opening composer...
[2026-04-10T18:50:03.944Z] ⏱️  [timer] Group 1 composer open started
[2026-04-10T18:50:13.034Z] ✓ [timer] Group 1 composer open - took 9.09s
[2026-04-10T18:50:15.862Z] [images] Resolved image dir: C:\Users\hp\Downloads\Micheal FB bot\Micheal FB bot\images
[2026-04-10T18:50:15.871Z] [images] Found 8 image(s): ["C:\\Users\\hp\\Downloads\\Micheal FB bot\\Micheal FB bot\\images\\BPC_01_Red_Bold.jpg","C:\\Users\\hp\\Downloads\\Micheal FB bot\\Micheal FB bot\\images\\BPC_02_Navy_Gold.jpg","C:\\Users\\hp\\Downloads\\Micheal FB bot\\Micheal FB bot\\images\\BPC_03_Teal_Modern.jpg","C:\\Users\\hp\\Downloads\\Micheal FB bot\\Micheal FB bot\\images\\BPC_04_Black_Yellow.jpg","C:\\Users\\hp\\Downloads\\Micheal FB bot\\Micheal FB bot\\images\\BPC_05_Warm_Earthy.jpg","C:\\Users\\hp\\Downloads\\Micheal FB bot\\Micheal FB bot\\images\\BPC_06_Sage_Section8.jpg","C:\\Users\\hp\\Downloads\\Micheal FB bot\\Micheal FB bot\\images\\BPC_07_Orange_Dark.jpg","C:\\Users\\hp\\Downloads\\Micheal FB bot\\Micheal FB bot\\images\\BPC_08_Steel_Blue.jpg"]
[2026-04-10T18:50:15.871Z] [images] postId=1 → index=0 → C:\Users\hp\Downloads\Micheal FB bot\Micheal FB bot\images\BPC_01_Red_Bold.jpg
[2026-04-10T18:50:15.871Z] ⏱️  [timer] Group 1 image upload started
[2026-04-10T18:50:15.872Z] [group 1] 🖼️  Starting image upload: C:\Users\hp\Downloads\Micheal FB bot\Micheal FB bot\images\BPC_01_Red_Bold.jpg
[2026-04-10T18:50:15.890Z] [group 1] Found 5 file input(s)
[2026-04-10T18:50:15.891Z] [group 1] 🔄 Trying file input #1...
[2026-04-10T18:50:15.935Z] [group 1] ✅ uploadFile() succeeded on input #1
[2026-04-10T18:50:20.958Z] [group 1] ⚠️  Preview selector missed, but upload was called — proceeding optimistically
[2026-04-10T18:50:20.959Z] ✓ [timer] Group 1 image upload - took 5.09s
[2026-04-10T18:50:22.961Z] [group 1] Brief pause before typing...
[2026-04-10T18:50:24.472Z] [group 1] Typing message...
[2026-04-10T18:50:24.473Z] ⏱️  [timer] Group 1 typing started
[2026-04-10T18:50:24.480Z] [compose] Strategy 1 — keyboard typing…
