[2026-04-13T18:26:44.212Z] [scheduler] Loaded 12 posts from posts.json
[2026-04-13T18:26:44.214Z] 🔄 [scheduler] RESET_POSTS is enabled - starting from post 1
[2026-04-13T18:26:44.214Z] [scheduler] Found next post: Post #1
[2026-04-13T18:27:08.453Z] [captcha] Checking for CAPTCHA…
[2026-04-13T18:27:09.387Z] [session] Attempting auto-login...
[2026-04-13T18:27:09.416Z] [login] ====== AUTO-LOGIN ATTEMPT ======
[2026-04-13T18:27:09.755Z] [login] Already logged in.
[2026-04-13T18:27:18.478Z] [session] Cookies saved to session.json
[2026-04-13T18:27:18.479Z] [multi-group] Posting to 19 group(s).
[2026-04-13T18:27:18.480Z] 
======================================================================
[2026-04-13T18:27:18.738Z] 📝 POST #1 START TIME: 11:27:18 PM
[2026-04-13T18:27:18.738Z] ======================================================================
[2026-04-13T18:27:18.739Z] 
[group 1/19] https://www.facebook.com/groups/225542072815842
[2026-04-13T18:27:18.739Z] ⏱️  [timer] Group 1 total time started
[2026-04-13T18:27:19.130Z] [group 1] Opening in new tab...
[2026-04-13T18:27:19.130Z] ⏱️  [timer] Group 1 navigation started
[2026-04-13T18:27:28.377Z] ✓ [timer] Group 1 navigation - took 9.25s
[2026-04-13T18:27:28.377Z] [login] ====== AUTO-LOGIN ATTEMPT ======
[2026-04-13T18:27:28.380Z] [login] Already logged in.
[2026-04-13T18:27:28.383Z] ⏱️  [timer] Group 1 captcha started
[2026-04-13T18:27:28.384Z] [captcha] Checking for CAPTCHA…
[2026-04-13T18:27:28.902Z] ✓ [timer] Group 1 captcha - took 0.52s
[2026-04-13T18:27:28.904Z] [group 1] Opening composer...
[2026-04-13T18:27:28.905Z] ⏱️  [timer] Group 1 composer open started
[2026-04-13T18:27:30.318Z] ✓ [timer] Group 1 composer open - took 1.41s
[2026-04-13T18:27:35.284Z] [images] Resolved image dir: C:\Users\hp\Downloads\Micheal FB bot\Micheal FB bot\images
[2026-04-13T18:27:35.287Z] [images] Found 8 image(s): ["C:\\Users\\hp\\Downloads\\Micheal FB bot\\Micheal FB bot\\images\\BPC_01_Red_Bold.jpg","C:\\Users\\hp\\Downloads\\Micheal FB bot\\Micheal FB bot\\images\\BPC_02_Navy_Gold.jpg","C:\\Users\\hp\\Downloads\\Micheal FB bot\\Micheal FB bot\\images\\BPC_03_Teal_Modern.jpg","C:\\Users\\hp\\Downloads\\Micheal FB bot\\Micheal FB bot\\images\\BPC_04_Black_Yellow.jpg","C:\\Users\\hp\\Downloads\\Micheal FB bot\\Micheal FB bot\\images\\BPC_05_Warm_Earthy.jpg","C:\\Users\\hp\\Downloads\\Micheal FB bot\\Micheal FB bot\\images\\BPC_06_Sage_Section8.jpg","C:\\Users\\hp\\Downloads\\Micheal FB bot\\Micheal FB bot\\images\\BPC_07_Orange_Dark.jpg","C:\\Users\\hp\\Downloads\\Micheal FB bot\\Micheal FB bot\\images\\BPC_08_Steel_Blue.jpg"]
[2026-04-13T18:27:35.288Z] [images] postId=1 → index=0 → C:\Users\hp\Downloads\Micheal FB bot\Micheal FB bot\images\BPC_01_Red_Bold.jpg
[2026-04-13T18:27:35.288Z] [group 1] Typing message...
[2026-04-13T18:27:35.288Z] ⏱️  [timer] Group 1 typing started
[2026-04-13T18:27:35.296Z] [compose] Strategy 1 — keyboard typing…
[2026-04-13T18:28:57.000Z] [compose] Keyboard typing succeeded.
[2026-04-13T18:28:57.001Z] ✓ [timer] Group 1 typing - took 81.71s
[2026-04-13T18:28:57.004Z] ⏱️  [timer] Group 1 image upload started
[2026-04-13T18:28:57.008Z] [group 1] 🖼️  Starting image upload: C:\Users\hp\Downloads\Micheal FB bot\Micheal FB bot\images\BPC_01_Red_Bold.jpg
[2026-04-13T18:28:57.048Z] [group 1] File inputs before photo click: 5
[2026-04-13T18:28:57.220Z] [group 1] ✅ File chooser accepted via selector: [role="dialog"] [role="button"][aria-label*="photo" i]
[2026-04-13T18:29:00.394Z] [group 1] ❌ Image preview not detected after chooser accept
[2026-04-13T18:29:00.394Z] ✓ [timer] Group 1 image upload - took 3.39s
[2026-04-13T18:29:00.398Z] WARNING: [group 1] ⚠️ Initial image upload did not confirm preview
[2026-04-13T18:29:00.406Z] [group 1] ⚠️ Image missing before submit. Retrying image upload once...
[2026-04-13T18:29:00.407Z] [group 1] 🖼️  Starting image upload: C:\Users\hp\Downloads\Micheal FB bot\Micheal FB bot\images\BPC_01_Red_Bold.jpg
[2026-04-13T18:29:00.479Z] [group 1] File inputs before photo click: 5
[2026-04-13T18:29:00.567Z] [group 1] ✅ File chooser accepted via selector: [role="dialog"] [role="button"][aria-label*="photo" i]
[2026-04-13T18:29:03.297Z] [group 1] ❌ Image preview not detected after chooser accept
[2026-04-13T18:29:03.297Z] ERROR: ❌ [group 1] Error: Image not detected in composer after retry; aborting submit to avoid text-only post.
[2026-04-13T18:29:03.297Z] [group 1] Skipping and continuing...
[2026-04-13T18:29:03.298Z] [group 1] Waiting 15s to recover...
[2026-04-13T18:29:18.449Z] [group 1] Tab closed.
[2026-04-13T18:29:18.449Z] ✓ [timer] Group 1 total time - took 119.71s
[2026-04-13T18:29:18.449Z] 
[group 2/19] https://www.facebook.com/groups/321100208080255
[2026-04-13T18:29:18.449Z] ⏱️  [timer] Group 2 total time started
[2026-04-13T18:29:18.794Z] [group 2] Opening in new tab...
[2026-04-13T18:29:18.794Z] ⏱️  [timer] Group 2 navigation started
[2026-04-13T18:29:30.424Z] ✓ [timer] Group 2 navigation - took 11.63s
[2026-04-13T18:29:30.424Z] [login] ====== AUTO-LOGIN ATTEMPT ======
[2026-04-13T18:29:30.427Z] [login] Already logged in.
[2026-04-13T18:29:30.431Z] ⏱️  [timer] Group 2 captcha started
[2026-04-13T18:29:30.431Z] [captcha] Checking for CAPTCHA…
[2026-04-13T18:29:30.947Z] ✓ [timer] Group 2 captcha - took 0.52s
[2026-04-13T18:29:30.949Z] [group 2] Opening composer...
[2026-04-13T18:29:30.949Z] ⏱️  [timer] Group 2 composer open started
[2026-04-13T18:29:31.943Z] ✓ [timer] Group 2 composer open - took 0.99s
[2026-04-13T18:29:35.082Z] [images] Resolved image dir: C:\Users\hp\Downloads\Micheal FB bot\Micheal FB bot\images
[2026-04-13T18:29:35.084Z] [images] Found 8 image(s): ["C:\\Users\\hp\\Downloads\\Micheal FB bot\\Micheal FB bot\\images\\BPC_01_Red_Bold.jpg","C:\\Users\\hp\\Downloads\\Micheal FB bot\\Micheal FB bot\\images\\BPC_02_Navy_Gold.jpg","C:\\Users\\hp\\Downloads\\Micheal FB bot\\Micheal FB bot\\images\\BPC_03_Teal_Modern.jpg","C:\\Users\\hp\\Downloads\\Micheal FB bot\\Micheal FB bot\\images\\BPC_04_Black_Yellow.jpg","C:\\Users\\hp\\Downloads\\Micheal FB bot\\Micheal FB bot\\images\\BPC_05_Warm_Earthy.jpg","C:\\Users\\hp\\Downloads\\Micheal FB bot\\Micheal FB bot\\images\\BPC_06_Sage_Section8.jpg","C:\\Users\\hp\\Downloads\\Micheal FB bot\\Micheal FB bot\\images\\BPC_07_Orange_Dark.jpg","C:\\Users\\hp\\Downloads\\Micheal FB bot\\Micheal FB bot\\images\\BPC_08_Steel_Blue.jpg"]
[2026-04-13T18:29:35.085Z] [images] postId=1 → index=0 → C:\Users\hp\Downloads\Micheal FB bot\Micheal FB bot\images\BPC_01_Red_Bold.jpg
[2026-04-13T18:29:35.085Z] [group 2] Typing message...
[2026-04-13T18:29:35.085Z] ⏱️  [timer] Group 2 typing started
[2026-04-13T18:29:35.092Z] [compose] Strategy 1 — keyboard typing…
