[2026-04-10T18:27:44.248Z] [scheduler] Loaded 12 posts from posts.json
[2026-04-10T18:27:44.250Z] 🔄 [scheduler] RESET_POSTS is enabled - starting from post 1
[2026-04-10T18:27:44.252Z] [scheduler] Found next post to post: Post #1
[2026-04-10T18:27:56.944Z] [captcha] Checking for CAPTCHA…
[2026-04-10T18:27:58.207Z] [session] Attempting auto-login...
[2026-04-10T18:28:00.215Z] [login] ====== AUTO-LOGIN ATTEMPT ======
[2026-04-10T18:28:00.215Z] [login] ====== STEP 1: Looking for Email Field ======
[2026-04-10T18:28:00.277Z] [login] Email field not immediately visible
[2026-04-10T18:28:00.277Z] [login] ====== STEP 2: Looking for Continue Button ======
[2026-04-10T18:28:00.821Z] [login] ====== STEP 3: Looking for Password Field ======
[2026-04-10T18:28:02.837Z] [login] No password field found - already logged in or unexpected state
[2026-04-10T18:28:02.837Z] [login] ====== AUTO-LOGIN COMPLETE ======
[2026-04-10T18:28:21.796Z] [session] Cookies saved to session.json
[2026-04-10T18:28:21.796Z] [multi-group] Posting to 19 group(s).
[2026-04-10T18:28:21.859Z] 
======================================================================
[2026-04-10T18:28:21.860Z] 📝 POST #1 START TIME: 11:28:21 PM
[2026-04-10T18:28:21.860Z] ======================================================================
[2026-04-10T18:28:21.860Z] 
[group 1/19] https://www.facebook.com/groups/225542072815842
[2026-04-10T18:28:21.861Z] ⏱️  [timer] Group 1 total time started
[2026-04-10T18:28:22.179Z] [group 1] Opening in new tab...
[2026-04-10T18:28:22.179Z] ⏱️  [timer] Group 1 navigation started
[2026-04-10T18:28:30.834Z] ✓ [timer] Group 1 navigation - took 8.65s
[2026-04-10T18:28:32.848Z] [login] ====== AUTO-LOGIN ATTEMPT ======
[2026-04-10T18:28:32.848Z] [login] ====== STEP 1: Looking for Email Field ======
[2026-04-10T18:28:32.870Z] [login] Email field not immediately visible
[2026-04-10T18:28:32.871Z] [login] ====== STEP 2: Looking for Continue Button ======
[2026-04-10T18:28:33.362Z] [login] ====== STEP 3: Looking for Password Field ======
[2026-04-10T18:28:35.377Z] [login] No password field found - already logged in or unexpected state
[2026-04-10T18:28:35.377Z] [login] ====== AUTO-LOGIN COMPLETE ======
[2026-04-10T18:28:35.379Z] ⏱️  [timer] Group 1 captcha started
[2026-04-10T18:28:35.379Z] [captcha] Checking for CAPTCHA…
[2026-04-10T18:28:35.888Z] ✓ [timer] Group 1 captcha - took 0.51s
[2026-04-10T18:28:35.890Z] [group 1] Opening composer...
[2026-04-10T18:28:35.890Z] ⏱️  [timer] Group 1 composer open started
[2026-04-10T18:28:42.445Z] ✓ [timer] Group 1 composer open - took 6.55s
[2026-04-10T18:28:47.058Z] [group 1] 🖼️  Selecting image from dir: C:\Users\hp\Downloads\Micheal FB bot\Micheal FB bot\images
[2026-04-10T18:28:47.061Z] [group 1] 📤 Selected image file: C:\Users\hp\Downloads\Micheal FB bot\Micheal FB bot\images\BPC_01_Red_Bold.jpg
[2026-04-10T18:28:47.062Z] [group 1] 📄 File exists: true
[2026-04-10T18:28:47.062Z] ⏱️  [timer] Group 1 image upload started
[2026-04-10T18:28:47.068Z] [group 1] 📁 File input found
[2026-04-10T18:28:47.068Z] [group 1] 📄 File path: C:\Users\hp\Downloads\Micheal FB bot\Micheal FB bot\images\BPC_01_Red_Bold.jpg
[2026-04-10T18:28:47.069Z] [group 1] ❌ Upload error: require is not defined
[2026-04-10T18:28:47.069Z] [group 1] ℹ️  Posting without image
[2026-04-10T18:28:47.069Z] ✓ [timer] Group 1 image upload - took 0.01s
[2026-04-10T18:28:47.070Z] [group 1] Taking a brief pause before typing...
[2026-04-10T18:28:49.071Z] [group 1] Typing message...
[2026-04-10T18:28:49.072Z] ⏱️  [timer] Group 1 typing started
[2026-04-10T18:28:49.078Z] [compose] Strategy 1 — keyboard typing…
