[2026-04-10T18:03:41.125Z] [scheduler] Loaded 12 posts from posts.json
[2026-04-10T18:03:41.126Z] 🔄 [scheduler] RESET_POSTS is enabled - starting from post 1
[2026-04-10T18:03:41.126Z] [scheduler] Found next post to post: Post #1
[2026-04-10T18:03:55.407Z] [captcha] Checking for CAPTCHA…
[2026-04-10T18:03:55.964Z] [session] Attempting auto-login...
[2026-04-10T18:03:57.979Z] [login] ====== AUTO-LOGIN ATTEMPT ======
[2026-04-10T18:03:57.980Z] [login] ====== STEP 1: Looking for Email Field ======
[2026-04-10T18:03:58.213Z] [login] Email field not immediately visible
[2026-04-10T18:03:58.214Z] [login] ====== STEP 2: Looking for Continue Button ======
[2026-04-10T18:03:58.686Z] [login] ====== STEP 3: Looking for Password Field ======
[2026-04-10T18:04:00.706Z] [login] No password field found - already logged in or unexpected state
[2026-04-10T18:04:00.707Z] [login] ====== AUTO-LOGIN COMPLETE ======
[2026-04-10T18:04:08.730Z] [session] Cookies saved to session.json
[2026-04-10T18:04:08.730Z] [multi-group] Posting to 19 group(s).
[2026-04-10T18:04:08.791Z] 
======================================================================
[2026-04-10T18:04:08.791Z] 📝 POST #1 START TIME: 11:04:08 PM
[2026-04-10T18:04:08.791Z] ======================================================================
[2026-04-10T18:04:08.791Z] 
[group 1/19] https://www.facebook.com/groups/225542072815842
[2026-04-10T18:04:08.792Z] ⏱️  [timer] Group 1 total time started
[2026-04-10T18:04:09.114Z] [group 1] Opening in new tab...
[2026-04-10T18:04:09.115Z] ⏱️  [timer] Group 1 navigation started
[2026-04-10T18:04:14.349Z] ✓ [timer] Group 1 navigation - took 5.24s
[2026-04-10T18:04:16.362Z] [login] ====== AUTO-LOGIN ATTEMPT ======
[2026-04-10T18:04:16.363Z] [login] ====== STEP 1: Looking for Email Field ======
[2026-04-10T18:04:16.383Z] [login] ✅ Email field found, filling with: ManagedMindset21@gmail.com
[2026-04-10T18:04:18.598Z] [login] ✅ Email filled successfully
[2026-04-10T18:04:19.108Z] [login] ====== STEP 2: Looking for Continue Button ======
[2026-04-10T18:04:19.211Z] [login] ====== STEP 3: Looking for Password Field ======
[2026-04-10T18:04:21.215Z] [login] ✅ Password field found: input[name="pass"]
[2026-04-10T18:04:21.658Z] [login] Filling password...
[2026-04-10T18:04:22.461Z] [login] ✅ Password typed successfully
[2026-04-10T18:04:23.473Z] [login] ====== STEP 4: Looking for Log In Button ======
[2026-04-10T18:04:23.483Z] [login] ✅ Log in button clicked
[2026-04-10T18:04:28.491Z] [login] ====== AUTO-LOGIN COMPLETE ======
[2026-04-10T18:04:28.493Z] ⏱️  [timer] Group 1 captcha started
[2026-04-10T18:04:28.493Z] [captcha] Checking for CAPTCHA…
[2026-04-10T18:04:29.060Z] ✓ [timer] Group 1 captcha - took 0.57s
[2026-04-10T18:04:29.062Z] [group 1] Opening composer...
[2026-04-10T18:04:29.063Z] ⏱️  [timer] Group 1 composer open started
[2026-04-10T18:04:40.063Z] ✓ [timer] Group 1 composer open - took 11.00s
[2026-04-10T18:04:45.065Z] [group 1] 🖼️  Selecting image from dir: C:\Users\hp\Downloads\Micheal FB bot\Micheal FB bot\images
[2026-04-10T18:04:45.072Z] [group 1] 📤 Selected image file: C:\Users\hp\Downloads\Micheal FB bot\Micheal FB bot\images\BPC_01_Red_Bold.png
[2026-04-10T18:04:45.073Z] [group 1] 📄 File exists: true
[2026-04-10T18:04:45.073Z] ⏱️  [timer] Group 1 image upload started
[2026-04-10T18:04:45.082Z] [group 1] 📁 File input found, uploading file...
[2026-04-10T18:04:45.082Z] [group 1] 📂 File path: C:\Users\hp\Downloads\Micheal FB bot\Micheal FB bot\images\BPC_01_Red_Bold.png
[2026-04-10T18:04:45.116Z] [group 1] ✅ uploadFile() call completed
[2026-04-10T18:04:45.116Z] [group 1] ⏳ Giving Facebook 8s to process image...
[2026-04-10T18:04:53.118Z] [group 1] ✅ Proceeding with post (image should be attached)
[2026-04-10T18:04:53.119Z] ✓ [timer] Group 1 image upload - took 8.05s
[2026-04-10T18:04:53.119Z] [group 1] Taking a brief pause before typing...
[2026-04-10T18:04:55.120Z] [group 1] Typing message...
[2026-04-10T18:04:55.120Z] ⏱️  [timer] Group 1 typing started
[2026-04-10T18:04:55.126Z] [compose] Strategy 1 — keyboard typing…
[2026-04-10T18:06:16.829Z] [compose] Keyboard typing succeeded.
[2026-04-10T18:06:16.830Z] ✓ [timer] Group 1 typing - took 81.71s
[2026-04-10T18:06:21.834Z] [group 1] Submitting post...
[2026-04-10T18:06:21.835Z] ⏱️  [timer] Group 1 submit started
[2026-04-10T18:06:27.460Z] ✓ [timer] Group 1 submit - took 5.63s
[2026-04-10T18:06:27.460Z] [group 1] ✅ Post submitted successfully!
[2026-04-10T18:06:32.475Z] [group 1] Waiting 30 seconds before next group...
