[2026-04-10T19:20:14.679Z] [scheduler] Loaded 12 posts from posts.json
[2026-04-10T19:20:14.679Z] 🔄 [scheduler] RESET_POSTS is enabled - starting from post 1
[2026-04-10T19:20:14.680Z] [scheduler] Found next post: Post #1
[2026-04-10T19:20:30.851Z] [captcha] Checking for CAPTCHA…
[2026-04-10T19:20:31.363Z] [session] Attempting auto-login...
[2026-04-10T19:20:33.373Z] [login] ====== AUTO-LOGIN ATTEMPT ======
[2026-04-10T19:20:33.373Z] [login] ====== STEP 1: Looking for Email Field ======
[2026-04-10T19:20:33.419Z] [login] Email field not immediately visible
[2026-04-10T19:20:33.420Z] [login] ====== STEP 2: Looking for Continue Button ======
[2026-04-10T19:20:33.756Z] [login] ====== STEP 3: Looking for Password Field ======
[2026-04-10T19:20:35.767Z] [login] No password field found - already logged in or unexpected state
[2026-04-10T19:20:35.767Z] [login] ====== AUTO-LOGIN COMPLETE ======
[2026-04-10T19:20:46.064Z] [session] Cookies saved to session.json
[2026-04-10T19:20:46.065Z] [multi-group] Posting to 19 group(s).
[2026-04-10T19:20:46.065Z] 
======================================================================
[2026-04-10T19:20:46.261Z] 📝 POST #1 START TIME: 12:20:46 AM
[2026-04-10T19:20:46.261Z] ======================================================================
[2026-04-10T19:20:46.262Z] 
[group 1/19] https://www.facebook.com/groups/225542072815842
[2026-04-10T19:20:46.265Z] ⏱️  [timer] Group 1 total time started
[2026-04-10T19:20:46.781Z] [group 1] Opening in new tab...
[2026-04-10T19:20:46.782Z] ⏱️  [timer] Group 1 navigation started
[2026-04-10T19:20:53.803Z] ✓ [timer] Group 1 navigation - took 7.02s
[2026-04-10T19:20:55.816Z] [login] ====== AUTO-LOGIN ATTEMPT ======
[2026-04-10T19:20:55.817Z] [login] ====== STEP 1: Looking for Email Field ======
[2026-04-10T19:20:55.844Z] [login] Email field not immediately visible
[2026-04-10T19:20:55.844Z] [login] ====== STEP 2: Looking for Continue Button ======
[2026-04-10T19:20:56.091Z] [login] ====== STEP 3: Looking for Password Field ======
[2026-04-10T19:20:58.096Z] [login] No password field found - already logged in or unexpected state
[2026-04-10T19:20:58.096Z] [login] ====== AUTO-LOGIN COMPLETE ======
[2026-04-10T19:20:58.097Z] ⏱️  [timer] Group 1 captcha started
[2026-04-10T19:20:58.098Z] [captcha] Checking for CAPTCHA…
[2026-04-10T19:20:58.614Z] ✓ [timer] Group 1 captcha - took 0.52s
[2026-04-10T19:20:58.617Z] [group 1] Opening composer...
[2026-04-10T19:20:58.617Z] ⏱️  [timer] Group 1 composer open started
[2026-04-10T19:21:04.959Z] ✓ [timer] Group 1 composer open - took 6.34s
[2026-04-10T19:21:08.089Z] [images] Resolved image dir: C:\Users\hp\Downloads\Micheal FB bot\Micheal FB bot\images
[2026-04-10T19:21:08.110Z] [images] Found 8 image(s): ["C:\\Users\\hp\\Downloads\\Micheal FB bot\\Micheal FB bot\\images\\BPC_01_Red_Bold.jpg","C:\\Users\\hp\\Downloads\\Micheal FB bot\\Micheal FB bot\\images\\BPC_02_Navy_Gold.jpg","C:\\Users\\hp\\Downloads\\Micheal FB bot\\Micheal FB bot\\images\\BPC_03_Teal_Modern.jpg","C:\\Users\\hp\\Downloads\\Micheal FB bot\\Micheal FB bot\\images\\BPC_04_Black_Yellow.jpg","C:\\Users\\hp\\Downloads\\Micheal FB bot\\Micheal FB bot\\images\\BPC_05_Warm_Earthy.jpg","C:\\Users\\hp\\Downloads\\Micheal FB bot\\Micheal FB bot\\images\\BPC_06_Sage_Section8.jpg","C:\\Users\\hp\\Downloads\\Micheal FB bot\\Micheal FB bot\\images\\BPC_07_Orange_Dark.jpg","C:\\Users\\hp\\Downloads\\Micheal FB bot\\Micheal FB bot\\images\\BPC_08_Steel_Blue.jpg"]
[2026-04-10T19:21:08.110Z] [images] postId=1 → index=0 → C:\Users\hp\Downloads\Micheal FB bot\Micheal FB bot\images\BPC_01_Red_Bold.jpg
[2026-04-10T19:21:08.110Z] ⏱️  [timer] Group 1 image upload started
[2026-04-10T19:21:08.111Z] [group 1] 🖼️  Starting image upload: C:\Users\hp\Downloads\Micheal FB bot\Micheal FB bot\images\BPC_01_Red_Bold.jpg
[2026-04-10T19:21:08.131Z] [group 1] Found 3 file input(s)
[2026-04-10T19:21:08.131Z] [group 1] 🔄 Trying file input #1...
[2026-04-10T19:21:08.164Z] [group 1] ✅ uploadFile() succeeded on input #1
[2026-04-10T19:21:16.179Z] [group 1] ⚠️  Preview selector missed — proceeding optimistically
[2026-04-10T19:21:16.179Z] ✓ [timer] Group 1 image upload - took 8.07s
[2026-04-10T19:21:18.184Z] [group 1] Brief pause before typing...
[2026-04-10T19:21:20.192Z] [group 1] Typing message...
[2026-04-10T19:21:20.193Z] ⏱️  [timer] Group 1 typing started
[2026-04-10T19:21:20.199Z] [compose] Strategy 1 — keyboard typing…
[2026-04-10T19:22:39.879Z] [compose] Keyboard typing succeeded.
[2026-04-10T19:22:39.879Z] ✓ [timer] Group 1 typing - took 79.69s
[2026-04-10T19:22:44.884Z] [group 1] ✅ Draft ready. SKIP_POST=true — not clicking Post.
[2026-04-10T19:22:44.884Z] [group 1] Waiting 30s before next group...
