[2026-04-09T20:47:27.716Z] [scheduler] Loaded 12 posts from posts.json
[2026-04-09T20:47:27.716Z] 🔄 [scheduler] RESET_POSTS is enabled - starting from post 1
[2026-04-09T20:47:27.716Z] [scheduler] Found next post to post: Post #1
[2026-04-09T20:47:38.909Z] [captcha] Checking for CAPTCHA…
[2026-04-09T20:47:39.451Z] [session] Attempting auto-login...
[2026-04-09T20:47:41.454Z] [login] ====== AUTO-LOGIN ATTEMPT ======
[2026-04-09T20:47:41.456Z] [login] Looking for Continue button...
[2026-04-09T20:47:41.483Z] [login] Trying alternative selectors...
[2026-04-09T20:47:41.485Z] [login] XPath method failed: page.$x is not a function
[2026-04-09T20:47:41.486Z] [login] Trying Tab + Enter method...
[2026-04-09T20:47:41.503Z] [login] ====== Looking for Login Form ======
[2026-04-09T20:47:42.546Z] [login] No password field found - already logged in
[2026-04-09T20:47:42.546Z] [login] ====== AUTO-LOGIN COMPLETE ======
[2026-04-09T20:47:50.465Z] [session] Cookies saved to session.json
[2026-04-09T20:47:50.466Z] [multi-group] Posting to 19 group(s).
[2026-04-09T20:47:50.770Z] 
======================================================================
[2026-04-09T20:47:50.770Z] 📝 POST #1 START TIME: 1:47:50 AM
[2026-04-09T20:47:50.771Z] ======================================================================
[2026-04-09T20:47:50.771Z] 
[group 1/19] https://www.facebook.com/groups/225542072815842
[2026-04-09T20:47:50.772Z] ⏱️  [timer] Group 1 total time started
[2026-04-09T20:47:51.220Z] [group 1] Opening in new tab...
[2026-04-09T20:47:51.221Z] ⏱️  [timer] Group 1 navigation started
[2026-04-09T20:47:57.852Z] ✓ [timer] Group 1 navigation - took 6.63s
[2026-04-09T20:47:59.856Z] [login] ====== AUTO-LOGIN ATTEMPT ======
[2026-04-09T20:47:59.857Z] [login] Looking for Continue button...
[2026-04-09T20:47:59.861Z] [login] Trying alternative selectors...
[2026-04-09T20:47:59.862Z] [login] XPath method failed: page.$x is not a function
[2026-04-09T20:47:59.862Z] [login] Trying Tab + Enter method...
[2026-04-09T20:47:59.865Z] [login] ====== Looking for Login Form ======
[2026-04-09T20:48:00.894Z] [login] No password field found - already logged in
[2026-04-09T20:48:00.895Z] [login] ====== AUTO-LOGIN COMPLETE ======
[2026-04-09T20:48:00.897Z] ⏱️  [timer] Group 1 captcha started
[2026-04-09T20:48:00.897Z] [captcha] Checking for CAPTCHA…
[2026-04-09T20:48:01.415Z] ✓ [timer] Group 1 captcha - took 0.52s
[2026-04-09T20:48:01.417Z] [group 1] Opening composer...
[2026-04-09T20:48:01.417Z] ⏱️  [timer] Group 1 composer open started
[2026-04-09T20:48:08.118Z] ✓ [timer] Group 1 composer open - took 6.70s
[2026-04-09T20:48:11.200Z] [group 1] Typing message...
[2026-04-09T20:48:11.200Z] ⏱️  [timer] Group 1 typing started
[2026-04-09T20:48:11.206Z] [compose] Strategy 1 — keyboard typing…
[2026-04-09T20:49:31.016Z] [compose] Keyboard typing succeeded.
[2026-04-09T20:49:31.016Z] ✓ [timer] Group 1 typing - took 79.82s
[2026-04-09T20:49:31.016Z] [group 1] 🖼️  Selecting image...
[2026-04-09T20:49:31.020Z] [group 1] 📤 Full path: C:\Users\hp\Downloads\Micheal FB bot\Micheal FB bot\images\BPC_01_Red_Bold.png
[2026-04-09T20:49:31.020Z] ⏱️  [timer] Group 1 image upload started
[2026-04-09T20:49:31.020Z] [group 1] 🔍 Finding photo button in composer...
[2026-04-09T20:49:31.036Z] [group 1] ✅ Photo button clicked
[2026-04-09T20:49:31.036Z] [group 1] ⏱️  Waiting for file input...
[2026-04-09T20:49:31.054Z] [group 1] ✅ FILE INPUT FOUND!
[2026-04-09T20:49:31.054Z] [group 1] 📤 Uploading: C:\Users\hp\Downloads\Micheal FB bot\Micheal FB bot\images\BPC_01_Red_Bold.png
[2026-04-09T20:49:31.114Z] [group 1] ✅ Image upload succeeded
[2026-04-09T20:49:34.123Z] ✓ [timer] Group 1 image upload - took 3.10s
[2026-04-09T20:49:39.125Z] [group 1] Submitting post...
[2026-04-09T20:49:39.125Z] ⏱️  [timer] Group 1 submit started
[2026-04-09T20:49:45.165Z] ✓ [timer] Group 1 submit - took 6.03s
[2026-04-09T20:49:45.167Z] [group 1] ✅ Post submitted successfully!
[2026-04-09T20:49:50.169Z] [group 1] Waiting 30 seconds before next group...
