[2026-04-10T18:29:32.287Z] [scheduler] Loaded 12 posts from posts.json
[2026-04-10T18:29:32.287Z] 🔄 [scheduler] RESET_POSTS is enabled - starting from post 1
[2026-04-10T18:29:32.288Z] [scheduler] Found next post to post: Post #1
[2026-04-10T18:29:48.374Z] [captcha] Checking for CAPTCHA…
[2026-04-10T18:29:50.377Z] [session] Attempting auto-login...
[2026-04-10T18:29:52.379Z] [login] ====== AUTO-LOGIN ATTEMPT ======
[2026-04-10T18:29:52.380Z] [login] ====== STEP 1: Looking for Email Field ======
[2026-04-10T18:29:52.432Z] [login] Email field not immediately visible
[2026-04-10T18:29:52.432Z] [login] ====== STEP 2: Looking for Continue Button ======
[2026-04-10T18:29:52.863Z] [login] ====== STEP 3: Looking for Password Field ======
[2026-04-10T18:29:54.886Z] [login] No password field found - already logged in or unexpected state
[2026-04-10T18:29:54.886Z] [login] ====== AUTO-LOGIN COMPLETE ======
[2026-04-10T18:30:05.272Z] [session] Cookies saved to session.json
[2026-04-10T18:30:05.273Z] [multi-group] Posting to 19 group(s).
[2026-04-10T18:30:05.460Z] 
======================================================================
[2026-04-10T18:30:05.462Z] 📝 POST #1 START TIME: 11:30:05 PM
[2026-04-10T18:30:05.463Z] ======================================================================
[2026-04-10T18:30:05.464Z] 
[group 1/19] https://www.facebook.com/groups/225542072815842
[2026-04-10T18:30:05.465Z] ⏱️  [timer] Group 1 total time started
[2026-04-10T18:30:05.907Z] [group 1] Opening in new tab...
[2026-04-10T18:30:05.907Z] ⏱️  [timer] Group 1 navigation started
[2026-04-10T18:30:12.541Z] ✓ [timer] Group 1 navigation - took 6.63s
[2026-04-10T18:30:14.546Z] [login] ====== AUTO-LOGIN ATTEMPT ======
[2026-04-10T18:30:14.546Z] [login] ====== STEP 1: Looking for Email Field ======
[2026-04-10T18:30:14.572Z] [login] Email field not immediately visible
[2026-04-10T18:30:14.572Z] [login] ====== STEP 2: Looking for Continue Button ======
[2026-04-10T18:30:14.912Z] [login] ====== STEP 3: Looking for Password Field ======
[2026-04-10T18:30:16.931Z] [login] No password field found - already logged in or unexpected state
[2026-04-10T18:30:16.931Z] [login] ====== AUTO-LOGIN COMPLETE ======
[2026-04-10T18:30:16.933Z] ⏱️  [timer] Group 1 captcha started
[2026-04-10T18:30:16.934Z] [captcha] Checking for CAPTCHA…
[2026-04-10T18:30:17.447Z] ✓ [timer] Group 1 captcha - took 0.51s
[2026-04-10T18:30:17.450Z] [group 1] Opening composer...
[2026-04-10T18:30:17.451Z] ⏱️  [timer] Group 1 composer open started
[2026-04-10T18:30:25.771Z] ✓ [timer] Group 1 composer open - took 8.32s
[2026-04-10T18:30:30.171Z] [group 1] 🖼️  Selecting image from dir: C:\Users\hp\Downloads\Micheal FB bot\Micheal FB bot\images
[2026-04-10T18:30:30.173Z] [group 1] 📤 Selected image file: C:\Users\hp\Downloads\Micheal FB bot\Micheal FB bot\images\BPC_01_Red_Bold.jpg
[2026-04-10T18:30:30.174Z] [group 1] 📄 File exists: true
[2026-04-10T18:30:30.174Z] ⏱️  [timer] Group 1 image upload started
[2026-04-10T18:30:30.180Z] [group 1] 📁 File input found
[2026-04-10T18:30:30.180Z] [group 1] 📄 File path: C:\Users\hp\Downloads\Micheal FB bot\Micheal FB bot\images\BPC_01_Red_Bold.jpg
[2026-04-10T18:30:30.181Z] [group 1] 📋 File exists: true
[2026-04-10T18:30:30.181Z] [group 1] 🔄 Attempting uploadFile()...
[2026-04-10T18:30:30.225Z] [group 1] ✅ uploadFile() returned
[2026-04-10T18:30:30.241Z] [group 1] File check result: {"hasFiles":false,"fileInfo":null}
[2026-04-10T18:30:30.242Z] [group 1] ❌ File NOT in input - uploadFile() failed
[2026-04-10T18:30:30.242Z] [group 1] ⏳ Waiting before typing...
[2026-04-10T18:30:32.252Z] [group 1] ℹ️  Posting without image
[2026-04-10T18:30:32.253Z] ✓ [timer] Group 1 image upload - took 2.08s
[2026-04-10T18:30:32.253Z] [group 1] Taking a brief pause before typing...
[2026-04-10T18:30:34.266Z] [group 1] Typing message...
[2026-04-10T18:30:34.267Z] ⏱️  [timer] Group 1 typing started
[2026-04-10T18:30:34.273Z] [compose] Strategy 1 — keyboard typing…
