[2026-04-10T18:40:26.791Z] [scheduler] Loaded 12 posts from posts.json
[2026-04-10T18:40:26.792Z] 🔄 [scheduler] RESET_POSTS is enabled - starting from post 1
[2026-04-10T18:40:26.792Z] [scheduler] Found next post to post: Post #1
[2026-04-10T18:40:41.752Z] [captcha] Checking for CAPTCHA…
[2026-04-10T18:40:42.285Z] [session] Attempting auto-login...
[2026-04-10T18:40:44.299Z] [login] ====== AUTO-LOGIN ATTEMPT ======
[2026-04-10T18:40:44.299Z] [login] ====== STEP 1: Looking for Email Field ======
[2026-04-10T18:40:46.578Z] [login] Email field not immediately visible
[2026-04-10T18:40:46.578Z] [login] ====== STEP 2: Looking for Continue Button ======
[2026-04-10T18:40:49.442Z] [login] ====== STEP 3: Looking for Password Field ======
[2026-04-10T18:40:51.459Z] [login] No password field found - already logged in or unexpected state
[2026-04-10T18:40:51.459Z] [login] ====== AUTO-LOGIN COMPLETE ======
[2026-04-10T18:41:03.008Z] [session] Cookies saved to session.json
[2026-04-10T18:41:03.008Z] [multi-group] Posting to 19 group(s).
[2026-04-10T18:41:03.070Z] 
======================================================================
[2026-04-10T18:41:03.070Z] 📝 POST #1 START TIME: 11:41:03 PM
[2026-04-10T18:41:03.070Z] ======================================================================
[2026-04-10T18:41:03.070Z] 
[group 1/19] https://www.facebook.com/groups/225542072815842
[2026-04-10T18:41:03.070Z] ⏱️  [timer] Group 1 total time started
[2026-04-10T18:41:03.471Z] [group 1] Opening in new tab...
[2026-04-10T18:41:03.471Z] ⏱️  [timer] Group 1 navigation started
[2026-04-10T18:41:15.619Z] ✓ [timer] Group 1 navigation - took 12.15s
[2026-04-10T18:41:17.620Z] [login] ====== AUTO-LOGIN ATTEMPT ======
[2026-04-10T18:41:17.622Z] [login] ====== STEP 1: Looking for Email Field ======
[2026-04-10T18:41:17.711Z] [login] Email field not immediately visible
[2026-04-10T18:41:17.711Z] [login] ====== STEP 2: Looking for Continue Button ======
[2026-04-10T18:41:18.157Z] [login] ====== STEP 3: Looking for Password Field ======
[2026-04-10T18:41:20.174Z] [login] No password field found - already logged in or unexpected state
[2026-04-10T18:41:20.174Z] [login] ====== AUTO-LOGIN COMPLETE ======
[2026-04-10T18:41:20.175Z] ⏱️  [timer] Group 1 captcha started
[2026-04-10T18:41:20.176Z] [captcha] Checking for CAPTCHA…
[2026-04-10T18:41:20.765Z] ✓ [timer] Group 1 captcha - took 0.59s
[2026-04-10T18:41:20.773Z] [group 1] Opening composer...
[2026-04-10T18:41:20.773Z] ⏱️  [timer] Group 1 composer open started
[2026-04-10T18:42:06.137Z] ✓ [timer] Group 1 composer open - took 45.36s
[2026-04-10T18:42:37.763Z] [group 1] 🖼️  Selecting image from dir: C:\Users\hp\Downloads\Micheal FB bot\Micheal FB bot\images
[2026-04-10T18:42:37.787Z] [group 1] 📤 Selected image file: C:\Users\hp\Downloads\Micheal FB bot\Micheal FB bot\images\BPC_01_Red_Bold.jpg
[2026-04-10T18:42:37.791Z] [group 1] 📄 File exists: true
[2026-04-10T18:42:37.809Z] ⏱️  [timer] Group 1 image upload started
[2026-04-10T18:42:37.824Z] WARNING: [group 1] ⚠️ Image error: Attempted to use detached Frame '2FD605A8E8341CAC84938B9710B47744'.
[2026-04-10T18:42:37.825Z] [group 1] Taking a brief pause before typing...
[2026-04-10T18:42:39.832Z] [group 1] Typing message...
[2026-04-10T18:42:39.833Z] ⏱️  [timer] Group 1 typing started
[2026-04-10T18:42:39.834Z] ERROR: ❌ [group 1] Error posting: Attempted to use detached Frame '2FD605A8E8341CAC84938B9710B47744'.
[2026-04-10T18:42:39.834Z] [group 1] Skipping this group and continuing...
[2026-04-10T18:42:44.841Z] ✓ [timer] Group 1 total time - took 101.77s
[2026-04-10T18:42:44.842Z] 
[group 2/19] https://www.facebook.com/groups/321100208080255
[2026-04-10T18:42:44.842Z] ⏱️  [timer] Group 2 total time started
[2026-04-10T18:42:44.843Z] ERROR: ❌ [group 2] Error posting: Protocol error: Connection closed.
[2026-04-10T18:42:44.848Z] [group 2] Skipping this group and continuing...
[2026-04-10T18:42:49.862Z] ✓ [timer] Group 2 total time - took 5.02s
[2026-04-10T18:42:49.863Z] 
[group 3/19] https://www.facebook.com/groups/1616735018616241
[2026-04-10T18:42:49.863Z] ⏱️  [timer] Group 3 total time started
[2026-04-10T18:42:49.864Z] ERROR: ❌ [group 3] Error posting: Protocol error: Connection closed.
[2026-04-10T18:42:49.864Z] [group 3] Skipping this group and continuing...
[2026-04-10T18:42:54.875Z] ✓ [timer] Group 3 total time - took 5.01s
[2026-04-10T18:42:54.876Z] 
[group 4/19] https://www.facebook.com/groups/1207536042690077
[2026-04-10T18:42:54.877Z] ⏱️  [timer] Group 4 total time started
[2026-04-10T18:42:54.878Z] ERROR: ❌ [group 4] Error posting: Protocol error: Connection closed.
[2026-04-10T18:42:54.878Z] [group 4] Skipping this group and continuing...
[2026-04-10T18:42:59.889Z] ✓ [timer] Group 4 total time - took 5.01s
[2026-04-10T18:42:59.890Z] 
[group 5/19] https://www.facebook.com/groups/daytonohioofficalgroup
[2026-04-10T18:42:59.890Z] ⏱️  [timer] Group 5 total time started
[2026-04-10T18:42:59.891Z] ERROR: ❌ [group 5] Error posting: Protocol error: Connection closed.
[2026-04-10T18:42:59.891Z] [group 5] Skipping this group and continuing...
[2026-04-10T18:43:04.901Z] ✓ [timer] Group 5 total time - took 5.01s
[2026-04-10T18:43:04.902Z] 
[group 6/19] https://www.facebook.com/groups/352269745902233
[2026-04-10T18:43:04.902Z] ⏱️  [timer] Group 6 total time started
[2026-04-10T18:43:04.902Z] ERROR: ❌ [group 6] Error posting: Protocol error: Connection closed.
[2026-04-10T18:43:04.902Z] [group 6] Skipping this group and continuing...
[2026-04-10T18:43:09.916Z] ✓ [timer] Group 6 total time - took 5.01s
[2026-04-10T18:43:09.917Z] 
[group 7/19] https://www.facebook.com/groups/134313067284410
[2026-04-10T18:43:09.917Z] ⏱️  [timer] Group 7 total time started
[2026-04-10T18:43:09.918Z] ERROR: ❌ [group 7] Error posting: Protocol error: Connection closed.
[2026-04-10T18:43:09.918Z] [group 7] Skipping this group and continuing...
[2026-04-10T18:43:14.932Z] ✓ [timer] Group 7 total time - took 5.01s
[2026-04-10T18:43:14.932Z] 
[group 8/19] https://www.facebook.com/groups/1607253266228607
[2026-04-10T18:43:14.932Z] ⏱️  [timer] Group 8 total time started
[2026-04-10T18:43:14.933Z] ERROR: ❌ [group 8] Error posting: Protocol error: Connection closed.
[2026-04-10T18:43:14.933Z] [group 8] Skipping this group and continuing...
[2026-04-10T18:43:19.943Z] ✓ [timer] Group 8 total time - took 5.01s
[2026-04-10T18:43:19.943Z] 
[group 9/19] https://www.facebook.com/groups/573120166202117
[2026-04-10T18:43:19.943Z] ⏱️  [timer] Group 9 total time started
[2026-04-10T18:43:19.944Z] ERROR: ❌ [group 9] Error posting: Protocol error: Connection closed.
[2026-04-10T18:43:19.944Z] [group 9] Skipping this group and continuing...
[2026-04-10T18:43:24.959Z] ✓ [timer] Group 9 total time - took 5.01s
[2026-04-10T18:43:24.960Z] 
[group 10/19] https://www.facebook.com/groups/2055489764565301
[2026-04-10T18:43:24.961Z] ⏱️  [timer] Group 10 total time started
[2026-04-10T18:43:24.961Z] ERROR: ❌ [group 10] Error posting: Protocol error: Connection closed.
[2026-04-10T18:43:24.962Z] [group 10] Skipping this group and continuing...
[2026-04-10T18:43:29.970Z] ✓ [timer] Group 10 total time - took 5.01s
[2026-04-10T18:43:29.970Z] 
[group 11/19] https://www.facebook.com/groups/589854821079495
[2026-04-10T18:43:29.971Z] ⏱️  [timer] Group 11 total time started
[2026-04-10T18:43:29.971Z] ERROR: ❌ [group 11] Error posting: Protocol error: Connection closed.
[2026-04-10T18:43:29.971Z] [group 11] Skipping this group and continuing...
[2026-04-10T18:43:34.982Z] ✓ [timer] Group 11 total time - took 5.01s
[2026-04-10T18:43:34.983Z] 
[group 12/19] https://www.facebook.com/groups/daytonohionews
[2026-04-10T18:43:34.983Z] ⏱️  [timer] Group 12 total time started
[2026-04-10T18:43:34.983Z] ERROR: ❌ [group 12] Error posting: Protocol error: Connection closed.
[2026-04-10T18:43:34.983Z] [group 12] Skipping this group and continuing...
[2026-04-10T18:43:39.996Z] ✓ [timer] Group 12 total time - took 5.01s
[2026-04-10T18:43:39.998Z] 
[group 13/19] https://www.facebook.com/groups/1063689851195913
[2026-04-10T18:43:39.999Z] ⏱️  [timer] Group 13 total time started
[2026-04-10T18:43:40.000Z] ERROR: ❌ [group 13] Error posting: Protocol error: Connection closed.
[2026-04-10T18:43:40.000Z] [group 13] Skipping this group and continuing...
[2026-04-10T18:43:45.011Z] ✓ [timer] Group 13 total time - took 5.01s
[2026-04-10T18:43:45.012Z] 
[group 14/19] https://www.facebook.com/groups/trotwoodfriends
[2026-04-10T18:43:45.012Z] ⏱️  [timer] Group 14 total time started
[2026-04-10T18:43:45.013Z] ERROR: ❌ [group 14] Error posting: Protocol error: Connection closed.
[2026-04-10T18:43:45.013Z] [group 14] Skipping this group and continuing...
[2026-04-10T18:43:50.024Z] ✓ [timer] Group 14 total time - took 5.01s
[2026-04-10T18:43:50.025Z] 
[group 15/19] https://www.facebook.com/groups/299931344393332
[2026-04-10T18:43:50.025Z] ⏱️  [timer] Group 15 total time started
[2026-04-10T18:43:50.025Z] ERROR: ❌ [group 15] Error posting: Protocol error: Connection closed.
[2026-04-10T18:43:50.025Z] [group 15] Skipping this group and continuing...
[2026-04-10T18:43:55.038Z] ✓ [timer] Group 15 total time - took 5.01s
[2026-04-10T18:43:55.039Z] 
[group 16/19] https://www.facebook.com/groups/711326257584201
[2026-04-10T18:43:55.039Z] ⏱️  [timer] Group 16 total time started
[2026-04-10T18:43:55.039Z] ERROR: ❌ [group 16] Error posting: Protocol error: Connection closed.
[2026-04-10T18:43:55.039Z] [group 16] Skipping this group and continuing...
[2026-04-10T18:44:00.048Z] ✓ [timer] Group 16 total time - took 5.01s
[2026-04-10T18:44:00.048Z] 
[group 17/19] https://www.facebook.com/groups/udlandlordhousing
[2026-04-10T18:44:00.048Z] ⏱️  [timer] Group 17 total time started
[2026-04-10T18:44:00.049Z] ERROR: ❌ [group 17] Error posting: Protocol error: Connection closed.
[2026-04-10T18:44:00.049Z] [group 17] Skipping this group and continuing...
[2026-04-10T18:44:05.062Z] ✓ [timer] Group 17 total time - took 5.01s
[2026-04-10T18:44:05.062Z] 
[group 18/19] https://www.facebook.com/groups/MontgomeryRoomForRents
[2026-04-10T18:44:05.063Z] ⏱️  [timer] Group 18 total time started
[2026-04-10T18:44:05.063Z] ERROR: ❌ [group 18] Error posting: Protocol error: Connection closed.
[2026-04-10T18:44:05.063Z] [group 18] Skipping this group and continuing...
[2026-04-10T18:44:10.068Z] ✓ [timer] Group 18 total time - took 5.01s
[2026-04-10T18:44:10.068Z] 
[group 19/19] https://www.facebook.com/groups/368792408835976
[2026-04-10T18:44:10.068Z] ⏱️  [timer] Group 19 total time started
[2026-04-10T18:44:10.069Z] ERROR: ❌ [group 19] Error posting: Protocol error: Connection closed.
[2026-04-10T18:44:10.069Z] [group 19] Skipping this group and continuing...
[2026-04-10T18:44:10.069Z] ✓ [timer] Group 19 total time - took 0.00s
[2026-04-10T18:44:10.072Z] [scheduler] Post #1 completed. Total posted today: 1
[2026-04-10T18:44:10.073Z] [scheduler] Next post scheduled in 0s (Post #2)
[2026-04-10T18:44:10.073Z] 
======================================================================
[2026-04-10T18:44:10.073Z] ✅ POST #1 COMPLETED - Total time: 3.12 minutes
[2026-04-10T18:44:10.073Z] ======================================================================

[2026-04-10T18:44:10.073Z] 
======================================================================
[2026-04-10T18:44:10.073Z] 🎉 ALL POSTS COMPLETED
[2026-04-10T18:44:10.073Z] ======================================================================
