[2026-04-10T20:38:23.241Z] [scheduler] Loaded 12 posts from posts.json
[2026-04-10T20:38:23.242Z] 🔄 [scheduler] RESET_POSTS is enabled - starting from post 1
[2026-04-10T20:38:23.242Z] [scheduler] Found next post: Post #1
[2026-04-10T20:38:39.064Z] [captcha] Checking for CAPTCHA…
[2026-04-10T20:38:39.632Z] [session] Attempting auto-login...
[2026-04-10T20:38:39.634Z] [login] ====== AUTO-LOGIN ATTEMPT ======
[2026-04-10T20:38:39.646Z] [login] Already logged in.
[2026-04-10T20:38:48.475Z] [session] Cookies saved to session.json
[2026-04-10T20:38:48.475Z] [multi-group] Posting to 19 group(s).
[2026-04-10T20:38:48.476Z] 
======================================================================
[2026-04-10T20:38:48.643Z] 📝 POST #1 START TIME: 1:38:48 AM
[2026-04-10T20:38:48.644Z] ======================================================================
[2026-04-10T20:38:48.644Z] 
[group 1/19] https://www.facebook.com/groups/225542072815842
[2026-04-10T20:38:48.644Z] ⏱️  [timer] Group 1 total time started
[2026-04-10T20:38:49.104Z] [group 1] Opening in new tab...
[2026-04-10T20:38:49.106Z] ⏱️  [timer] Group 1 navigation started
[2026-04-10T20:39:22.360Z] ✓ [timer] Group 1 navigation - took 33.26s
[2026-04-10T20:39:22.361Z] [login] ====== AUTO-LOGIN ATTEMPT ======
[2026-04-10T20:39:22.363Z] [login] Already logged in.
[2026-04-10T20:39:22.367Z] ⏱️  [timer] Group 1 captcha started
[2026-04-10T20:39:22.368Z] [captcha] Checking for CAPTCHA…
[2026-04-10T20:39:22.874Z] ✓ [timer] Group 1 captcha - took 0.51s
[2026-04-10T20:39:22.877Z] [group 1] Opening composer...
[2026-04-10T20:39:22.877Z] ⏱️  [timer] Group 1 composer open started
[2026-04-10T20:39:23.039Z] ERROR: ❌ [group 1] Error: Could not open the Facebook composer.
[2026-04-10T20:39:23.040Z] [group 1] Skipping and continuing...
[2026-04-10T20:39:23.040Z] [group 1] Waiting 15s to recover...
[2026-04-10T20:39:38.081Z] [group 1] Tab closed.
[2026-04-10T20:39:38.082Z] ✓ [timer] Group 1 total time - took 49.44s
[2026-04-10T20:39:38.083Z] 
[group 2/19] https://www.facebook.com/groups/321100208080255
[2026-04-10T20:39:38.084Z] ⏱️  [timer] Group 2 total time started
[2026-04-10T20:39:38.330Z] [group 2] Opening in new tab...
[2026-04-10T20:39:38.330Z] ⏱️  [timer] Group 2 navigation started
[2026-04-10T20:39:46.117Z] ✓ [timer] Group 2 navigation - took 7.79s
[2026-04-10T20:39:46.117Z] [login] ====== AUTO-LOGIN ATTEMPT ======
[2026-04-10T20:39:46.120Z] [login] Already logged in.
[2026-04-10T20:39:46.124Z] ⏱️  [timer] Group 2 captcha started
[2026-04-10T20:39:46.124Z] [captcha] Checking for CAPTCHA…
[2026-04-10T20:39:46.641Z] ✓ [timer] Group 2 captcha - took 0.52s
[2026-04-10T20:39:46.643Z] [group 2] Opening composer...
[2026-04-10T20:39:46.643Z] ⏱️  [timer] Group 2 composer open started
[2026-04-10T20:39:48.206Z] ✓ [timer] Group 2 composer open - took 1.56s
[2026-04-10T20:39:52.167Z] [images] Resolved image dir: C:\Users\hp\Downloads\Micheal FB bot\Micheal FB bot\images
[2026-04-10T20:39:52.171Z] [images] Found 8 image(s): ["C:\\Users\\hp\\Downloads\\Micheal FB bot\\Micheal FB bot\\images\\BPC_01_Red_Bold.jpg","C:\\Users\\hp\\Downloads\\Micheal FB bot\\Micheal FB bot\\images\\BPC_02_Navy_Gold.jpg","C:\\Users\\hp\\Downloads\\Micheal FB bot\\Micheal FB bot\\images\\BPC_03_Teal_Modern.jpg","C:\\Users\\hp\\Downloads\\Micheal FB bot\\Micheal FB bot\\images\\BPC_04_Black_Yellow.jpg","C:\\Users\\hp\\Downloads\\Micheal FB bot\\Micheal FB bot\\images\\BPC_05_Warm_Earthy.jpg","C:\\Users\\hp\\Downloads\\Micheal FB bot\\Micheal FB bot\\images\\BPC_06_Sage_Section8.jpg","C:\\Users\\hp\\Downloads\\Micheal FB bot\\Micheal FB bot\\images\\BPC_07_Orange_Dark.jpg","C:\\Users\\hp\\Downloads\\Micheal FB bot\\Micheal FB bot\\images\\BPC_08_Steel_Blue.jpg"]
[2026-04-10T20:39:52.171Z] [images] postId=1 → index=0 → C:\Users\hp\Downloads\Micheal FB bot\Micheal FB bot\images\BPC_01_Red_Bold.jpg
[2026-04-10T20:39:52.172Z] ⏱️  [timer] Group 2 image upload started
[2026-04-10T20:39:52.173Z] [group 2] 🖼️  Starting image upload: C:\Users\hp\Downloads\Micheal FB bot\Micheal FB bot\images\BPC_01_Red_Bold.jpg
[2026-04-10T20:39:52.204Z] [group 2] File inputs before photo click: 4
[2026-04-10T20:39:52.222Z] [group 2] ✅ Method 2: textbox-parent button clicked
[2026-04-10T20:40:00.236Z] [group 2] ⚠️  No new file input appeared: Waiting failed: 8000ms exceeded
[2026-04-10T20:40:00.878Z] [group 2] File inputs after photo click: 4
[2026-04-10T20:40:00.987Z] [group 2] ✅ uploadFile() on composer input (index 4)
[2026-04-10T20:40:10.224Z] [group 2] ✅ Image preview confirmed in composer
[2026-04-10T20:40:10.224Z] ✓ [timer] Group 2 image upload - took 18.05s
[2026-04-10T20:40:12.230Z] [group 2] Brief pause before typing...
[2026-04-10T20:40:14.237Z] [group 2] Typing message...
[2026-04-10T20:40:14.238Z] ⏱️  [timer] Group 2 typing started
[2026-04-10T20:40:14.246Z] [compose] Strategy 1 — keyboard typing…
[2026-04-10T20:41:38.286Z] [compose] Keyboard typing succeeded.
[2026-04-10T20:41:38.286Z] ✓ [timer] Group 2 typing - took 84.05s
[2026-04-10T20:41:43.294Z] [group 2] Submitting post...
[2026-04-10T20:41:43.295Z] ⏱️  [timer] Group 2 submit started
[2026-04-10T20:41:44.853Z] ✓ [timer] Group 2 submit - took 1.56s
[2026-04-10T20:41:44.853Z] [group 2] ✅ Post submitted!
[2026-04-10T20:41:49.856Z] [group 2] Waiting 30s before next group...
[2026-04-10T20:42:19.941Z] [group 2] Tab closed.
[2026-04-10T20:42:19.942Z] ✓ [timer] Group 2 total time - took 161.86s
[2026-04-10T20:42:19.942Z] 
[group 3/19] https://www.facebook.com/groups/1616735018616241
[2026-04-10T20:42:19.943Z] ⏱️  [timer] Group 3 total time started
[2026-04-10T20:42:20.355Z] [group 3] Opening in new tab...
[2026-04-10T20:42:20.355Z] ⏱️  [timer] Group 3 navigation started
[2026-04-10T20:42:28.050Z] ✓ [timer] Group 3 navigation - took 7.70s
[2026-04-10T20:42:28.050Z] [login] ====== AUTO-LOGIN ATTEMPT ======
[2026-04-10T20:42:28.053Z] [login] Already logged in.
[2026-04-10T20:42:28.057Z] ⏱️  [timer] Group 3 captcha started
[2026-04-10T20:42:28.057Z] [captcha] Checking for CAPTCHA…
[2026-04-10T20:42:28.570Z] ✓ [timer] Group 3 captcha - took 0.51s
[2026-04-10T20:42:28.573Z] [group 3] Opening composer...
[2026-04-10T20:42:28.573Z] ⏱️  [timer] Group 3 composer open started
[2026-04-10T20:42:30.357Z] ✓ [timer] Group 3 composer open - took 1.78s
[2026-04-10T20:42:33.268Z] [images] Resolved image dir: C:\Users\hp\Downloads\Micheal FB bot\Micheal FB bot\images
[2026-04-10T20:42:33.270Z] [images] Found 8 image(s): ["C:\\Users\\hp\\Downloads\\Micheal FB bot\\Micheal FB bot\\images\\BPC_01_Red_Bold.jpg","C:\\Users\\hp\\Downloads\\Micheal FB bot\\Micheal FB bot\\images\\BPC_02_Navy_Gold.jpg","C:\\Users\\hp\\Downloads\\Micheal FB bot\\Micheal FB bot\\images\\BPC_03_Teal_Modern.jpg","C:\\Users\\hp\\Downloads\\Micheal FB bot\\Micheal FB bot\\images\\BPC_04_Black_Yellow.jpg","C:\\Users\\hp\\Downloads\\Micheal FB bot\\Micheal FB bot\\images\\BPC_05_Warm_Earthy.jpg","C:\\Users\\hp\\Downloads\\Micheal FB bot\\Micheal FB bot\\images\\BPC_06_Sage_Section8.jpg","C:\\Users\\hp\\Downloads\\Micheal FB bot\\Micheal FB bot\\images\\BPC_07_Orange_Dark.jpg","C:\\Users\\hp\\Downloads\\Micheal FB bot\\Micheal FB bot\\images\\BPC_08_Steel_Blue.jpg"]
[2026-04-10T20:42:33.270Z] [images] postId=1 → index=0 → C:\Users\hp\Downloads\Micheal FB bot\Micheal FB bot\images\BPC_01_Red_Bold.jpg
[2026-04-10T20:42:33.270Z] ⏱️  [timer] Group 3 image upload started
[2026-04-10T20:42:33.271Z] [group 3] 🖼️  Starting image upload: C:\Users\hp\Downloads\Micheal FB bot\Micheal FB bot\images\BPC_01_Red_Bold.jpg
[2026-04-10T20:42:33.296Z] [group 3] File inputs before photo click: 4
[2026-04-10T20:42:33.313Z] [group 3] ✅ Method 2: textbox-parent button clicked
[2026-04-10T20:42:41.322Z] [group 3] ⚠️  No new file input appeared: Waiting failed: 8000ms exceeded
[2026-04-10T20:42:41.843Z] [group 3] File inputs after photo click: 4
[2026-04-10T20:42:41.952Z] [group 3] ✅ uploadFile() on composer input (index 4)
[2026-04-10T20:42:50.829Z] [group 3] ✅ Image preview confirmed in composer
[2026-04-10T20:42:50.830Z] ✓ [timer] Group 3 image upload - took 17.56s
[2026-04-10T20:42:52.832Z] [group 3] Brief pause before typing...
[2026-04-10T20:42:54.833Z] [group 3] Typing message...
[2026-04-10T20:42:54.834Z] ⏱️  [timer] Group 3 typing started
[2026-04-10T20:42:54.842Z] [compose] Strategy 1 — keyboard typing…
[2026-04-10T20:44:17.891Z] [compose] Keyboard typing succeeded.
[2026-04-10T20:44:17.891Z] ✓ [timer] Group 3 typing - took 83.06s
[2026-04-10T20:44:22.900Z] [group 3] Submitting post...
[2026-04-10T20:44:22.900Z] ⏱️  [timer] Group 3 submit started
[2026-04-10T20:44:24.451Z] ✓ [timer] Group 3 submit - took 1.55s
[2026-04-10T20:44:24.451Z] [group 3] ✅ Post submitted!
[2026-04-10T20:44:29.452Z] [group 3] Waiting 30s before next group...
