[2026-04-10T18:35:58.737Z] [scheduler] Loaded 12 posts from posts.json
[2026-04-10T18:35:58.737Z] 🔄 [scheduler] RESET_POSTS is enabled - starting from post 1
[2026-04-10T18:35:58.738Z] [scheduler] Found next post to post: Post #1
[2026-04-10T18:36:12.972Z] [captcha] Checking for CAPTCHA…
[2026-04-10T18:36:13.490Z] [session] Attempting auto-login...
[2026-04-10T18:36:15.492Z] [login] ====== AUTO-LOGIN ATTEMPT ======
[2026-04-10T18:36:15.494Z] [login] ====== STEP 1: Looking for Email Field ======
[2026-04-10T18:36:16.143Z] [login] Email field not immediately visible
[2026-04-10T18:36:16.144Z] [login] ====== STEP 2: Looking for Continue Button ======
[2026-04-10T18:36:17.898Z] [login] ====== STEP 3: Looking for Password Field ======
[2026-04-10T18:36:19.947Z] [login] No password field found - already logged in or unexpected state
[2026-04-10T18:36:19.948Z] [login] ====== AUTO-LOGIN COMPLETE ======
[2026-04-10T18:36:30.621Z] [session] Cookies saved to session.json
[2026-04-10T18:36:30.621Z] [multi-group] Posting to 19 group(s).
[2026-04-10T18:36:30.690Z] 
======================================================================
[2026-04-10T18:36:30.692Z] 📝 POST #1 START TIME: 11:36:30 PM
[2026-04-10T18:36:30.692Z] ======================================================================
[2026-04-10T18:36:30.693Z] 
[group 1/19] https://www.facebook.com/groups/225542072815842
[2026-04-10T18:36:30.694Z] ⏱️  [timer] Group 1 total time started
[2026-04-10T18:36:31.251Z] [group 1] Opening in new tab...
[2026-04-10T18:36:31.251Z] ⏱️  [timer] Group 1 navigation started
[2026-04-10T18:36:37.927Z] ✓ [timer] Group 1 navigation - took 6.68s
[2026-04-10T18:36:39.929Z] [login] ====== AUTO-LOGIN ATTEMPT ======
[2026-04-10T18:36:39.931Z] [login] ====== STEP 1: Looking for Email Field ======
[2026-04-10T18:36:40.011Z] [login] Email field not immediately visible
[2026-04-10T18:36:40.011Z] [login] ====== STEP 2: Looking for Continue Button ======
[2026-04-10T18:36:40.442Z] [login] ====== STEP 3: Looking for Password Field ======
[2026-04-10T18:36:42.450Z] [login] No password field found - already logged in or unexpected state
[2026-04-10T18:36:42.450Z] [login] ====== AUTO-LOGIN COMPLETE ======
[2026-04-10T18:36:42.451Z] ⏱️  [timer] Group 1 captcha started
[2026-04-10T18:36:42.452Z] [captcha] Checking for CAPTCHA…
[2026-04-10T18:36:42.965Z] ✓ [timer] Group 1 captcha - took 0.51s
[2026-04-10T18:36:42.968Z] [group 1] Opening composer...
[2026-04-10T18:36:42.968Z] ⏱️  [timer] Group 1 composer open started
[2026-04-10T18:38:03.286Z] ERROR: ❌ [group 1] Error posting: Protocol error (Input.dispatchMouseEvent): Target closed
[2026-04-10T18:38:03.287Z] [group 1] Skipping this group and continuing...
