[2026-04-10T21:34:46.745Z] [scheduler] Loaded 12 posts from posts.json
[2026-04-10T21:34:46.746Z] 🔄 [scheduler] RESET_POSTS is enabled - starting from post 1
[2026-04-10T21:34:46.746Z] [scheduler] Found next post: Post #1
[2026-04-10T21:35:04.330Z] [captcha] Checking for CAPTCHA…
[2026-04-10T21:35:04.917Z] [session] Attempting auto-login...
[2026-04-10T21:35:04.918Z] [login] ====== AUTO-LOGIN ATTEMPT ======
[2026-04-10T21:35:04.925Z] [login] Already logged in.
[2026-04-10T21:35:13.130Z] [session] Cookies saved to session.json
[2026-04-10T21:35:13.131Z] [multi-group] Posting to 19 group(s).
[2026-04-10T21:35:13.131Z] 
======================================================================
[2026-04-10T21:35:13.194Z] 📝 POST #1 START TIME: 2:35:13 AM
[2026-04-10T21:35:13.194Z] ======================================================================
[2026-04-10T21:35:13.194Z] 
[group 1/19] https://www.facebook.com/groups/225542072815842
[2026-04-10T21:35:13.194Z] ⏱️  [timer] Group 1 total time started
[2026-04-10T21:35:13.507Z] [group 1] Opening in new tab...
[2026-04-10T21:35:13.507Z] ⏱️  [timer] Group 1 navigation started
[2026-04-10T21:35:20.739Z] ✓ [timer] Group 1 navigation - took 7.23s
[2026-04-10T21:35:20.739Z] [login] ====== AUTO-LOGIN ATTEMPT ======
[2026-04-10T21:35:20.741Z] [login] Already logged in.
[2026-04-10T21:35:20.752Z] ⏱️  [timer] Group 1 captcha started
[2026-04-10T21:35:20.752Z] [captcha] Checking for CAPTCHA…
[2026-04-10T21:35:21.268Z] ✓ [timer] Group 1 captcha - took 0.52s
[2026-04-10T21:35:21.270Z] [group 1] Opening composer...
[2026-04-10T21:35:21.270Z] ⏱️  [timer] Group 1 composer open started
[2026-04-10T21:35:22.234Z] ✓ [timer] Group 1 composer open - took 0.96s
[2026-04-10T21:35:25.988Z] [images] Resolved image dir: C:\Users\hp\Downloads\Micheal FB bot\Micheal FB bot\images
[2026-04-10T21:35:25.991Z] [images] Found 8 image(s): ["C:\\Users\\hp\\Downloads\\Micheal FB bot\\Micheal FB bot\\images\\BPC_01_Red_Bold.jpg","C:\\Users\\hp\\Downloads\\Micheal FB bot\\Micheal FB bot\\images\\BPC_02_Navy_Gold.jpg","C:\\Users\\hp\\Downloads\\Micheal FB bot\\Micheal FB bot\\images\\BPC_03_Teal_Modern.jpg","C:\\Users\\hp\\Downloads\\Micheal FB bot\\Micheal FB bot\\images\\BPC_04_Black_Yellow.jpg","C:\\Users\\hp\\Downloads\\Micheal FB bot\\Micheal FB bot\\images\\BPC_05_Warm_Earthy.jpg","C:\\Users\\hp\\Downloads\\Micheal FB bot\\Micheal FB bot\\images\\BPC_06_Sage_Section8.jpg","C:\\Users\\hp\\Downloads\\Micheal FB bot\\Micheal FB bot\\images\\BPC_07_Orange_Dark.jpg","C:\\Users\\hp\\Downloads\\Micheal FB bot\\Micheal FB bot\\images\\BPC_08_Steel_Blue.jpg"]
[2026-04-10T21:35:25.991Z] [images] postId=1 → index=0 → C:\Users\hp\Downloads\Micheal FB bot\Micheal FB bot\images\BPC_01_Red_Bold.jpg
[2026-04-10T21:35:25.991Z] [group 1] Typing message...
[2026-04-10T21:35:25.992Z] ⏱️  [timer] Group 1 typing started
[2026-04-10T21:35:25.999Z] [compose] Strategy 1 — keyboard typing…
[2026-04-10T21:36:46.760Z] [compose] Keyboard typing succeeded.
[2026-04-10T21:36:46.761Z] ✓ [timer] Group 1 typing - took 80.77s
[2026-04-10T21:36:46.764Z] ⏱️  [timer] Group 1 image upload started
[2026-04-10T21:36:46.765Z] [group 1] 🖼️  Starting image upload: C:\Users\hp\Downloads\Micheal FB bot\Micheal FB bot\images\BPC_01_Red_Bold.jpg
[2026-04-10T21:36:46.793Z] [group 1] File inputs before photo click: 5
[2026-04-10T21:36:46.893Z] [group 1] ✅ File chooser accepted via selector: [role="dialog"] [role="button"][aria-label*="photo" i]
[2026-04-10T21:36:49.500Z] [group 1] ✅ Image preview confirmed in composer
[2026-04-10T21:36:49.500Z] ✓ [timer] Group 1 image upload - took 2.74s
[2026-04-10T21:36:56.512Z] [group 1] Submitting post...
[2026-04-10T21:36:56.512Z] ⏱️  [timer] Group 1 submit started
[2026-04-10T21:37:13.008Z] ERROR: ❌ [group 1] Error: Execution context was destroyed
[2026-04-10T21:37:13.029Z] [group 1] Skipping and continuing...
[2026-04-10T21:37:13.041Z] [group 1] Waiting 15s to recover...
