[2026-04-10T21:15:45.597Z] [scheduler] Loaded 12 posts from posts.json
[2026-04-10T21:15:45.598Z] 🔄 [scheduler] RESET_POSTS is enabled - starting from post 1
[2026-04-10T21:15:45.598Z] [scheduler] Found next post: Post #1
[2026-04-10T21:15:57.166Z] [captcha] Checking for CAPTCHA…
[2026-04-10T21:15:57.717Z] [session] Attempting auto-login...
[2026-04-10T21:15:57.718Z] [login] ====== AUTO-LOGIN ATTEMPT ======
[2026-04-10T21:15:57.721Z] [login] Already logged in.
[2026-04-10T21:16:07.813Z] [session] Cookies saved to session.json
[2026-04-10T21:16:07.813Z] [multi-group] Posting to 19 group(s).
[2026-04-10T21:16:07.814Z] 
======================================================================
[2026-04-10T21:16:07.965Z] 📝 POST #1 START TIME: 2:16:07 AM
[2026-04-10T21:16:07.965Z] ======================================================================
[2026-04-10T21:16:07.965Z] 
[group 1/19] https://www.facebook.com/groups/225542072815842
[2026-04-10T21:16:07.966Z] ⏱️  [timer] Group 1 total time started
[2026-04-10T21:16:08.234Z] [group 1] Opening in new tab...
[2026-04-10T21:16:08.234Z] ⏱️  [timer] Group 1 navigation started
[2026-04-10T21:16:14.555Z] ✓ [timer] Group 1 navigation - took 6.32s
[2026-04-10T21:16:14.556Z] [login] ====== AUTO-LOGIN ATTEMPT ======
[2026-04-10T21:16:14.559Z] [login] Already logged in.
[2026-04-10T21:16:14.563Z] ⏱️  [timer] Group 1 captcha started
[2026-04-10T21:16:14.563Z] [captcha] Checking for CAPTCHA…
[2026-04-10T21:16:15.069Z] ✓ [timer] Group 1 captcha - took 0.51s
[2026-04-10T21:16:15.071Z] [group 1] Opening composer...
[2026-04-10T21:16:15.071Z] ⏱️  [timer] Group 1 composer open started
[2026-04-10T21:16:16.034Z] ✓ [timer] Group 1 composer open - took 0.96s
[2026-04-10T21:16:19.913Z] [images] Resolved image dir: C:\Users\hp\Downloads\Micheal FB bot\Micheal FB bot\images
[2026-04-10T21:16:19.917Z] [images] Found 8 image(s): ["C:\\Users\\hp\\Downloads\\Micheal FB bot\\Micheal FB bot\\images\\BPC_01_Red_Bold.jpg","C:\\Users\\hp\\Downloads\\Micheal FB bot\\Micheal FB bot\\images\\BPC_02_Navy_Gold.jpg","C:\\Users\\hp\\Downloads\\Micheal FB bot\\Micheal FB bot\\images\\BPC_03_Teal_Modern.jpg","C:\\Users\\hp\\Downloads\\Micheal FB bot\\Micheal FB bot\\images\\BPC_04_Black_Yellow.jpg","C:\\Users\\hp\\Downloads\\Micheal FB bot\\Micheal FB bot\\images\\BPC_05_Warm_Earthy.jpg","C:\\Users\\hp\\Downloads\\Micheal FB bot\\Micheal FB bot\\images\\BPC_06_Sage_Section8.jpg","C:\\Users\\hp\\Downloads\\Micheal FB bot\\Micheal FB bot\\images\\BPC_07_Orange_Dark.jpg","C:\\Users\\hp\\Downloads\\Micheal FB bot\\Micheal FB bot\\images\\BPC_08_Steel_Blue.jpg"]
[2026-04-10T21:16:19.917Z] [images] postId=1 → index=0 → C:\Users\hp\Downloads\Micheal FB bot\Micheal FB bot\images\BPC_01_Red_Bold.jpg
[2026-04-10T21:16:19.917Z] ⏱️  [timer] Group 1 image upload started
[2026-04-10T21:16:19.919Z] [group 1] 🖼️  Starting image upload: C:\Users\hp\Downloads\Micheal FB bot\Micheal FB bot\images\BPC_01_Red_Bold.jpg
[2026-04-10T21:16:19.945Z] [group 1] File inputs before photo click: 3
[2026-04-10T21:16:20.080Z] [group 1] ✅ File chooser accepted via selector: [role="dialog"] [role="button"][aria-label*="photo" i]
[2026-04-10T21:16:22.679Z] [group 1] ✅ Image preview confirmed in composer
[2026-04-10T21:16:22.679Z] ✓ [timer] Group 1 image upload - took 2.76s
[2026-04-10T21:16:24.692Z] [group 1] Brief pause before typing...
[2026-04-10T21:16:26.706Z] [group 1] Typing message...
[2026-04-10T21:16:26.706Z] ⏱️  [timer] Group 1 typing started
[2026-04-10T21:16:26.712Z] [compose] Strategy 1 — keyboard typing…
[2026-04-10T21:17:00.570Z] ERROR: ❌ [group 1] Error: Protocol error (Input.dispatchKeyEvent): Target closed
[2026-04-10T21:17:00.571Z] [group 1] Skipping and continuing...
[2026-04-10T21:17:00.571Z] [group 1] Waiting 15s to recover...
