[2026-04-10T20:59:08.110Z] [scheduler] Loaded 12 posts from posts.json
[2026-04-10T20:59:08.111Z] 🔄 [scheduler] RESET_POSTS is enabled - starting from post 1
[2026-04-10T20:59:08.111Z] [scheduler] Found next post: Post #1
[2026-04-10T20:59:24.502Z] [captcha] Checking for CAPTCHA…
[2026-04-10T20:59:25.078Z] [session] Attempting auto-login...
[2026-04-10T20:59:25.079Z] [login] ====== AUTO-LOGIN ATTEMPT ======
[2026-04-10T20:59:25.083Z] [login] Already logged in.
[2026-04-10T20:59:36.881Z] [session] Cookies saved to session.json
[2026-04-10T20:59:36.881Z] [multi-group] Posting to 19 group(s).
[2026-04-10T20:59:36.882Z] 
======================================================================
[2026-04-10T20:59:36.945Z] 📝 POST #1 START TIME: 1:59:36 AM
[2026-04-10T20:59:36.946Z] ======================================================================
[2026-04-10T20:59:36.946Z] 
[group 1/19] https://www.facebook.com/groups/225542072815842
[2026-04-10T20:59:36.947Z] ⏱️  [timer] Group 1 total time started
[2026-04-10T20:59:37.180Z] [group 1] Opening in new tab...
[2026-04-10T20:59:37.180Z] ⏱️  [timer] Group 1 navigation started
[2026-04-10T20:59:41.140Z] ERROR: ❌ [group 1] Error: Navigating frame was detached
[2026-04-10T20:59:41.148Z] [group 1] Skipping and continuing...
[2026-04-10T20:59:41.155Z] [group 1] Waiting 15s to recover...
[2026-04-10T21:06:21.416Z] ✓ [timer] Group 1 total time - took 403.23s
[2026-04-10T21:06:21.677Z] 
[group 2/19] https://www.facebook.com/groups/321100208080255
[2026-04-10T21:06:22.017Z] ⏱️  [timer] Group 2 total time started
[2026-04-10T21:06:22.113Z] ERROR: ❌ [group 2] Error: Protocol error: Connection closed.
[2026-04-10T21:06:22.181Z] [group 2] Skipping and continuing...
[2026-04-10T21:06:22.252Z] [group 2] Waiting 15s to recover...
[2026-04-10T21:06:37.264Z] ✓ [timer] Group 2 total time - took 15.59s
[2026-04-10T21:06:37.265Z] 
[group 3/19] https://www.facebook.com/groups/1616735018616241
[2026-04-10T21:06:37.265Z] ⏱️  [timer] Group 3 total time started
[2026-04-10T21:06:37.266Z] ERROR: ❌ [group 3] Error: Protocol error: Connection closed.
[2026-04-10T21:06:37.266Z] [group 3] Skipping and continuing...
[2026-04-10T21:06:37.266Z] [group 3] Waiting 15s to recover...
