[2026-04-10T15:00:08.096Z] [scheduler] Loaded 12 posts from posts.json
[2026-04-10T15:00:08.096Z] 🔄 [scheduler] RESET_POSTS is enabled - starting from post 1
[2026-04-10T15:00:08.097Z] [scheduler] Found next post to post: Post #1
[2026-04-10T15:00:17.717Z] [captcha] Checking for CAPTCHA…
[2026-04-10T15:00:18.237Z] [session] Attempting auto-login...
[2026-04-10T15:00:20.240Z] [login] ====== AUTO-LOGIN ATTEMPT ======
[2026-04-10T15:00:20.241Z] [login] Looking for Continue button...
[2026-04-10T15:00:20.255Z] [login] Trying alternative selectors...
[2026-04-10T15:00:20.257Z] [login] XPath method failed: page.$x is not a function
[2026-04-10T15:00:20.258Z] [login] Trying Tab + Enter method...
[2026-04-10T15:00:20.264Z] [login] ====== Looking for Login Form ======
[2026-04-10T15:00:21.322Z] [login] No password field found - already logged in
[2026-04-10T15:00:21.322Z] [login] ====== AUTO-LOGIN COMPLETE ======
[2026-04-10T15:00:29.766Z] [session] Cookies saved to session.json
[2026-04-10T15:00:29.769Z] [multi-group] Posting to 19 group(s).
[2026-04-10T15:00:29.839Z] 
======================================================================
[2026-04-10T15:00:29.839Z] 📝 POST #1 START TIME: 8:00:29 PM
[2026-04-10T15:00:29.839Z] ======================================================================
[2026-04-10T15:00:29.840Z] 
[group 1/19] https://www.facebook.com/groups/225542072815842
[2026-04-10T15:00:29.840Z] ⏱️  [timer] Group 1 total time started
[2026-04-10T15:00:30.121Z] [group 1] Opening in new tab...
[2026-04-10T15:00:30.121Z] ⏱️  [timer] Group 1 navigation started
[2026-04-10T15:00:36.489Z] ✓ [timer] Group 1 navigation - took 6.37s
[2026-04-10T15:00:38.492Z] [login] ====== AUTO-LOGIN ATTEMPT ======
[2026-04-10T15:00:38.493Z] [login] Looking for Continue button...
[2026-04-10T15:00:38.497Z] [login] Trying alternative selectors...
[2026-04-10T15:00:38.499Z] [login] XPath method failed: page.$x is not a function
[2026-04-10T15:00:38.499Z] [login] Trying Tab + Enter method...
[2026-04-10T15:00:38.502Z] [login] ====== Looking for Login Form ======
[2026-04-10T15:00:39.533Z] [login] No password field found - already logged in
[2026-04-10T15:00:39.533Z] [login] ====== AUTO-LOGIN COMPLETE ======
[2026-04-10T15:00:39.535Z] ⏱️  [timer] Group 1 captcha started
[2026-04-10T15:00:39.535Z] [captcha] Checking for CAPTCHA…
[2026-04-10T15:00:40.042Z] ✓ [timer] Group 1 captcha - took 0.51s
[2026-04-10T15:00:40.045Z] [group 1] Opening composer...
[2026-04-10T15:00:40.046Z] ⏱️  [timer] Group 1 composer open started
[2026-04-10T15:00:48.887Z] ✓ [timer] Group 1 composer open - took 8.84s
[2026-04-10T15:00:53.972Z] [group 1] 🖼️  Selecting image...
[2026-04-10T15:00:53.974Z] [group 1] 📤 Image path: C:\Users\hp\Downloads\Micheal FB bot\Micheal FB bot\images\BPC_01_Red_Bold.png
[2026-04-10T15:00:53.974Z] ⏱️  [timer] Group 1 image upload started
[2026-04-10T15:00:53.981Z] [group 1] Available buttons: [{"text":"","aria":"Back to previous page","role":"button"},{"text":"","aria":"Exit typeahead","role":"button"},{"text":"","aria":"Facebook menu","role":"button"},{"text":"","aria":"Messenger","role":"button"},{"text":"","aria":"Messenger","role":"button"},{"text":"","aria":"Notifications, 2 unread","role":"button"},{"text":"Number of unread notifications","aria":"Notifications, 2 unread","role":"button"},{"text":"","aria":"Your profile","role":"button"},{"text":"","aria":"Notification Actions","role":"button"},{"text":"All","aria":"","role":"button"},{"text":"Unread","aria":"","role":"button"},{"text":"","aria":"Dismiss Your push notifications are off card","role":"button"},{"text":"Turn on","aria":"Turn on","role":"button"},{"text":"Not now","aria":"Not now","role":"button"},{"text":"Turn on","aria":"Turn on","role":"button"},{"text":"Not now","aria":"Not now","role":"button"},{"text":"Mark as read","aria":"","role":"button"},{"text":"","aria":"Manage Mark Davis notification settings","role":"button"},{"text":"Mark as read","aria":"","role":"button"},{"text":"","aria":"Manage Mark Davis notification settings","role":"button"}]
[2026-04-10T15:00:53.982Z] [group 1] Looking for photo button...
[2026-04-10T15:00:54.000Z] [group 1] Photo button clicked, waiting for file input...
[2026-04-10T15:00:55.528Z] [group 1] 📤 Found file input, uploading...
[2026-04-10T15:00:55.583Z] [group 1] ✅ Image uploaded
[2026-04-10T15:00:58.585Z] ✓ [timer] Group 1 image upload - took 4.61s
[2026-04-10T15:00:58.586Z] [group 1] Typing message...
[2026-04-10T15:00:58.586Z] ⏱️  [timer] Group 1 typing started
[2026-04-10T15:00:58.594Z] [compose] Strategy 1 — keyboard typing…
[2026-04-10T15:01:11.532Z] ERROR: ❌ [group 1] Error posting: Protocol error (Input.dispatchKeyEvent): Target closed
[2026-04-10T15:01:11.532Z] [group 1] Skipping this group and continuing...
[2026-04-10T15:01:16.536Z] ✓ [timer] Group 1 total time - took 46.70s
[2026-04-10T15:01:16.536Z] 
[group 2/19] https://www.facebook.com/groups/321100208080255
[2026-04-10T15:01:16.536Z] ⏱️  [timer] Group 2 total time started
[2026-04-10T15:01:16.537Z] ERROR: ❌ [group 2] Error posting: Protocol error: Connection closed.
[2026-04-10T15:01:16.537Z] [group 2] Skipping this group and continuing...
