[2026-04-10T15:04:19.425Z] [scheduler] Loaded 12 posts from posts.json
[2026-04-10T15:04:19.426Z] 🔄 [scheduler] RESET_POSTS is enabled - starting from post 1
[2026-04-10T15:04:19.426Z] [scheduler] Found next post to post: Post #1
[2026-04-10T15:04:30.021Z] [captcha] Checking for CAPTCHA…
[2026-04-10T15:04:30.989Z] [session] Attempting auto-login...
[2026-04-10T15:04:32.992Z] [login] ====== AUTO-LOGIN ATTEMPT ======
[2026-04-10T15:04:32.993Z] [login] Looking for Continue button...
[2026-04-10T15:04:32.998Z] [login] Trying alternative selectors...
[2026-04-10T15:04:32.999Z] [login] XPath method failed: page.$x is not a function
[2026-04-10T15:04:32.999Z] [login] Trying Tab + Enter method...
[2026-04-10T15:04:33.002Z] [login] ====== Looking for Login Form ======
[2026-04-10T15:04:34.042Z] [login] No password field found - already logged in
[2026-04-10T15:04:34.043Z] [login] ====== AUTO-LOGIN COMPLETE ======
[2026-04-10T15:04:43.800Z] [session] Cookies saved to session.json
[2026-04-10T15:04:43.800Z] [multi-group] Posting to 19 group(s).
[2026-04-10T15:04:43.864Z] 
======================================================================
[2026-04-10T15:04:43.864Z] 📝 POST #1 START TIME: 8:04:43 PM
[2026-04-10T15:04:43.864Z] ======================================================================
[2026-04-10T15:04:43.865Z] 
[group 1/19] https://www.facebook.com/groups/225542072815842
[2026-04-10T15:04:43.865Z] ⏱️  [timer] Group 1 total time started
[2026-04-10T15:04:44.177Z] [group 1] Opening in new tab...
[2026-04-10T15:04:44.177Z] ⏱️  [timer] Group 1 navigation started
[2026-04-10T15:04:52.736Z] ✓ [timer] Group 1 navigation - took 8.56s
[2026-04-10T15:04:54.738Z] [login] ====== AUTO-LOGIN ATTEMPT ======
[2026-04-10T15:04:54.738Z] [login] Looking for Continue button...
[2026-04-10T15:04:54.743Z] [login] Trying alternative selectors...
[2026-04-10T15:04:54.744Z] [login] XPath method failed: page.$x is not a function
[2026-04-10T15:04:54.745Z] [login] Trying Tab + Enter method...
[2026-04-10T15:04:54.748Z] [login] ====== Looking for Login Form ======
[2026-04-10T15:04:55.777Z] [login] No password field found - already logged in
[2026-04-10T15:04:55.777Z] [login] ====== AUTO-LOGIN COMPLETE ======
[2026-04-10T15:04:55.779Z] ⏱️  [timer] Group 1 captcha started
[2026-04-10T15:04:55.780Z] [captcha] Checking for CAPTCHA…
[2026-04-10T15:04:56.287Z] ✓ [timer] Group 1 captcha - took 0.51s
[2026-04-10T15:04:56.289Z] [group 1] Opening composer...
[2026-04-10T15:04:56.290Z] ⏱️  [timer] Group 1 composer open started
[2026-04-10T15:05:03.667Z] ✓ [timer] Group 1 composer open - took 7.38s
[2026-04-10T15:05:07.505Z] [group 1] 🖼️  Selecting image...
[2026-04-10T15:05:07.507Z] [group 1] 📤 Image: C:\Users\hp\Downloads\Micheal FB bot\Micheal FB bot\images\BPC_01_Red_Bold.png
[2026-04-10T15:05:07.508Z] ⏱️  [timer] Group 1 image upload started
[2026-04-10T15:05:07.527Z] [group 1] Waiting for file dialog...
[2026-04-10T15:05:09.533Z] [group 1] Uploading: C:\Users\hp\Downloads\Micheal FB bot\Micheal FB bot\images\BPC_01_Red_Bold.png
[2026-04-10T15:05:09.567Z] [group 1] ✅ Image uploaded
[2026-04-10T15:05:13.576Z] ✓ [timer] Group 1 image upload - took 6.07s
[2026-04-10T15:05:13.581Z] [group 1] Typing message...
[2026-04-10T15:05:13.581Z] ⏱️  [timer] Group 1 typing started
[2026-04-10T15:05:13.588Z] [compose] Strategy 1 — keyboard typing…
[2026-04-10T15:05:29.956Z] ERROR: ❌ [group 1] Error posting: Protocol error (Input.dispatchKeyEvent): Session closed. Most likely the page has been closed.
[2026-04-10T15:05:29.991Z] [group 1] Skipping this group and continuing...
