[2026-04-10T15:13:03.885Z] [scheduler] Loaded 12 posts from posts.json
[2026-04-10T15:13:03.885Z] 🔄 [scheduler] RESET_POSTS is enabled - starting from post 1
[2026-04-10T15:13:03.885Z] [scheduler] Found next post to post: Post #1
[2026-04-10T15:13:15.952Z] [captcha] Checking for CAPTCHA…
[2026-04-10T15:13:16.639Z] [session] Attempting auto-login...
[2026-04-10T15:13:18.641Z] [login] ====== AUTO-LOGIN ATTEMPT ======
[2026-04-10T15:13:18.642Z] [login] Looking for Continue button...
[2026-04-10T15:13:18.648Z] [login] Trying alternative selectors...
[2026-04-10T15:13:18.649Z] [login] XPath method failed: page.$x is not a function
[2026-04-10T15:13:18.650Z] [login] Trying Tab + Enter method...
[2026-04-10T15:13:18.661Z] [login] ====== Looking for Login Form ======
[2026-04-10T15:13:19.706Z] [login] No password field found - already logged in
[2026-04-10T15:13:19.706Z] [login] ====== AUTO-LOGIN COMPLETE ======
[2026-04-10T15:13:35.675Z] [session] Cookies saved to session.json
[2026-04-10T15:13:35.676Z] [multi-group] Posting to 19 group(s).
[2026-04-10T15:13:35.755Z] 
======================================================================
[2026-04-10T15:13:35.755Z] 📝 POST #1 START TIME: 8:13:35 PM
[2026-04-10T15:13:35.756Z] ======================================================================
[2026-04-10T15:13:35.757Z] 
[group 1/19] https://www.facebook.com/groups/225542072815842
[2026-04-10T15:13:35.758Z] ⏱️  [timer] Group 1 total time started
[2026-04-10T15:13:36.179Z] [group 1] Opening in new tab...
[2026-04-10T15:13:36.180Z] ⏱️  [timer] Group 1 navigation started
[2026-04-10T15:13:42.288Z] ✓ [timer] Group 1 navigation - took 6.11s
[2026-04-10T15:13:44.293Z] [login] ====== AUTO-LOGIN ATTEMPT ======
[2026-04-10T15:13:44.293Z] [login] Looking for Continue button...
[2026-04-10T15:13:44.297Z] [login] Trying alternative selectors...
[2026-04-10T15:13:44.298Z] [login] XPath method failed: page.$x is not a function
[2026-04-10T15:13:44.298Z] [login] Trying Tab + Enter method...
[2026-04-10T15:13:44.301Z] [login] ====== Looking for Login Form ======
[2026-04-10T15:13:45.324Z] [login] No password field found - already logged in
[2026-04-10T15:13:45.324Z] [login] ====== AUTO-LOGIN COMPLETE ======
[2026-04-10T15:13:45.326Z] ⏱️  [timer] Group 1 captcha started
[2026-04-10T15:13:45.327Z] [captcha] Checking for CAPTCHA…
[2026-04-10T15:13:45.832Z] ✓ [timer] Group 1 captcha - took 0.51s
[2026-04-10T15:13:45.835Z] [group 1] Opening composer...
[2026-04-10T15:13:45.835Z] ⏱️  [timer] Group 1 composer open started
[2026-04-10T15:13:53.561Z] ✓ [timer] Group 1 composer open - took 7.73s
[2026-04-10T15:13:56.599Z] [group 1] 🖼️  Selecting image...
[2026-04-10T15:13:56.600Z] [group 1] 📤 Image: C:\Users\hp\Downloads\Micheal FB bot\Micheal FB bot\images\BPC_01_Red_Bold.png
[2026-04-10T15:13:56.601Z] ⏱️  [timer] Group 1 image upload started
[2026-04-10T15:13:56.618Z] [group 1] Waiting for file dialog...
[2026-04-10T15:13:59.640Z] [group 1] Uploading: C:\Users\hp\Downloads\Micheal FB bot\Micheal FB bot\images\BPC_01_Red_Bold.png
[2026-04-10T15:13:59.687Z] [group 1] ✅ Image uploaded
[2026-04-10T15:14:03.701Z] ✓ [timer] Group 1 image upload - took 7.10s
[2026-04-10T15:14:03.701Z] [group 1] Typing message...
[2026-04-10T15:14:03.701Z] ⏱️  [timer] Group 1 typing started
[2026-04-10T15:14:03.709Z] [compose] Strategy 1 — keyboard typing…
[2026-04-10T15:14:16.370Z] ERROR: ❌ [group 1] Error posting: Protocol error (Input.dispatchKeyEvent): Session closed. Most likely the page has been closed.
[2026-04-10T15:14:16.370Z] [group 1] Skipping this group and continuing...
[2026-04-10T15:14:21.378Z] ✓ [timer] Group 1 total time - took 45.62s
[2026-04-10T15:14:21.378Z] 
[group 2/19] https://www.facebook.com/groups/321100208080255
[2026-04-10T15:14:21.378Z] ⏱️  [timer] Group 2 total time started
[2026-04-10T15:14:21.379Z] ERROR: ❌ [group 2] Error posting: Protocol error: Connection closed.
[2026-04-10T15:14:21.379Z] [group 2] Skipping this group and continuing...
[2026-04-10T15:14:26.386Z] ✓ [timer] Group 2 total time - took 5.01s
[2026-04-10T15:14:26.387Z] 
[group 3/19] https://www.facebook.com/groups/1616735018616241
[2026-04-10T15:14:26.387Z] ⏱️  [timer] Group 3 total time started
[2026-04-10T15:14:26.387Z] ERROR: ❌ [group 3] Error posting: Protocol error: Connection closed.
[2026-04-10T15:14:26.387Z] [group 3] Skipping this group and continuing...
[2026-04-10T15:14:31.396Z] ✓ [timer] Group 3 total time - took 5.01s
[2026-04-10T15:14:31.397Z] 
[group 4/19] https://www.facebook.com/groups/1207536042690077
[2026-04-10T15:14:31.397Z] ⏱️  [timer] Group 4 total time started
[2026-04-10T15:14:31.397Z] ERROR: ❌ [group 4] Error posting: Protocol error: Connection closed.
[2026-04-10T15:14:31.398Z] [group 4] Skipping this group and continuing...
