[2026-04-13T18:38:38.755Z] [scheduler] Loaded 12 posts from posts.json
[2026-04-13T18:38:38.756Z] 🔄 [scheduler] RESET_POSTS is enabled - starting from post 1
[2026-04-13T18:38:38.756Z] [scheduler] Found next post: Post #1
[2026-04-13T18:38:56.227Z] [captcha] Checking for CAPTCHA…
[2026-04-13T18:38:56.785Z] [session] Attempting auto-login...
[2026-04-13T18:38:56.787Z] [login] ====== AUTO-LOGIN ATTEMPT ======
[2026-04-13T18:38:56.805Z] [login] Already logged in.
[2026-04-13T18:39:08.581Z] [session] Cookies saved to session.json
[2026-04-13T18:39:08.583Z] [multi-group] Posting to 19 group(s).
[2026-04-13T18:39:08.584Z] 
======================================================================
[2026-04-13T18:39:08.656Z] 📝 POST #1 START TIME: 11:39:08 PM
[2026-04-13T18:39:08.659Z] ======================================================================
[2026-04-13T18:39:08.659Z] 
[group 1/19] https://www.facebook.com/groups/225542072815842
[2026-04-13T18:39:08.660Z] ⏱️  [timer] Group 1 total time started
[2026-04-13T18:39:09.066Z] [group 1] Opening in new tab...
[2026-04-13T18:39:09.066Z] ⏱️  [timer] Group 1 navigation started
[2026-04-13T18:39:23.591Z] ✓ [timer] Group 1 navigation - took 14.53s
[2026-04-13T18:39:23.592Z] [login] ====== AUTO-LOGIN ATTEMPT ======
[2026-04-13T18:39:23.594Z] [login] Already logged in.
[2026-04-13T18:39:23.598Z] ⏱️  [timer] Group 1 captcha started
[2026-04-13T18:39:23.598Z] [captcha] Checking for CAPTCHA…
[2026-04-13T18:39:24.115Z] ✓ [timer] Group 1 captcha - took 0.52s
[2026-04-13T18:39:24.117Z] [group 1] Opening composer...
[2026-04-13T18:39:24.118Z] ⏱️  [timer] Group 1 composer open started
[2026-04-13T18:39:25.157Z] ✓ [timer] Group 1 composer open - took 1.04s
[2026-04-13T18:39:28.440Z] [images] Resolved image dir: C:\Users\hp\Downloads\Micheal FB bot\Micheal FB bot\images
[2026-04-13T18:39:28.443Z] [images] Found 8 image(s): ["C:\\Users\\hp\\Downloads\\Micheal FB bot\\Micheal FB bot\\images\\BPC_01_Red_Bold.jpg","C:\\Users\\hp\\Downloads\\Micheal FB bot\\Micheal FB bot\\images\\BPC_02_Navy_Gold.jpg","C:\\Users\\hp\\Downloads\\Micheal FB bot\\Micheal FB bot\\images\\BPC_03_Teal_Modern.jpg","C:\\Users\\hp\\Downloads\\Micheal FB bot\\Micheal FB bot\\images\\BPC_04_Black_Yellow.jpg","C:\\Users\\hp\\Downloads\\Micheal FB bot\\Micheal FB bot\\images\\BPC_05_Warm_Earthy.jpg","C:\\Users\\hp\\Downloads\\Micheal FB bot\\Micheal FB bot\\images\\BPC_06_Sage_Section8.jpg","C:\\Users\\hp\\Downloads\\Micheal FB bot\\Micheal FB bot\\images\\BPC_07_Orange_Dark.jpg","C:\\Users\\hp\\Downloads\\Micheal FB bot\\Micheal FB bot\\images\\BPC_08_Steel_Blue.jpg"]
[2026-04-13T18:39:28.444Z] [images] postId=1 → index=0 → C:\Users\hp\Downloads\Micheal FB bot\Micheal FB bot\images\BPC_01_Red_Bold.jpg
[2026-04-13T18:39:28.444Z] [group 1] Typing message...
[2026-04-13T18:39:28.444Z] ⏱️  [timer] Group 1 typing started
[2026-04-13T18:39:28.452Z] [compose] Strategy 1 — keyboard typing…
[2026-04-13T18:40:48.573Z] [compose] Keyboard typing succeeded.
[2026-04-13T18:40:48.573Z] ✓ [timer] Group 1 typing - took 80.13s
[2026-04-13T18:40:48.577Z] ⏱️  [timer] Group 1 image upload started
[2026-04-13T18:40:48.579Z] [group 1] 🖼️  Starting image upload: C:\Users\hp\Downloads\Micheal FB bot\Micheal FB bot\images\BPC_01_Red_Bold.jpg
[2026-04-13T18:40:48.612Z] [group 1] File inputs before photo click: 5
[2026-04-13T18:40:48.757Z] [group 1] ✅ File chooser accepted via selector: [role="dialog"] [role="button"][aria-label*="photo" i]
[2026-04-13T18:40:59.898Z] [group 1] ❌ Image preview not detected after chooser accept (timeout)
[2026-04-13T18:40:59.898Z] ✓ [timer] Group 1 image upload - took 11.32s
[2026-04-13T18:40:59.900Z] WARNING: [group 1] ⚠️ Initial image upload did not confirm preview
[2026-04-13T18:40:59.907Z] [group 1] ⚠️ Image missing before submit. Retrying image upload once...
[2026-04-13T18:40:59.907Z] [group 1] 🖼️  Starting image upload: C:\Users\hp\Downloads\Micheal FB bot\Micheal FB bot\images\BPC_01_Red_Bold.jpg
[2026-04-13T18:40:59.937Z] [group 1] File inputs before photo click: 5
[2026-04-13T18:41:00.036Z] [group 1] ✅ File chooser accepted via selector: [role="dialog"] [role="button"][aria-label*="photo" i]
[2026-04-13T18:41:10.675Z] [group 1] ❌ Image preview not detected after chooser accept (timeout)
[2026-04-13T18:41:10.676Z] ERROR: ❌ [group 1] Error: Image not detected in composer after retry; aborting submit to avoid text-only post.
[2026-04-13T18:41:10.676Z] [group 1] Skipping and continuing...
[2026-04-13T18:41:10.676Z] [group 1] Waiting 15s to recover...
[2026-04-13T18:41:25.728Z] [group 1] Tab closed.
[2026-04-13T18:41:25.731Z] ✓ [timer] Group 1 total time - took 137.07s
[2026-04-13T18:41:25.732Z] 
[group 2/19] https://www.facebook.com/groups/321100208080255
[2026-04-13T18:41:25.735Z] ⏱️  [timer] Group 2 total time started
[2026-04-13T18:41:25.975Z] [group 2] Opening in new tab...
[2026-04-13T18:41:25.976Z] ⏱️  [timer] Group 2 navigation started
[2026-04-13T18:41:33.128Z] WARNING: [group 2] Navigation attempt 1/2 failed: Navigating frame was detached
