[2026-04-09T20:06:54.989Z] [scheduler] Loaded 12 posts from posts.json
[2026-04-09T20:06:54.997Z] 🔄 [scheduler] RESET_POSTS is enabled - starting from post 1
[2026-04-09T20:06:55.002Z] [scheduler] Found next post to post: Post #1
[2026-04-09T20:07:05.733Z] [captcha] Checking for CAPTCHA…
[2026-04-09T20:07:06.269Z] [session] Attempting auto-login...
[2026-04-09T20:07:08.271Z] [login] ====== AUTO-LOGIN ATTEMPT ======
[2026-04-09T20:07:08.275Z] [login] Looking for Continue button...
[2026-04-09T20:07:08.301Z] [login] Trying alternative selectors...
[2026-04-09T20:07:08.313Z] [login] XPath method failed: page.$x is not a function
[2026-04-09T20:07:08.316Z] [login] Trying Tab + Enter method...
[2026-04-09T20:07:08.444Z] [login] ====== Looking for Login Form ======
[2026-04-09T20:07:09.500Z] [login] No password field found - already logged in
[2026-04-09T20:07:09.500Z] [login] ====== AUTO-LOGIN COMPLETE ======
[2026-04-09T20:07:17.602Z] [session] Cookies saved to session.json
[2026-04-09T20:07:17.607Z] [multi-group] Posting to 19 group(s).
[2026-04-09T20:07:17.704Z] 
======================================================================
[2026-04-09T20:07:17.708Z] 📝 POST #1 START TIME: 1:07:17 AM
[2026-04-09T20:07:17.708Z] ======================================================================
[2026-04-09T20:07:17.709Z] 
[group 1/19] https://www.facebook.com/groups/225542072815842
[2026-04-09T20:07:17.713Z] ⏱️  [timer] Group 1 total time started
[2026-04-09T20:07:18.003Z] [group 1] Opening in new tab...
[2026-04-09T20:07:18.004Z] ⏱️  [timer] Group 1 navigation started
[2026-04-09T20:07:27.376Z] ✓ [timer] Group 1 navigation - took 9.37s
[2026-04-09T20:07:29.383Z] [login] ====== AUTO-LOGIN ATTEMPT ======
[2026-04-09T20:07:29.383Z] [login] Looking for Continue button...
[2026-04-09T20:07:29.388Z] [login] Trying alternative selectors...
[2026-04-09T20:07:29.388Z] [login] XPath method failed: page.$x is not a function
[2026-04-09T20:07:29.389Z] [login] Trying Tab + Enter method...
[2026-04-09T20:07:29.392Z] [login] ====== Looking for Login Form ======
[2026-04-09T20:07:30.414Z] [login] No password field found - already logged in
[2026-04-09T20:07:30.414Z] [login] ====== AUTO-LOGIN COMPLETE ======
[2026-04-09T20:07:30.415Z] ⏱️  [timer] Group 1 captcha started
[2026-04-09T20:07:30.416Z] [captcha] Checking for CAPTCHA…
[2026-04-09T20:07:30.925Z] ✓ [timer] Group 1 captcha - took 0.51s
[2026-04-09T20:07:30.927Z] [group 1] Opening composer...
[2026-04-09T20:07:30.927Z] ⏱️  [timer] Group 1 composer open started
[2026-04-09T20:07:39.579Z] ✓ [timer] Group 1 composer open - took 8.65s
[2026-04-09T20:07:43.370Z] [group 1] Typing message...
[2026-04-09T20:07:43.370Z] ⏱️  [timer] Group 1 typing started
[2026-04-09T20:07:43.376Z] [compose] Strategy 1 — keyboard typing…
[2026-04-09T20:09:03.337Z] [compose] Keyboard typing succeeded.
[2026-04-09T20:09:03.337Z] ✓ [timer] Group 1 typing - took 79.97s
[2026-04-09T20:09:03.337Z] [group 1] Selecting image...
[2026-04-09T20:09:03.344Z] [group 1] Uploading image: C:\Users\hp\Downloads\Micheal FB bot\Micheal FB bot\images\BPC_01_Red_Bold.png
[2026-04-09T20:09:03.344Z] ⏱️  [timer] Group 1 image upload started
[2026-04-09T20:09:03.356Z] WARNING: [group 1] ⚠️ Image upload failed: groupPage.uploadFile is not a function
[2026-04-09T20:09:08.357Z] [group 1] Submitting post...
[2026-04-09T20:09:08.358Z] ⏱️  [timer] Group 1 submit started
[2026-04-09T20:09:17.653Z] ✓ [timer] Group 1 submit - took 9.29s
[2026-04-09T20:09:17.653Z] [group 1] ✅ Post submitted successfully!
[2026-04-09T20:09:22.667Z] [group 1] Waiting 30 seconds before next group...
[2026-04-09T20:09:52.730Z] [group 1] Tab closed.
[2026-04-09T20:09:52.731Z] ✓ [timer] Group 1 total time - took 155.02s
[2026-04-09T20:09:52.731Z] 
[group 2/19] https://www.facebook.com/groups/321100208080255
[2026-04-09T20:09:52.732Z] ⏱️  [timer] Group 2 total time started
[2026-04-09T20:09:52.939Z] [group 2] Opening in new tab...
[2026-04-09T20:09:52.940Z] ⏱️  [timer] Group 2 navigation started
[2026-04-09T20:10:00.449Z] ✓ [timer] Group 2 navigation - took 7.51s
[2026-04-09T20:10:02.461Z] [login] ====== AUTO-LOGIN ATTEMPT ======
[2026-04-09T20:10:02.461Z] [login] Looking for Continue button...
[2026-04-09T20:10:02.465Z] [login] Trying alternative selectors...
[2026-04-09T20:10:02.466Z] [login] XPath method failed: page.$x is not a function
[2026-04-09T20:10:02.466Z] [login] Trying Tab + Enter method...
[2026-04-09T20:10:02.469Z] [login] ====== Looking for Login Form ======
[2026-04-09T20:10:03.498Z] [login] No password field found - already logged in
[2026-04-09T20:10:03.499Z] [login] ====== AUTO-LOGIN COMPLETE ======
[2026-04-09T20:10:03.500Z] ⏱️  [timer] Group 2 captcha started
[2026-04-09T20:10:03.501Z] [captcha] Checking for CAPTCHA…
[2026-04-09T20:10:04.022Z] ✓ [timer] Group 2 captcha - took 0.52s
[2026-04-09T20:10:04.025Z] [group 2] Opening composer...
[2026-04-09T20:10:04.026Z] ⏱️  [timer] Group 2 composer open started
[2026-04-09T20:10:09.854Z] ✓ [timer] Group 2 composer open - took 5.83s
[2026-04-09T20:10:14.768Z] [group 2] Typing message...
[2026-04-09T20:10:14.768Z] ⏱️  [timer] Group 2 typing started
[2026-04-09T20:10:14.773Z] [compose] Strategy 1 — keyboard typing…
[2026-04-09T20:10:23.075Z] ERROR: ❌ [group 2] Error posting: Protocol error (Input.dispatchKeyEvent): Session closed. Most likely the page has been closed.
[2026-04-09T20:10:23.076Z] [group 2] Skipping this group and continuing...
[2026-04-09T20:10:28.084Z] ✓ [timer] Group 2 total time - took 35.35s
[2026-04-09T20:10:28.084Z] 
[group 3/19] https://www.facebook.com/groups/1616735018616241
[2026-04-09T20:10:28.084Z] ⏱️  [timer] Group 3 total time started
[2026-04-09T20:10:28.085Z] ERROR: ❌ [group 3] Error posting: Protocol error: Connection closed.
[2026-04-09T20:10:28.085Z] [group 3] Skipping this group and continuing...
[2026-04-09T20:10:33.099Z] ✓ [timer] Group 3 total time - took 5.01s
[2026-04-09T20:10:33.099Z] 
[group 4/19] https://www.facebook.com/groups/1207536042690077
[2026-04-09T20:10:33.100Z] ⏱️  [timer] Group 4 total time started
[2026-04-09T20:10:33.100Z] ERROR: ❌ [group 4] Error posting: Protocol error: Connection closed.
[2026-04-09T20:10:33.100Z] [group 4] Skipping this group and continuing...
[2026-04-09T20:10:38.115Z] ✓ [timer] Group 4 total time - took 5.01s
[2026-04-09T20:10:38.115Z] 
[group 5/19] https://www.facebook.com/groups/daytonohioofficalgroup
[2026-04-09T20:10:38.115Z] ⏱️  [timer] Group 5 total time started
[2026-04-09T20:10:38.116Z] ERROR: ❌ [group 5] Error posting: Protocol error: Connection closed.
[2026-04-09T20:10:38.116Z] [group 5] Skipping this group and continuing...
