[2026-04-10T18:25:05.557Z] [scheduler] Loaded 12 posts from posts.json
[2026-04-10T18:25:05.558Z] 🔄 [scheduler] RESET_POSTS is enabled - starting from post 1
[2026-04-10T18:25:05.558Z] [scheduler] Found next post to post: Post #1
[2026-04-10T18:25:18.857Z] [captcha] Checking for CAPTCHA…
[2026-04-10T18:25:19.384Z] [session] Attempting auto-login...
[2026-04-10T18:25:21.415Z] [login] ====== AUTO-LOGIN ATTEMPT ======
[2026-04-10T18:25:21.421Z] [login] ====== STEP 1: Looking for Email Field ======
[2026-04-10T18:25:21.495Z] [login] Email field not immediately visible
[2026-04-10T18:25:21.498Z] [login] ====== STEP 2: Looking for Continue Button ======
[2026-04-10T18:25:22.097Z] [login] ====== STEP 3: Looking for Password Field ======
[2026-04-10T18:25:24.126Z] [login] No password field found - already logged in or unexpected state
[2026-04-10T18:25:24.128Z] [login] ====== AUTO-LOGIN COMPLETE ======
[2026-04-10T18:25:35.331Z] [session] Cookies saved to session.json
[2026-04-10T18:25:35.331Z] [multi-group] Posting to 19 group(s).
[2026-04-10T18:25:35.413Z] 
======================================================================
[2026-04-10T18:25:35.413Z] 📝 POST #1 START TIME: 11:25:35 PM
[2026-04-10T18:25:35.416Z] ======================================================================
[2026-04-10T18:25:35.427Z] 
[group 1/19] https://www.facebook.com/groups/225542072815842
[2026-04-10T18:25:35.445Z] ⏱️  [timer] Group 1 total time started
[2026-04-10T18:25:35.834Z] [group 1] Opening in new tab...
[2026-04-10T18:25:35.835Z] ⏱️  [timer] Group 1 navigation started
[2026-04-10T18:25:45.874Z] ✓ [timer] Group 1 navigation - took 10.04s
[2026-04-10T18:25:47.887Z] [login] ====== AUTO-LOGIN ATTEMPT ======
[2026-04-10T18:25:47.887Z] [login] ====== STEP 1: Looking for Email Field ======
[2026-04-10T18:25:47.919Z] [login] Email field not immediately visible
[2026-04-10T18:25:47.920Z] [login] ====== STEP 2: Looking for Continue Button ======
[2026-04-10T18:25:49.532Z] [login] ====== STEP 3: Looking for Password Field ======
[2026-04-10T18:25:51.546Z] [login] No password field found - already logged in or unexpected state
[2026-04-10T18:25:51.547Z] [login] ====== AUTO-LOGIN COMPLETE ======
[2026-04-10T18:25:51.550Z] ⏱️  [timer] Group 1 captcha started
[2026-04-10T18:25:51.550Z] [captcha] Checking for CAPTCHA…
[2026-04-10T18:25:52.057Z] ✓ [timer] Group 1 captcha - took 0.51s
[2026-04-10T18:25:52.059Z] [group 1] Opening composer...
[2026-04-10T18:25:52.060Z] ⏱️  [timer] Group 1 composer open started
[2026-04-10T18:26:01.732Z] ✓ [timer] Group 1 composer open - took 9.67s
[2026-04-10T18:26:04.674Z] [group 1] 🖼️  Selecting image from dir: C:\Users\hp\Downloads\Micheal FB bot\Micheal FB bot\images
[2026-04-10T18:26:04.677Z] [group 1] 📤 Selected image file: C:\Users\hp\Downloads\Micheal FB bot\Micheal FB bot\images\BPC_01_Red_Bold.jpg
[2026-04-10T18:26:04.678Z] [group 1] 📄 File exists: true
[2026-04-10T18:26:04.678Z] ⏱️  [timer] Group 1 image upload started
[2026-04-10T18:26:04.684Z] [group 1] 📁 File input found
[2026-04-10T18:26:04.684Z] [group 1] 📄 Uploading: C:\Users\hp\Downloads\Micheal FB bot\Micheal FB bot\images\BPC_01_Red_Bold.jpg
[2026-04-10T18:26:04.729Z] [group 1] ✅ uploadFile() completed
[2026-04-10T18:26:04.767Z] [group 1] File dispatch result: {"hasFile":false}
[2026-04-10T18:26:04.769Z] [group 1] ⏳ Waiting for image in composer...
[2026-04-10T18:26:04.812Z] [group 1] ✅ Image attachment detected in composer!
[2026-04-10T18:26:04.812Z] [group 1] ⏳ Waiting 3s before typing...
[2026-04-10T18:26:07.821Z] ✓ [timer] Group 1 image upload - took 3.14s
[2026-04-10T18:26:07.821Z] [group 1] Taking a brief pause before typing...
[2026-04-10T18:26:09.837Z] [group 1] Typing message...
[2026-04-10T18:26:09.837Z] ⏱️  [timer] Group 1 typing started
[2026-04-10T18:26:09.843Z] [compose] Strategy 1 — keyboard typing…
