[2026-04-09T20:58:29.529Z] [scheduler] Loaded 12 posts from posts.json
[2026-04-09T20:58:29.534Z] 🔄 [scheduler] RESET_POSTS is enabled - starting from post 1
[2026-04-09T20:58:29.540Z] [scheduler] Found next post to post: Post #1
[2026-04-09T20:58:41.313Z] [captcha] Checking for CAPTCHA…
[2026-04-09T20:58:41.849Z] [session] Attempting auto-login...
[2026-04-09T20:58:43.865Z] [login] ====== AUTO-LOGIN ATTEMPT ======
[2026-04-09T20:58:43.867Z] [login] Looking for Continue button...
[2026-04-09T20:58:43.946Z] [login] Trying alternative selectors...
[2026-04-09T20:58:43.960Z] [login] XPath method failed: page.$x is not a function
[2026-04-09T20:58:43.961Z] [login] Trying Tab + Enter method...
[2026-04-09T20:58:44.041Z] [login] ====== Looking for Login Form ======
[2026-04-09T20:58:45.091Z] [login] No password field found - already logged in
[2026-04-09T20:58:45.092Z] [login] ====== AUTO-LOGIN COMPLETE ======
[2026-04-09T20:59:00.205Z] [session] Cookies saved to session.json
[2026-04-09T20:59:00.215Z] [multi-group] Posting to 19 group(s).
[2026-04-09T20:59:00.303Z] 
======================================================================
[2026-04-09T20:59:00.304Z] 📝 POST #1 START TIME: 1:59:00 AM
[2026-04-09T20:59:00.304Z] ======================================================================
[2026-04-09T20:59:00.304Z] 
[group 1/19] https://www.facebook.com/groups/225542072815842
[2026-04-09T20:59:00.304Z] ⏱️  [timer] Group 1 total time started
[2026-04-09T20:59:00.750Z] [group 1] Opening in new tab...
[2026-04-09T20:59:00.751Z] ⏱️  [timer] Group 1 navigation started
[2026-04-09T20:59:08.598Z] ✓ [timer] Group 1 navigation - took 7.85s
[2026-04-09T20:59:10.615Z] [login] ====== AUTO-LOGIN ATTEMPT ======
[2026-04-09T20:59:10.615Z] [login] Looking for Continue button...
[2026-04-09T20:59:10.619Z] [login] Trying alternative selectors...
[2026-04-09T20:59:10.620Z] [login] XPath method failed: page.$x is not a function
[2026-04-09T20:59:10.620Z] [login] Trying Tab + Enter method...
[2026-04-09T20:59:10.623Z] [login] ====== Looking for Login Form ======
[2026-04-09T20:59:11.646Z] [login] No password field found - already logged in
[2026-04-09T20:59:11.647Z] [login] ====== AUTO-LOGIN COMPLETE ======
[2026-04-09T20:59:11.648Z] ⏱️  [timer] Group 1 captcha started
[2026-04-09T20:59:11.648Z] [captcha] Checking for CAPTCHA…
[2026-04-09T20:59:12.163Z] ✓ [timer] Group 1 captcha - took 0.52s
[2026-04-09T20:59:12.165Z] [group 1] Opening composer...
[2026-04-09T20:59:12.165Z] ⏱️  [timer] Group 1 composer open started
[2026-04-09T20:59:20.102Z] ✓ [timer] Group 1 composer open - took 7.94s
[2026-04-09T20:59:24.060Z] [group 1] Typing message...
[2026-04-09T20:59:24.060Z] ⏱️  [timer] Group 1 typing started
[2026-04-09T20:59:24.066Z] [compose] Strategy 1 — keyboard typing…
[2026-04-09T21:00:43.339Z] [compose] Keyboard typing succeeded.
[2026-04-09T21:00:43.339Z] ✓ [timer] Group 1 typing - took 79.28s
[2026-04-09T21:00:43.339Z] [group 1] 🖼️  Selecting image...
[2026-04-09T21:00:43.342Z] [group 1] 📤 Uploading image: C:\Users\hp\Downloads\Micheal FB bot\Micheal FB bot\images\BPC_01_Red_Bold.png
[2026-04-09T21:00:43.342Z] ⏱️  [timer] Group 1 image upload started
[2026-04-09T21:00:43.348Z] [group 1] 📝 Found file input, uploading directly...
[2026-04-09T21:00:43.378Z] [group 1] ✅ Image uploaded
[2026-04-09T21:00:46.385Z] ✓ [timer] Group 1 image upload - took 3.04s
[2026-04-09T21:00:51.386Z] [group 1] Submitting post...
[2026-04-09T21:00:51.386Z] ⏱️  [timer] Group 1 submit started
[2026-04-09T21:01:00.055Z] ✓ [timer] Group 1 submit - took 8.67s
[2026-04-09T21:01:00.055Z] [group 1] ✅ Post submitted successfully!
[2026-04-09T21:01:05.058Z] [group 1] Waiting 30 seconds before next group...
