[2026-04-10T21:21:52.713Z] [scheduler] Loaded 12 posts from posts.json
[2026-04-10T21:21:52.714Z] 🔄 [scheduler] RESET_POSTS is enabled - starting from post 1
[2026-04-10T21:21:52.714Z] [scheduler] Found next post: Post #1
[2026-04-10T21:22:10.475Z] [captcha] Checking for CAPTCHA…
[2026-04-10T21:22:11.110Z] [session] Attempting auto-login...
[2026-04-10T21:22:11.111Z] [login] ====== AUTO-LOGIN ATTEMPT ======
[2026-04-10T21:22:11.125Z] [login] Already logged in.
[2026-04-10T21:22:20.777Z] [session] Cookies saved to session.json
[2026-04-10T21:22:20.780Z] [multi-group] Posting to 19 group(s).
[2026-04-10T21:22:20.782Z] 
======================================================================
[2026-04-10T21:22:21.004Z] 📝 POST #1 START TIME: 2:22:20 AM
[2026-04-10T21:22:21.005Z] ======================================================================
[2026-04-10T21:22:21.006Z] 
[group 1/19] https://www.facebook.com/groups/225542072815842
[2026-04-10T21:22:21.008Z] ⏱️  [timer] Group 1 total time started
[2026-04-10T21:22:21.346Z] [group 1] Opening in new tab...
[2026-04-10T21:22:21.346Z] ⏱️  [timer] Group 1 navigation started
[2026-04-10T21:22:30.180Z] ✓ [timer] Group 1 navigation - took 8.83s
[2026-04-10T21:22:30.180Z] [login] ====== AUTO-LOGIN ATTEMPT ======
[2026-04-10T21:22:30.182Z] [login] Already logged in.
[2026-04-10T21:22:30.186Z] ⏱️  [timer] Group 1 captcha started
[2026-04-10T21:22:30.186Z] [captcha] Checking for CAPTCHA…
[2026-04-10T21:22:30.694Z] ✓ [timer] Group 1 captcha - took 0.51s
[2026-04-10T21:22:30.696Z] [group 1] Opening composer...
[2026-04-10T21:22:30.696Z] ⏱️  [timer] Group 1 composer open started
[2026-04-10T21:22:31.983Z] ✓ [timer] Group 1 composer open - took 1.29s
[2026-04-10T21:22:34.910Z] [images] Resolved image dir: C:\Users\hp\Downloads\Micheal FB bot\Micheal FB bot\images
[2026-04-10T21:22:34.912Z] [images] Found 8 image(s): ["C:\\Users\\hp\\Downloads\\Micheal FB bot\\Micheal FB bot\\images\\BPC_01_Red_Bold.jpg","C:\\Users\\hp\\Downloads\\Micheal FB bot\\Micheal FB bot\\images\\BPC_02_Navy_Gold.jpg","C:\\Users\\hp\\Downloads\\Micheal FB bot\\Micheal FB bot\\images\\BPC_03_Teal_Modern.jpg","C:\\Users\\hp\\Downloads\\Micheal FB bot\\Micheal FB bot\\images\\BPC_04_Black_Yellow.jpg","C:\\Users\\hp\\Downloads\\Micheal FB bot\\Micheal FB bot\\images\\BPC_05_Warm_Earthy.jpg","C:\\Users\\hp\\Downloads\\Micheal FB bot\\Micheal FB bot\\images\\BPC_06_Sage_Section8.jpg","C:\\Users\\hp\\Downloads\\Micheal FB bot\\Micheal FB bot\\images\\BPC_07_Orange_Dark.jpg","C:\\Users\\hp\\Downloads\\Micheal FB bot\\Micheal FB bot\\images\\BPC_08_Steel_Blue.jpg"]
[2026-04-10T21:22:34.913Z] [images] postId=1 → index=0 → C:\Users\hp\Downloads\Micheal FB bot\Micheal FB bot\images\BPC_01_Red_Bold.jpg
[2026-04-10T21:22:34.913Z] ⏱️  [timer] Group 1 image upload started
[2026-04-10T21:22:34.914Z] [group 1] 🖼️  Starting image upload: C:\Users\hp\Downloads\Micheal FB bot\Micheal FB bot\images\BPC_01_Red_Bold.jpg
[2026-04-10T21:22:34.944Z] [group 1] File inputs before photo click: 6
[2026-04-10T21:22:35.077Z] [group 1] ✅ File chooser accepted via selector: [role="dialog"] [role="button"][aria-label*="photo" i]
[2026-04-10T21:22:37.636Z] [group 1] ✅ Image preview confirmed in composer
[2026-04-10T21:22:37.637Z] ✓ [timer] Group 1 image upload - took 2.72s
[2026-04-10T21:22:39.652Z] [group 1] Brief pause before typing...
[2026-04-10T21:22:41.662Z] [group 1] Typing message...
[2026-04-10T21:22:41.662Z] ⏱️  [timer] Group 1 typing started
[2026-04-10T21:22:41.669Z] [compose] Strategy 1 — keyboard typing…
[2026-04-10T21:24:03.207Z] [compose] Keyboard typing succeeded.
[2026-04-10T21:24:03.207Z] ✓ [timer] Group 1 typing - took 81.55s
[2026-04-10T21:24:08.221Z] [group 1] Submitting post...
[2026-04-10T21:24:08.222Z] ⏱️  [timer] Group 1 submit started
[2026-04-10T21:24:23.837Z] ✓ [timer] Group 1 submit - took 15.62s
[2026-04-10T21:24:23.838Z] [group 1] ✅ Post submitted!
[2026-04-10T21:24:28.837Z] [group 1] Waiting 30s before next group...
[2026-04-10T21:24:58.890Z] [group 1] Tab closed.
[2026-04-10T21:24:58.892Z] ✓ [timer] Group 1 total time - took 157.88s
[2026-04-10T21:24:58.893Z] 
[group 2/19] https://www.facebook.com/groups/321100208080255
[2026-04-10T21:24:58.893Z] ⏱️  [timer] Group 2 total time started
[2026-04-10T21:24:59.117Z] [group 2] Opening in new tab...
[2026-04-10T21:24:59.118Z] ⏱️  [timer] Group 2 navigation started
[2026-04-10T21:25:09.659Z] ✓ [timer] Group 2 navigation - took 10.54s
[2026-04-10T21:25:09.659Z] [login] ====== AUTO-LOGIN ATTEMPT ======
[2026-04-10T21:25:09.662Z] [login] Already logged in.
[2026-04-10T21:25:09.665Z] ⏱️  [timer] Group 2 captcha started
[2026-04-10T21:25:09.666Z] [captcha] Checking for CAPTCHA…
[2026-04-10T21:25:10.172Z] ✓ [timer] Group 2 captcha - took 0.51s
[2026-04-10T21:25:10.174Z] [group 2] Opening composer...
[2026-04-10T21:25:10.174Z] ⏱️  [timer] Group 2 composer open started
[2026-04-10T21:25:11.170Z] ✓ [timer] Group 2 composer open - took 1.00s
[2026-04-10T21:25:15.296Z] [images] Resolved image dir: C:\Users\hp\Downloads\Micheal FB bot\Micheal FB bot\images
[2026-04-10T21:25:15.298Z] [images] Found 8 image(s): ["C:\\Users\\hp\\Downloads\\Micheal FB bot\\Micheal FB bot\\images\\BPC_01_Red_Bold.jpg","C:\\Users\\hp\\Downloads\\Micheal FB bot\\Micheal FB bot\\images\\BPC_02_Navy_Gold.jpg","C:\\Users\\hp\\Downloads\\Micheal FB bot\\Micheal FB bot\\images\\BPC_03_Teal_Modern.jpg","C:\\Users\\hp\\Downloads\\Micheal FB bot\\Micheal FB bot\\images\\BPC_04_Black_Yellow.jpg","C:\\Users\\hp\\Downloads\\Micheal FB bot\\Micheal FB bot\\images\\BPC_05_Warm_Earthy.jpg","C:\\Users\\hp\\Downloads\\Micheal FB bot\\Micheal FB bot\\images\\BPC_06_Sage_Section8.jpg","C:\\Users\\hp\\Downloads\\Micheal FB bot\\Micheal FB bot\\images\\BPC_07_Orange_Dark.jpg","C:\\Users\\hp\\Downloads\\Micheal FB bot\\Micheal FB bot\\images\\BPC_08_Steel_Blue.jpg"]
[2026-04-10T21:25:15.298Z] [images] postId=1 → index=0 → C:\Users\hp\Downloads\Micheal FB bot\Micheal FB bot\images\BPC_01_Red_Bold.jpg
[2026-04-10T21:25:15.299Z] ⏱️  [timer] Group 2 image upload started
[2026-04-10T21:25:15.299Z] [group 2] 🖼️  Starting image upload: C:\Users\hp\Downloads\Micheal FB bot\Micheal FB bot\images\BPC_01_Red_Bold.jpg
[2026-04-10T21:25:15.322Z] [group 2] File inputs before photo click: 4
[2026-04-10T21:25:15.495Z] [group 2] ✅ File chooser accepted via selector: [role="dialog"] [role="button"][aria-label*="photo" i]
[2026-04-10T21:25:18.563Z] [group 2] ✅ Image preview confirmed in composer
[2026-04-10T21:25:18.563Z] ✓ [timer] Group 2 image upload - took 3.27s
[2026-04-10T21:25:20.565Z] [group 2] Brief pause before typing...
[2026-04-10T21:25:22.576Z] [group 2] Typing message...
[2026-04-10T21:25:22.577Z] ⏱️  [timer] Group 2 typing started
[2026-04-10T21:25:22.583Z] [compose] Strategy 1 — keyboard typing…
[2026-04-10T21:26:43.051Z] [compose] Keyboard typing succeeded.
[2026-04-10T21:26:43.051Z] ✓ [timer] Group 2 typing - took 80.47s
[2026-04-10T21:26:48.064Z] [group 2] Submitting post...
[2026-04-10T21:26:48.065Z] ⏱️  [timer] Group 2 submit started
[2026-04-10T21:27:05.172Z] ✓ [timer] Group 2 submit - took 17.11s
[2026-04-10T21:27:05.173Z] [group 2] ✅ Post submitted!
[2026-04-10T21:27:10.182Z] [group 2] Waiting 30s before next group...
[2026-04-10T21:27:40.263Z] [group 2] Tab closed.
[2026-04-10T21:27:40.268Z] ✓ [timer] Group 2 total time - took 161.37s
[2026-04-10T21:27:40.271Z] 
[group 3/19] https://www.facebook.com/groups/1616735018616241
[2026-04-10T21:27:40.287Z] ⏱️  [timer] Group 3 total time started
[2026-04-10T21:27:40.586Z] [group 3] Opening in new tab...
[2026-04-10T21:27:40.586Z] ⏱️  [timer] Group 3 navigation started
[2026-04-10T21:27:43.825Z] WARNING: [group 3] Navigation attempt 1/2 failed: Navigating frame was detached
[2026-04-10T21:27:45.829Z] WARNING: [group 3] Navigation attempt 2/2 failed: Attempted to use detached Frame '3FC5339992FE80884E58077D05F9AE72'.
[2026-04-10T21:27:45.832Z] ERROR: ❌ [group 3] Error: Attempted to use detached Frame '3FC5339992FE80884E58077D05F9AE72'.
[2026-04-10T21:27:45.832Z] [group 3] Skipping and continuing...
[2026-04-10T21:27:45.832Z] [group 3] Waiting 15s to recover...
