[2026-04-10T18:53:05.224Z] [scheduler] Loaded 12 posts from posts.json
[2026-04-10T18:53:05.225Z] 🔄 [scheduler] RESET_POSTS is enabled - starting from post 1
[2026-04-10T18:53:05.225Z] [scheduler] Found next post to post: Post #1
[2026-04-10T18:53:22.878Z] [captcha] Checking for CAPTCHA…
[2026-04-10T18:53:23.454Z] [session] Attempting auto-login...
[2026-04-10T18:53:25.491Z] [login] ====== AUTO-LOGIN ATTEMPT ======
[2026-04-10T18:53:25.508Z] [login] ====== STEP 1: Looking for Email Field ======
[2026-04-10T18:53:25.812Z] [login] Email field not immediately visible
[2026-04-10T18:53:25.814Z] [login] ====== STEP 2: Looking for Continue Button ======
[2026-04-10T18:53:26.252Z] [login] ====== STEP 3: Looking for Password Field ======
[2026-04-10T18:53:28.271Z] [login] No password field found - already logged in or unexpected state
[2026-04-10T18:53:28.271Z] [login] ====== AUTO-LOGIN COMPLETE ======
[2026-04-10T18:53:37.521Z] [session] Cookies saved to session.json
[2026-04-10T18:53:37.523Z] [multi-group] Posting to 19 group(s).
[2026-04-10T18:53:37.621Z] 
======================================================================
[2026-04-10T18:53:37.621Z] 📝 POST #1 START TIME: 11:53:37 PM
[2026-04-10T18:53:37.622Z] ======================================================================
[2026-04-10T18:53:37.622Z] 
[group 1/19] https://www.facebook.com/groups/225542072815842
[2026-04-10T18:53:37.623Z] ⏱️  [timer] Group 1 total time started
[2026-04-10T18:53:38.035Z] [group 1] Opening in new tab...
[2026-04-10T18:53:38.036Z] ⏱️  [timer] Group 1 navigation started
[2026-04-10T18:53:38.632Z] ERROR: ❌ [group 1] Error posting: net::ERR_ABORTED at https://www.facebook.com/groups/225542072815842
[2026-04-10T18:53:38.638Z] [group 1] Skipping this group and continuing...
[2026-04-10T18:53:43.681Z] [group 1] Tab closed.
[2026-04-10T18:53:43.682Z] ✓ [timer] Group 1 total time - took 6.06s
[2026-04-10T18:53:43.683Z] 
[group 2/19] https://www.facebook.com/groups/321100208080255
[2026-04-10T18:53:43.683Z] ⏱️  [timer] Group 2 total time started
[2026-04-10T18:53:44.055Z] [group 2] Opening in new tab...
[2026-04-10T18:53:44.058Z] ⏱️  [timer] Group 2 navigation started
[2026-04-10T18:53:52.465Z] ✓ [timer] Group 2 navigation - took 8.41s
[2026-04-10T18:53:54.480Z] [login] ====== AUTO-LOGIN ATTEMPT ======
[2026-04-10T18:53:54.480Z] [login] ====== STEP 1: Looking for Email Field ======
[2026-04-10T18:53:54.512Z] [login] Email field not immediately visible
[2026-04-10T18:53:54.512Z] [login] ====== STEP 2: Looking for Continue Button ======
[2026-04-10T18:53:55.026Z] [login] ====== STEP 3: Looking for Password Field ======
[2026-04-10T18:53:57.036Z] [login] No password field found - already logged in or unexpected state
[2026-04-10T18:53:57.036Z] [login] ====== AUTO-LOGIN COMPLETE ======
[2026-04-10T18:53:57.038Z] ⏱️  [timer] Group 2 captcha started
[2026-04-10T18:53:57.039Z] [captcha] Checking for CAPTCHA…
[2026-04-10T18:53:57.552Z] ✓ [timer] Group 2 captcha - took 0.51s
[2026-04-10T18:53:57.555Z] [group 2] Opening composer...
[2026-04-10T18:53:57.555Z] ⏱️  [timer] Group 2 composer open started
[2026-04-10T18:54:11.125Z] ✓ [timer] Group 2 composer open - took 13.57s
[2026-04-10T18:54:16.212Z] [images] Resolved image dir: C:\Users\hp\Downloads\Micheal FB bot\Micheal FB bot\images
[2026-04-10T18:54:16.215Z] [images] Found 8 image(s): ["C:\\Users\\hp\\Downloads\\Micheal FB bot\\Micheal FB bot\\images\\BPC_01_Red_Bold.jpg","C:\\Users\\hp\\Downloads\\Micheal FB bot\\Micheal FB bot\\images\\BPC_02_Navy_Gold.jpg","C:\\Users\\hp\\Downloads\\Micheal FB bot\\Micheal FB bot\\images\\BPC_03_Teal_Modern.jpg","C:\\Users\\hp\\Downloads\\Micheal FB bot\\Micheal FB bot\\images\\BPC_04_Black_Yellow.jpg","C:\\Users\\hp\\Downloads\\Micheal FB bot\\Micheal FB bot\\images\\BPC_05_Warm_Earthy.jpg","C:\\Users\\hp\\Downloads\\Micheal FB bot\\Micheal FB bot\\images\\BPC_06_Sage_Section8.jpg","C:\\Users\\hp\\Downloads\\Micheal FB bot\\Micheal FB bot\\images\\BPC_07_Orange_Dark.jpg","C:\\Users\\hp\\Downloads\\Micheal FB bot\\Micheal FB bot\\images\\BPC_08_Steel_Blue.jpg"]
[2026-04-10T18:54:16.215Z] [images] postId=1 → index=0 → C:\Users\hp\Downloads\Micheal FB bot\Micheal FB bot\images\BPC_01_Red_Bold.jpg
[2026-04-10T18:54:16.215Z] ⏱️  [timer] Group 2 image upload started
[2026-04-10T18:54:16.216Z] [group 2] 🖼️  Starting image upload: C:\Users\hp\Downloads\Micheal FB bot\Micheal FB bot\images\BPC_01_Red_Bold.jpg
[2026-04-10T18:54:16.240Z] [group 2] Found 3 file input(s)
[2026-04-10T18:54:16.240Z] [group 2] 🔄 Trying file input #1...
[2026-04-10T18:54:16.271Z] [group 2] ✅ uploadFile() succeeded on input #1
[2026-04-10T18:54:28.612Z] [group 2] ⚠️  Preview selector missed, but upload was called — proceeding optimistically
[2026-04-10T18:54:29.878Z] ✓ [timer] Group 2 image upload - took 13.66s
[2026-04-10T18:54:31.890Z] [group 2] Brief pause before typing...
[2026-04-10T18:54:33.407Z] [group 2] Typing message...
[2026-04-10T18:54:33.408Z] ⏱️  [timer] Group 2 typing started
[2026-04-10T18:54:33.415Z] [compose] Strategy 1 — keyboard typing…
[2026-04-10T18:54:47.824Z] ERROR: ❌ [group 2] Error posting: Protocol error (Input.dispatchKeyEvent): Target closed
[2026-04-10T18:54:47.825Z] [group 2] Skipping this group and continuing...
[2026-04-10T18:54:52.825Z] ✓ [timer] Group 2 total time - took 69.14s
[2026-04-10T18:54:52.825Z] 
[group 3/19] https://www.facebook.com/groups/1616735018616241
[2026-04-10T18:54:52.826Z] ⏱️  [timer] Group 3 total time started
[2026-04-10T18:54:52.827Z] ERROR: ❌ [group 3] Error posting: Protocol error: Connection closed.
[2026-04-10T18:54:52.827Z] [group 3] Skipping this group and continuing...
